{"contracts/dependencies/aave-upgradeability/BaseImmutableAdminUpgradeabilityProxy.sol":{"l":{"19":0,"23":0,"24":0,"26":0,"34":0,"41":0,"50":0,"67":0,"68":0,"69":0,"70":0,"79":0,"83":0},"path":"/Users/kevinyao/Documents/Code/vmex/packages/contracts/contracts/dependencies/aave-upgradeability/BaseImmutableAdminUpgradeabilityProxy.sol","s":{"1":0,"2":0,"3":0,"4":0,"5":0,"6":0,"7":0,"8":0,"9":0,"10":0,"11":0},"b":{"1":[0,0],"2":[0,0],"3":[0,0],"4":[0,0],"5":[0,0],"6":[0,0],"7":[0,0],"8":[0,0]},"f":{"1":0,"2":0,"3":0,"4":0,"5":0,"6":0,"7":0},"fnMap":{"1":{"name":"constructor","line":18,"loc":{"start":{"line":18,"column":4},"end":{"line":20,"column":4}}},"2":{"name":"ifAdmin","line":22,"loc":{"start":{"line":22,"column":4},"end":{"line":28,"column":4}}},"3":{"name":"admin","line":33,"loc":{"start":{"line":33,"column":4},"end":{"line":35,"column":4}}},"4":{"name":"implementation","line":40,"loc":{"start":{"line":40,"column":4},"end":{"line":42,"column":4}}},"5":{"name":"upgradeTo","line":49,"loc":{"start":{"line":49,"column":4},"end":{"line":51,"column":4}}},"6":{"name":"upgradeToAndCall","line":65,"loc":{"start":{"line":62,"column":4},"end":{"line":73,"column":4}}},"7":{"name":"_willFallback","line":78,"loc":{"start":{"line":78,"column":4},"end":{"line":84,"column":4}}}},"statementMap":{"1":{"start":{"line":23,"column":8},"end":{"line":23,"column":874}},"2":{"start":{"line":26,"column":12},"end":{"line":26,"column":22}},"3":{"start":{"line":34,"column":8},"end":{"line":34,"column":20}},"4":{"start":{"line":41,"column":8},"end":{"line":41,"column":32}},"5":{"start":{"line":50,"column":8},"end":{"line":50,"column":36}},"6":{"start":{"line":67,"column":8},"end":{"line":67,"column":36}},"7":{"start":{"line":68,"column":8},"end":{"line":68,"column":2315}},"8":{"start":{"line":69,"column":12},"end":{"line":69,"column":67}},"9":{"start":{"line":70,"column":12},"end":{"line":70,"column":54}},"10":{"start":{"line":79,"column":8},"end":{"line":79,"column":2632}},"11":{"start":{"line":83,"column":8},"end":{"line":83,"column":28}}},"branchMap":{"1":{"line":23,"type":"if","locations":[{"start":{"line":23,"column":8},"end":{"line":23,"column":8}},{"start":{"line":23,"column":8},"end":{"line":23,"column":8}}]},"2":{"line":33,"type":"if","locations":[{"start":{"line":33,"column":30},"end":{"line":33,"column":30}},{"start":{"line":33,"column":30},"end":{"line":33,"column":30}}]},"3":{"line":40,"type":"if","locations":[{"start":{"line":40,"column":39},"end":{"line":40,"column":39}},{"start":{"line":40,"column":39},"end":{"line":40,"column":39}}]},"4":{"line":49,"type":"if","locations":[{"start":{"line":49,"column":59},"end":{"line":49,"column":59}},{"start":{"line":49,"column":59},"end":{"line":49,"column":59}}]},"5":{"line":65,"type":"if","locations":[{"start":{"line":65,"column":8},"end":{"line":65,"column":8}},{"start":{"line":65,"column":8},"end":{"line":65,"column":8}}]},"6":{"line":68,"type":"if","locations":[{"start":{"line":68,"column":8},"end":{"line":68,"column":8}},{"start":{"line":68,"column":8},"end":{"line":68,"column":8}}]},"7":{"line":70,"type":"if","locations":[{"start":{"line":70,"column":12},"end":{"line":70,"column":12}},{"start":{"line":70,"column":12},"end":{"line":70,"column":12}}]},"8":{"line":79,"type":"if","locations":[{"start":{"line":79,"column":8},"end":{"line":79,"column":8}},{"start":{"line":79,"column":8},"end":{"line":79,"column":8}}]}}},"contracts/dependencies/aave-upgradeability/InitializableImmutableAdminUpgradeabilityProxy.sol":{"l":{"26":0},"path":"/Users/kevinyao/Documents/Code/vmex/packages/contracts/contracts/dependencies/aave-upgradeability/InitializableImmutableAdminUpgradeabilityProxy.sol","s":{"1":0},"b":{},"f":{"1":0,"2":0},"fnMap":{"1":{"name":"constructor","line":16,"loc":{"start":{"line":15,"column":4},"end":{"line":17,"column":5}}},"2":{"name":"_willFallback","line":22,"loc":{"start":{"line":22,"column":4},"end":{"line":27,"column":4}}}},"statementMap":{"1":{"start":{"line":26,"column":8},"end":{"line":26,"column":60}}},"branchMap":{}},"contracts/dependencies/aave-upgradeability/VersionedInitializable.sol":{"l":{"33":0,"34":0,"41":0,"42":0,"43":0,"44":0,"47":0,"49":0,"50":0,"69":0,"71":0,"74":0},"path":"/Users/kevinyao/Documents/Code/vmex/packages/contracts/contracts/dependencies/aave-upgradeability/VersionedInitializable.sol","s":{"1":0,"2":0,"3":0,"4":0,"5":0,"6":0,"7":0},"b":{"1":[0,0],"2":[0,0],"3":[0,0],"4":[0,0],"5":[0,0]},"f":{"1":0,"2":0},"fnMap":{"1":{"name":"initializer","line":32,"loc":{"start":{"line":32,"column":4},"end":{"line":52,"column":4}}},"2":{"name":"isConstructor","line":63,"loc":{"start":{"line":63,"column":4},"end":{"line":75,"column":4}}}},"statementMap":{"1":{"start":{"line":33,"column":8},"end":{"line":33,"column":40}},"2":{"start":{"line":34,"column":8},"end":{"line":34,"column":1241}},"3":{"start":{"line":41,"column":8},"end":{"line":41,"column":43}},"4":{"start":{"line":42,"column":8},"end":{"line":42,"column":1491}},"5":{"start":{"line":49,"column":8},"end":{"line":49,"column":1625}},"6":{"start":{"line":69,"column":8},"end":{"line":69,"column":18}},"7":{"start":{"line":74,"column":8},"end":{"line":74,"column":22}}},"branchMap":{"1":{"line":34,"type":"if","locations":[{"start":{"line":34,"column":8},"end":{"line":34,"column":8}},{"start":{"line":34,"column":8},"end":{"line":34,"column":8}}]},"2":{"line":35,"type":"cond-expr","locations":[{"start":{"line":35,"column":12},"end":{"line":35,"column":23}},{"start":{"line":36,"column":16},"end":{"line":36,"column":30}}]},"3":{"line":35,"type":"cond-expr","locations":[{"start":{"line":35,"column":12},"end":{"line":36,"column":30}},{"start":{"line":37,"column":16},"end":{"line":37,"column":49}}]},"4":{"line":42,"type":"if","locations":[{"start":{"line":42,"column":8},"end":{"line":42,"column":8}},{"start":{"line":42,"column":8},"end":{"line":42,"column":8}}]},"5":{"line":49,"type":"if","locations":[{"start":{"line":49,"column":8},"end":{"line":49,"column":8}},{"start":{"line":49,"column":8},"end":{"line":49,"column":8}}]}}},"contracts/dependencies/balancer/BalancerErrors.sol":{"l":{"20":0,"31":0,"38":0,"44":0,"55":0},"path":"/Users/kevinyao/Documents/Code/vmex/packages/contracts/contracts/dependencies/balancer/BalancerErrors.sol","s":{"1":0,"2":0,"3":0,"4":0,"5":0,"6":0},"b":{"1":[0,0],"2":[0,0]},"f":{"1":0,"2":0,"3":0,"4":0},"fnMap":{"1":{"name":"_require","line":19,"loc":{"start":{"line":19,"column":0},"end":{"line":21,"column":0}}},"2":{"name":"_require","line":26,"loc":{"start":{"line":26,"column":0},"end":{"line":32,"column":0}}},"3":{"name":"_revert","line":37,"loc":{"start":{"line":37,"column":0},"end":{"line":39,"column":0}}},"4":{"name":"_revert","line":43,"loc":{"start":{"line":43,"column":0},"end":{"line":89,"column":0}}}},"statementMap":{"1":{"start":{"line":20,"column":4},"end":{"line":20,"column":38}},"2":{"start":{"line":20,"column":20},"end":{"line":20,"column":37}},"3":{"start":{"line":31,"column":4},"end":{"line":31,"column":46}},"4":{"start":{"line":31,"column":20},"end":{"line":31,"column":45}},"5":{"start":{"line":38,"column":4},"end":{"line":38,"column":31}},"6":{"start":{"line":44,"column":4},"end":{"line":44,"column":48}}},"branchMap":{"1":{"line":20,"type":"if","locations":[{"start":{"line":20,"column":4},"end":{"line":20,"column":4}},{"start":{"line":20,"column":4},"end":{"line":20,"column":4}}]},"2":{"line":31,"type":"if","locations":[{"start":{"line":31,"column":4},"end":{"line":31,"column":4}},{"start":{"line":31,"column":4},"end":{"line":31,"column":4}}]}}},"contracts/dependencies/balancer/LogExpMath.sol":{"l":{"94":0,"96":0,"99":0,"100":0,"108":0,"109":0,"115":0,"116":0,"118":0,"119":0,"120":0,"126":0,"128":0,"130":0,"133":0,"138":0,"147":0,"149":0,"153":0,"173":0,"174":0,"175":0,"176":0,"178":0,"179":0,"181":0,"186":0,"190":0,"192":0,"193":0,"194":0,"196":0,"197":0,"198":0,"200":0,"201":0,"202":0,"204":0,"205":0,"206":0,"208":0,"209":0,"210":0,"212":0,"213":0,"214":0,"216":0,"217":0,"218":0,"220":0,"221":0,"222":0,"230":0,"231":0,"234":0,"235":0,"240":0,"241":0,"243":0,"244":0,"246":0,"247":0,"249":0,"250":0,"252":0,"253":0,"255":0,"256":0,"258":0,"259":0,"261":0,"262":0,"264":0,"265":0,"267":0,"268":0,"270":0,"271":0,"280":0,"292":0,"293":0,"294":0,"296":0,"299":0,"300":0,"301":0,"303":0,"307":0,"315":0,"316":0,"317":0,"319":0,"327":0,"331":0,"349":0,"350":0,"351":0,"352":0,"355":0,"356":0,"357":0,"361":0,"362":0,"366":0,"367":0,"368":0,"371":0,"372":0,"373":0,"376":0,"377":0,"378":0,"381":0,"382":0,"383":0,"386":0,"387":0,"388":0,"391":0,"392":0,"393":0,"396":0,"397":0,"398":0,"401":0,"402":0,"403":0,"406":0,"407":0,"408":0,"411":0,"412":0,"413":0,"423":0,"424":0,"427":0,"430":0,"433":0,"434":0,"436":0,"437":0,"439":0,"440":0,"442":0,"443":0,"445":0,"446":0,"451":0,"457":0,"471":0,"478":0,"479":0,"482":0,"485":0,"488":0,"489":0,"491":0,"492":0,"494":0,"495":0,"497":0,"498":0,"500":0,"501":0,"503":0,"504":0,"506":0,"507":0,"512":0},"path":"/Users/kevinyao/Documents/Code/vmex/packages/contracts/contracts/dependencies/balancer/LogExpMath.sol","s":{"1":0,"2":0,"3":0,"4":0,"5":0,"6":0,"7":0,"8":0,"9":0,"10":0,"11":0,"12":0,"13":0,"14":0,"15":0,"16":0,"17":0,"18":0,"19":0,"20":0,"21":0,"22":0,"23":0,"24":0,"25":0,"26":0,"27":0,"28":0,"29":0,"30":0,"31":0,"32":0,"33":0,"34":0,"35":0,"36":0,"37":0,"38":0,"39":0,"40":0,"41":0,"42":0,"43":0,"44":0,"45":0,"46":0,"47":0,"48":0,"49":0,"50":0,"51":0,"52":0,"53":0,"54":0,"55":0,"56":0,"57":0,"58":0,"59":0,"60":0,"61":0,"62":0,"63":0,"64":0,"65":0},"b":{"1":[0,0],"2":[0,0],"3":[0,0],"4":[0,0],"5":[0,0],"6":[0,0],"7":[0,0],"8":[0,0],"9":[0,0],"10":[0,0],"11":[0,0],"12":[0,0],"13":[0,0],"14":[0,0],"15":[0,0],"16":[0,0],"17":[0,0],"18":[0,0],"19":[0,0],"20":[0,0],"21":[0,0],"22":[0,0],"23":[0,0],"24":[0,0],"25":[0,0],"26":[0,0],"27":[0,0],"28":[0,0],"29":[0,0],"30":[0,0]},"f":{"1":0,"2":0,"3":0,"4":0,"5":0,"6":0},"fnMap":{"1":{"name":"pow","line":93,"loc":{"start":{"line":93,"column":4},"end":{"line":139,"column":4}}},"2":{"name":"exp","line":146,"loc":{"start":{"line":146,"column":4},"end":{"line":281,"column":4}}},"3":{"name":"log","line":286,"loc":{"start":{"line":286,"column":4},"end":{"line":308,"column":4}}},"4":{"name":"ln","line":313,"loc":{"start":{"line":313,"column":4},"end":{"line":321,"column":4}}},"5":{"name":"_ln","line":326,"loc":{"start":{"line":326,"column":4},"end":{"line":458,"column":4}}},"6":{"name":"_ln_36","line":466,"loc":{"start":{"line":466,"column":4},"end":{"line":513,"column":4}}}},"statementMap":{"1":{"start":{"line":94,"column":8},"end":{"line":94,"column":4910}},"2":{"start":{"line":96,"column":12},"end":{"line":96,"column":34}},"3":{"start":{"line":99,"column":8},"end":{"line":99,"column":5051}},"4":{"start":{"line":100,"column":12},"end":{"line":100,"column":20}},"5":{"start":{"line":108,"column":8},"end":{"line":108,"column":54}},"6":{"start":{"line":109,"column":8},"end":{"line":109,"column":35}},"7":{"start":{"line":115,"column":8},"end":{"line":115,"column":64}},"8":{"start":{"line":116,"column":8},"end":{"line":116,"column":35}},"9":{"start":{"line":118,"column":8},"end":{"line":118,"column":27}},"10":{"start":{"line":119,"column":8},"end":{"line":119,"column":6038}},"11":{"start":{"line":120,"column":12},"end":{"line":120,"column":45}},"12":{"start":{"line":133,"column":8},"end":{"line":133,"column":6827}},"13":{"start":{"line":138,"column":8},"end":{"line":138,"column":41}},"14":{"start":{"line":147,"column":8},"end":{"line":147,"column":96}},"15":{"start":{"line":149,"column":8},"end":{"line":149,"column":7406}},"16":{"start":{"line":153,"column":12},"end":{"line":153,"column":48}},"17":{"start":{"line":173,"column":8},"end":{"line":173,"column":22}},"18":{"start":{"line":174,"column":8},"end":{"line":174,"column":9084}},"19":{"start":{"line":177,"column":15},"end":{"line":177,"column":9161}},"20":{"start":{"line":190,"column":8},"end":{"line":190,"column":31}},"21":{"start":{"line":192,"column":8},"end":{"line":192,"column":9709}},"22":{"start":{"line":196,"column":8},"end":{"line":196,"column":9810}},"23":{"start":{"line":200,"column":8},"end":{"line":200,"column":9911}},"24":{"start":{"line":204,"column":8},"end":{"line":204,"column":10012}},"25":{"start":{"line":208,"column":8},"end":{"line":208,"column":10113}},"26":{"start":{"line":212,"column":8},"end":{"line":212,"column":10214}},"27":{"start":{"line":216,"column":8},"end":{"line":216,"column":10315}},"28":{"start":{"line":220,"column":8},"end":{"line":220,"column":10416}},"29":{"start":{"line":230,"column":8},"end":{"line":230,"column":33}},"30":{"start":{"line":231,"column":8},"end":{"line":231,"column":19}},"31":{"start":{"line":280,"column":8},"end":{"line":280,"column":65}},"32":{"start":{"line":292,"column":8},"end":{"line":292,"column":22}},"33":{"start":{"line":293,"column":8},"end":{"line":293,"column":13059}},"34":{"start":{"line":299,"column":8},"end":{"line":299,"column":21}},"35":{"start":{"line":300,"column":8},"end":{"line":300,"column":13256}},"36":{"start":{"line":307,"column":8},"end":{"line":307,"column":42}},"37":{"start":{"line":315,"column":8},"end":{"line":315,"column":44}},"38":{"start":{"line":316,"column":8},"end":{"line":316,"column":13856}},"39":{"start":{"line":317,"column":12},"end":{"line":317,"column":37}},"40":{"start":{"line":319,"column":12},"end":{"line":319,"column":25}},"41":{"start":{"line":327,"column":8},"end":{"line":327,"column":14185}},"42":{"start":{"line":331,"column":12},"end":{"line":331,"column":48}},"43":{"start":{"line":349,"column":8},"end":{"line":349,"column":22}},"44":{"start":{"line":350,"column":8},"end":{"line":350,"column":15916}},"45":{"start":{"line":355,"column":8},"end":{"line":355,"column":16040}},"46":{"start":{"line":366,"column":8},"end":{"line":366,"column":16436}},"47":{"start":{"line":371,"column":8},"end":{"line":371,"column":16528}},"48":{"start":{"line":376,"column":8},"end":{"line":376,"column":16620}},"49":{"start":{"line":381,"column":8},"end":{"line":381,"column":16712}},"50":{"start":{"line":386,"column":8},"end":{"line":386,"column":16804}},"51":{"start":{"line":391,"column":8},"end":{"line":391,"column":16896}},"52":{"start":{"line":396,"column":8},"end":{"line":396,"column":16988}},"53":{"start":{"line":401,"column":8},"end":{"line":401,"column":17080}},"54":{"start":{"line":406,"column":8},"end":{"line":406,"column":17172}},"55":{"start":{"line":411,"column":8},"end":{"line":411,"column":17267}},"56":{"start":{"line":423,"column":8},"end":{"line":423,"column":57}},"57":{"start":{"line":424,"column":8},"end":{"line":424,"column":43}},"58":{"start":{"line":427,"column":8},"end":{"line":427,"column":22}},"59":{"start":{"line":430,"column":8},"end":{"line":430,"column":30}},"60":{"start":{"line":457,"column":8},"end":{"line":457,"column":38}},"61":{"start":{"line":478,"column":8},"end":{"line":478,"column":57}},"62":{"start":{"line":479,"column":8},"end":{"line":479,"column":43}},"63":{"start":{"line":482,"column":8},"end":{"line":482,"column":22}},"64":{"start":{"line":485,"column":8},"end":{"line":485,"column":30}},"65":{"start":{"line":512,"column":8},"end":{"line":512,"column":28}}},"branchMap":{"1":{"line":94,"type":"if","locations":[{"start":{"line":94,"column":8},"end":{"line":94,"column":8}},{"start":{"line":94,"column":8},"end":{"line":94,"column":8}}]},"2":{"line":99,"type":"if","locations":[{"start":{"line":99,"column":8},"end":{"line":99,"column":8}},{"start":{"line":99,"column":8},"end":{"line":99,"column":8}}]},"3":{"line":119,"type":"if","locations":[{"start":{"line":119,"column":8},"end":{"line":119,"column":8}},{"start":{"line":119,"column":8},"end":{"line":119,"column":8}}]},"4":{"line":149,"type":"if","locations":[{"start":{"line":149,"column":8},"end":{"line":149,"column":8}},{"start":{"line":149,"column":8},"end":{"line":149,"column":8}}]},"5":{"line":174,"type":"if","locations":[{"start":{"line":174,"column":8},"end":{"line":174,"column":8}},{"start":{"line":174,"column":8},"end":{"line":174,"column":8}}]},"6":{"line":177,"type":"if","locations":[{"start":{"line":177,"column":15},"end":{"line":177,"column":15}},{"start":{"line":177,"column":15},"end":{"line":177,"column":15}}]},"7":{"line":192,"type":"if","locations":[{"start":{"line":192,"column":8},"end":{"line":192,"column":8}},{"start":{"line":192,"column":8},"end":{"line":192,"column":8}}]},"8":{"line":196,"type":"if","locations":[{"start":{"line":196,"column":8},"end":{"line":196,"column":8}},{"start":{"line":196,"column":8},"end":{"line":196,"column":8}}]},"9":{"line":200,"type":"if","locations":[{"start":{"line":200,"column":8},"end":{"line":200,"column":8}},{"start":{"line":200,"column":8},"end":{"line":200,"column":8}}]},"10":{"line":204,"type":"if","locations":[{"start":{"line":204,"column":8},"end":{"line":204,"column":8}},{"start":{"line":204,"column":8},"end":{"line":204,"column":8}}]},"11":{"line":208,"type":"if","locations":[{"start":{"line":208,"column":8},"end":{"line":208,"column":8}},{"start":{"line":208,"column":8},"end":{"line":208,"column":8}}]},"12":{"line":212,"type":"if","locations":[{"start":{"line":212,"column":8},"end":{"line":212,"column":8}},{"start":{"line":212,"column":8},"end":{"line":212,"column":8}}]},"13":{"line":216,"type":"if","locations":[{"start":{"line":216,"column":8},"end":{"line":216,"column":8}},{"start":{"line":216,"column":8},"end":{"line":216,"column":8}}]},"14":{"line":220,"type":"if","locations":[{"start":{"line":220,"column":8},"end":{"line":220,"column":8}},{"start":{"line":220,"column":8},"end":{"line":220,"column":8}}]},"15":{"line":293,"type":"if","locations":[{"start":{"line":293,"column":8},"end":{"line":293,"column":8}},{"start":{"line":293,"column":8},"end":{"line":293,"column":8}}]},"16":{"line":300,"type":"if","locations":[{"start":{"line":300,"column":8},"end":{"line":300,"column":8}},{"start":{"line":300,"column":8},"end":{"line":300,"column":8}}]},"17":{"line":316,"type":"if","locations":[{"start":{"line":316,"column":8},"end":{"line":316,"column":8}},{"start":{"line":316,"column":8},"end":{"line":316,"column":8}}]},"18":{"line":327,"type":"if","locations":[{"start":{"line":327,"column":8},"end":{"line":327,"column":8}},{"start":{"line":327,"column":8},"end":{"line":327,"column":8}}]},"19":{"line":350,"type":"if","locations":[{"start":{"line":350,"column":8},"end":{"line":350,"column":8}},{"start":{"line":350,"column":8},"end":{"line":350,"column":8}}]},"20":{"line":355,"type":"if","locations":[{"start":{"line":355,"column":8},"end":{"line":355,"column":8}},{"start":{"line":355,"column":8},"end":{"line":355,"column":8}}]},"21":{"line":366,"type":"if","locations":[{"start":{"line":366,"column":8},"end":{"line":366,"column":8}},{"start":{"line":366,"column":8},"end":{"line":366,"column":8}}]},"22":{"line":371,"type":"if","locations":[{"start":{"line":371,"column":8},"end":{"line":371,"column":8}},{"start":{"line":371,"column":8},"end":{"line":371,"column":8}}]},"23":{"line":376,"type":"if","locations":[{"start":{"line":376,"column":8},"end":{"line":376,"column":8}},{"start":{"line":376,"column":8},"end":{"line":376,"column":8}}]},"24":{"line":381,"type":"if","locations":[{"start":{"line":381,"column":8},"end":{"line":381,"column":8}},{"start":{"line":381,"column":8},"end":{"line":381,"column":8}}]},"25":{"line":386,"type":"if","locations":[{"start":{"line":386,"column":8},"end":{"line":386,"column":8}},{"start":{"line":386,"column":8},"end":{"line":386,"column":8}}]},"26":{"line":391,"type":"if","locations":[{"start":{"line":391,"column":8},"end":{"line":391,"column":8}},{"start":{"line":391,"column":8},"end":{"line":391,"column":8}}]},"27":{"line":396,"type":"if","locations":[{"start":{"line":396,"column":8},"end":{"line":396,"column":8}},{"start":{"line":396,"column":8},"end":{"line":396,"column":8}}]},"28":{"line":401,"type":"if","locations":[{"start":{"line":401,"column":8},"end":{"line":401,"column":8}},{"start":{"line":401,"column":8},"end":{"line":401,"column":8}}]},"29":{"line":406,"type":"if","locations":[{"start":{"line":406,"column":8},"end":{"line":406,"column":8}},{"start":{"line":406,"column":8},"end":{"line":406,"column":8}}]},"30":{"line":411,"type":"if","locations":[{"start":{"line":411,"column":8},"end":{"line":411,"column":8}},{"start":{"line":411,"column":8},"end":{"line":411,"column":8}}]}}},"contracts/dependencies/openzeppelin/contracts/Address.sol":{"l":{"37":0,"57":0,"63":0,"64":0},"path":"/Users/kevinyao/Documents/Code/vmex/packages/contracts/contracts/dependencies/openzeppelin/contracts/Address.sol","s":{"1":0,"2":0,"3":0,"4":0},"b":{"1":[0,0],"2":[0,0]},"f":{"1":0,"2":0},"fnMap":{"1":{"name":"isContract","line":25,"loc":{"start":{"line":25,"column":4},"end":{"line":38,"column":4}}},"2":{"name":"sendValue","line":56,"loc":{"start":{"line":56,"column":4},"end":{"line":68,"column":4}}}},"statementMap":{"1":{"start":{"line":37,"column":8},"end":{"line":37,"column":38}},"2":{"start":{"line":57,"column":8},"end":{"line":57,"column":2445}},"3":{"start":{"line":63,"column":8},"end":{"line":63,"column":60}},"4":{"start":{"line":64,"column":8},"end":{"line":64,"column":2702}}},"branchMap":{"1":{"line":57,"type":"if","locations":[{"start":{"line":57,"column":8},"end":{"line":57,"column":8}},{"start":{"line":57,"column":8},"end":{"line":57,"column":8}}]},"2":{"line":64,"type":"if","locations":[{"start":{"line":64,"column":8},"end":{"line":64,"column":8}},{"start":{"line":64,"column":8},"end":{"line":64,"column":8}}]}}},"contracts/dependencies/openzeppelin/contracts/Context.sol":{"l":{"16":0,"20":0,"21":0},"path":"/Users/kevinyao/Documents/Code/vmex/packages/contracts/contracts/dependencies/openzeppelin/contracts/Context.sol","s":{"1":0,"2":0},"b":{},"f":{"1":0,"2":0},"fnMap":{"1":{"name":"_msgSender","line":15,"loc":{"start":{"line":15,"column":4},"end":{"line":17,"column":4}}},"2":{"name":"_msgData","line":19,"loc":{"start":{"line":19,"column":4},"end":{"line":22,"column":4}}}},"statementMap":{"1":{"start":{"line":16,"column":8},"end":{"line":16,"column":25}},"2":{"start":{"line":21,"column":8},"end":{"line":21,"column":23}}},"branchMap":{}},"contracts/dependencies/openzeppelin/contracts/ERC20.sol":{"l":{"58":0,"59":0,"60":0,"67":0,"75":0,"92":0,"99":0,"106":0,"123":0,"124":0,"137":0,"153":0,"154":0,"174":0,"175":0,"183":0,"203":0,"208":0,"230":0,"238":0,"260":0,"261":0,"263":0,"265":0,"269":0,"270":0,"283":0,"285":0,"287":0,"288":0,"289":0,"304":0,"306":0,"308":0,"312":0,"313":0,"334":0,"335":0,"337":0,"338":0,"349":0},"path":"/Users/kevinyao/Documents/Code/vmex/packages/contracts/contracts/dependencies/openzeppelin/contracts/ERC20.sol","s":{"1":0,"2":0,"3":0,"4":0,"5":0,"6":0,"7":0,"8":0,"9":0,"10":0,"11":0,"12":0,"13":0,"14":0,"15":0,"16":0,"17":0,"18":0,"19":0,"20":0,"21":0,"22":0,"23":0,"24":0,"25":0,"26":0,"27":0,"28":0,"29":0,"30":0},"b":{"1":[0,0],"2":[0,0],"3":[0,0],"4":[0,0],"5":[0,0],"6":[0,0]},"f":{"1":0,"2":0,"3":0,"4":0,"5":0,"6":0,"7":0,"8":0,"9":0,"10":0,"11":0,"12":0,"13":0,"14":0,"15":0,"16":0,"17":0,"18":0},"fnMap":{"1":{"name":"constructor","line":57,"loc":{"start":{"line":57,"column":4},"end":{"line":61,"column":4}}},"2":{"name":"name","line":66,"loc":{"start":{"line":66,"column":4},"end":{"line":68,"column":4}}},"3":{"name":"symbol","line":74,"loc":{"start":{"line":74,"column":4},"end":{"line":76,"column":4}}},"4":{"name":"decimals","line":91,"loc":{"start":{"line":91,"column":4},"end":{"line":93,"column":4}}},"5":{"name":"totalSupply","line":98,"loc":{"start":{"line":98,"column":4},"end":{"line":100,"column":4}}},"6":{"name":"balanceOf","line":105,"loc":{"start":{"line":105,"column":4},"end":{"line":107,"column":4}}},"7":{"name":"transfer","line":117,"loc":{"start":{"line":117,"column":4},"end":{"line":125,"column":4}}},"8":{"name":"allowance","line":130,"loc":{"start":{"line":130,"column":4},"end":{"line":138,"column":4}}},"9":{"name":"approve","line":147,"loc":{"start":{"line":147,"column":4},"end":{"line":155,"column":4}}},"10":{"name":"transferFrom","line":169,"loc":{"start":{"line":169,"column":4},"end":{"line":184,"column":4}}},"11":{"name":"increaseAllowance","line":198,"loc":{"start":{"line":198,"column":4},"end":{"line":209,"column":4}}},"12":{"name":"decreaseAllowance","line":225,"loc":{"start":{"line":225,"column":4},"end":{"line":239,"column":4}}},"13":{"name":"_transfer","line":255,"loc":{"start":{"line":255,"column":4},"end":{"line":271,"column":4}}},"14":{"name":"_mint","line":282,"loc":{"start":{"line":282,"column":4},"end":{"line":290,"column":4}}},"15":{"name":"_burn","line":303,"loc":{"start":{"line":303,"column":4},"end":{"line":314,"column":4}}},"16":{"name":"_approve","line":329,"loc":{"start":{"line":329,"column":4},"end":{"line":339,"column":4}}},"17":{"name":"_setupDecimals","line":348,"loc":{"start":{"line":348,"column":4},"end":{"line":350,"column":4}}},"18":{"name":"_beforeTokenTransfer","line":366,"loc":{"start":{"line":366,"column":4},"end":{"line":370,"column":24}}}},"statementMap":{"1":{"start":{"line":67,"column":8},"end":{"line":67,"column":20}},"2":{"start":{"line":75,"column":8},"end":{"line":75,"column":22}},"3":{"start":{"line":92,"column":8},"end":{"line":92,"column":24}},"4":{"start":{"line":99,"column":8},"end":{"line":99,"column":27}},"5":{"start":{"line":106,"column":8},"end":{"line":106,"column":33}},"6":{"start":{"line":123,"column":8},"end":{"line":123,"column":49}},"7":{"start":{"line":124,"column":8},"end":{"line":124,"column":19}},"8":{"start":{"line":137,"column":8},"end":{"line":137,"column":42}},"9":{"start":{"line":153,"column":8},"end":{"line":153,"column":46}},"10":{"start":{"line":154,"column":8},"end":{"line":154,"column":19}},"11":{"start":{"line":174,"column":8},"end":{"line":174,"column":43}},"12":{"start":{"line":175,"column":8},"end":{"line":175,"column":5166}},"13":{"start":{"line":183,"column":8},"end":{"line":183,"column":19}},"14":{"start":{"line":203,"column":8},"end":{"line":203,"column":5934}},"15":{"start":{"line":208,"column":8},"end":{"line":208,"column":19}},"16":{"start":{"line":230,"column":8},"end":{"line":230,"column":6715}},"17":{"start":{"line":238,"column":8},"end":{"line":238,"column":19}},"18":{"start":{"line":260,"column":8},"end":{"line":260,"column":77}},"19":{"start":{"line":261,"column":8},"end":{"line":261,"column":78}},"20":{"start":{"line":263,"column":8},"end":{"line":263,"column":54}},"21":{"start":{"line":270,"column":8},"end":{"line":270,"column":48}},"22":{"start":{"line":283,"column":8},"end":{"line":283,"column":72}},"23":{"start":{"line":285,"column":8},"end":{"line":285,"column":56}},"24":{"start":{"line":289,"column":8},"end":{"line":289,"column":50}},"25":{"start":{"line":304,"column":8},"end":{"line":304,"column":74}},"26":{"start":{"line":306,"column":8},"end":{"line":306,"column":56}},"27":{"start":{"line":313,"column":8},"end":{"line":313,"column":50}},"28":{"start":{"line":334,"column":8},"end":{"line":334,"column":75}},"29":{"start":{"line":335,"column":8},"end":{"line":335,"column":75}},"30":{"start":{"line":338,"column":8},"end":{"line":338,"column":45}}},"branchMap":{"1":{"line":260,"type":"if","locations":[{"start":{"line":260,"column":8},"end":{"line":260,"column":8}},{"start":{"line":260,"column":8},"end":{"line":260,"column":8}}]},"2":{"line":261,"type":"if","locations":[{"start":{"line":261,"column":8},"end":{"line":261,"column":8}},{"start":{"line":261,"column":8},"end":{"line":261,"column":8}}]},"3":{"line":283,"type":"if","locations":[{"start":{"line":283,"column":8},"end":{"line":283,"column":8}},{"start":{"line":283,"column":8},"end":{"line":283,"column":8}}]},"4":{"line":304,"type":"if","locations":[{"start":{"line":304,"column":8},"end":{"line":304,"column":8}},{"start":{"line":304,"column":8},"end":{"line":304,"column":8}}]},"5":{"line":334,"type":"if","locations":[{"start":{"line":334,"column":8},"end":{"line":334,"column":8}},{"start":{"line":334,"column":8},"end":{"line":334,"column":8}}]},"6":{"line":335,"type":"if","locations":[{"start":{"line":335,"column":8},"end":{"line":335,"column":8}},{"start":{"line":335,"column":8},"end":{"line":335,"column":8}}]}}},"contracts/dependencies/openzeppelin/contracts/IERC20.sol":{"l":{},"path":"/Users/kevinyao/Documents/Code/vmex/packages/contracts/contracts/dependencies/openzeppelin/contracts/IERC20.sol","s":{},"b":{},"f":{},"fnMap":{},"statementMap":{},"branchMap":{}},"contracts/dependencies/openzeppelin/contracts/IERC20Detailed.sol":{"l":{},"path":"/Users/kevinyao/Documents/Code/vmex/packages/contracts/contracts/dependencies/openzeppelin/contracts/IERC20Detailed.sol","s":{},"b":{},"f":{},"fnMap":{},"statementMap":{},"branchMap":{}},"contracts/dependencies/openzeppelin/contracts/IERC20DetailedBytes.sol":{"l":{},"path":"/Users/kevinyao/Documents/Code/vmex/packages/contracts/contracts/dependencies/openzeppelin/contracts/IERC20DetailedBytes.sol","s":{},"b":{},"f":{},"fnMap":{},"statementMap":{},"branchMap":{}},"contracts/dependencies/openzeppelin/contracts/Ownable.sol":{"l":{"30":0,"31":0,"32":0,"39":0,"46":0,"47":0,"58":0,"59":0,"67":0,"71":0,"72":0},"path":"/Users/kevinyao/Documents/Code/vmex/packages/contracts/contracts/dependencies/openzeppelin/contracts/Ownable.sol","s":{"1":0,"2":0,"3":0,"4":0,"5":0,"6":0,"7":0},"b":{"1":[0,0],"2":[0,0],"3":[0,0],"4":[0,0]},"f":{"1":0,"2":0,"3":0,"4":0,"5":0},"fnMap":{"1":{"name":"constructor","line":29,"loc":{"start":{"line":29,"column":4},"end":{"line":33,"column":4}}},"2":{"name":"owner","line":38,"loc":{"start":{"line":38,"column":4},"end":{"line":40,"column":4}}},"3":{"name":"onlyOwner","line":45,"loc":{"start":{"line":45,"column":4},"end":{"line":48,"column":4}}},"4":{"name":"renounceOwnership","line":57,"loc":{"start":{"line":57,"column":4},"end":{"line":60,"column":4}}},"5":{"name":"transferOwnership","line":66,"loc":{"start":{"line":66,"column":4},"end":{"line":73,"column":4}}}},"statementMap":{"1":{"start":{"line":30,"column":8},"end":{"line":30,"column":40}},"2":{"start":{"line":32,"column":8},"end":{"line":32,"column":56}},"3":{"start":{"line":39,"column":8},"end":{"line":39,"column":21}},"4":{"start":{"line":46,"column":8},"end":{"line":46,"column":74}},"5":{"start":{"line":58,"column":8},"end":{"line":58,"column":53}},"6":{"start":{"line":67,"column":8},"end":{"line":67,"column":2079}},"7":{"start":{"line":71,"column":8},"end":{"line":71,"column":51}}},"branchMap":{"1":{"line":46,"type":"if","locations":[{"start":{"line":46,"column":8},"end":{"line":46,"column":8}},{"start":{"line":46,"column":8},"end":{"line":46,"column":8}}]},"2":{"line":57,"type":"if","locations":[{"start":{"line":57,"column":48},"end":{"line":57,"column":48}},{"start":{"line":57,"column":48},"end":{"line":57,"column":48}}]},"3":{"line":66,"type":"if","locations":[{"start":{"line":66,"column":64},"end":{"line":66,"column":64}},{"start":{"line":66,"column":64},"end":{"line":66,"column":64}}]},"4":{"line":67,"type":"if","locations":[{"start":{"line":67,"column":8},"end":{"line":67,"column":8}},{"start":{"line":67,"column":8},"end":{"line":67,"column":8}}]}}},"contracts/dependencies/openzeppelin/contracts/ReentrancyGuard.sol":{"l":{"39":0,"51":0,"54":0,"56":0,"60":0},"path":"/Users/kevinyao/Documents/Code/vmex/packages/contracts/contracts/dependencies/openzeppelin/contracts/ReentrancyGuard.sol","s":{"1":0},"b":{"1":[0,0]},"f":{"1":0,"2":0},"fnMap":{"1":{"name":"constructor","line":38,"loc":{"start":{"line":38,"column":4},"end":{"line":40,"column":4}}},"2":{"name":"nonReentrant","line":49,"loc":{"start":{"line":49,"column":4},"end":{"line":61,"column":4}}}},"statementMap":{"1":{"start":{"line":51,"column":8},"end":{"line":51,"column":70}}},"branchMap":{"1":{"line":51,"type":"if","locations":[{"start":{"line":51,"column":8},"end":{"line":51,"column":8}},{"start":{"line":51,"column":8},"end":{"line":51,"column":8}}]}}},"contracts/dependencies/openzeppelin/contracts/SafeERC20.sol":{"l":{"27":0,"39":0,"50":0,"54":0,"61":0,"64":0,"65":0,"67":0,"70":0},"path":"/Users/kevinyao/Documents/Code/vmex/packages/contracts/contracts/dependencies/openzeppelin/contracts/SafeERC20.sol","s":{"1":0,"2":0,"3":0,"4":0,"5":0,"6":0,"7":0,"8":0,"9":0},"b":{"1":[0,0],"2":[0,0],"3":[0,0],"4":[0,0],"5":[0,0],"6":[0,0]},"f":{"1":0,"2":0,"3":0,"4":0},"fnMap":{"1":{"name":"safeTransfer","line":22,"loc":{"start":{"line":22,"column":4},"end":{"line":31,"column":4}}},"2":{"name":"safeTransferFrom","line":33,"loc":{"start":{"line":33,"column":4},"end":{"line":43,"column":4}}},"3":{"name":"safeApprove","line":45,"loc":{"start":{"line":45,"column":4},"end":{"line":58,"column":4}}},"4":{"name":"callOptionalReturn","line":60,"loc":{"start":{"line":60,"column":4},"end":{"line":75,"column":4}}}},"statementMap":{"1":{"start":{"line":27,"column":8},"end":{"line":27,"column":843}},"2":{"start":{"line":39,"column":8},"end":{"line":39,"column":1113}},"3":{"start":{"line":50,"column":8},"end":{"line":50,"column":1371}},"4":{"start":{"line":54,"column":8},"end":{"line":54,"column":1544}},"5":{"start":{"line":61,"column":8},"end":{"line":61,"column":78}},"6":{"start":{"line":64,"column":8},"end":{"line":64,"column":75}},"7":{"start":{"line":65,"column":8},"end":{"line":65,"column":59}},"8":{"start":{"line":67,"column":8},"end":{"line":67,"column":2040}},"9":{"start":{"line":70,"column":12},"end":{"line":70,"column":2181}}},"branchMap":{"1":{"line":50,"type":"if","locations":[{"start":{"line":50,"column":8},"end":{"line":50,"column":8}},{"start":{"line":50,"column":8},"end":{"line":50,"column":8}}]},"2":{"line":51,"type":"cond-expr","locations":[{"start":{"line":51,"column":12},"end":{"line":51,"column":23}},{"start":{"line":51,"column":28},"end":{"line":51,"column":73}}]},"3":{"line":61,"type":"if","locations":[{"start":{"line":61,"column":8},"end":{"line":61,"column":8}},{"start":{"line":61,"column":8},"end":{"line":61,"column":8}}]},"4":{"line":65,"type":"if","locations":[{"start":{"line":65,"column":8},"end":{"line":65,"column":8}},{"start":{"line":65,"column":8},"end":{"line":65,"column":8}}]},"5":{"line":67,"type":"if","locations":[{"start":{"line":67,"column":8},"end":{"line":67,"column":8}},{"start":{"line":67,"column":8},"end":{"line":67,"column":8}}]},"6":{"line":70,"type":"if","locations":[{"start":{"line":70,"column":12},"end":{"line":70,"column":12}},{"start":{"line":70,"column":12},"end":{"line":70,"column":12}}]}}},"contracts/dependencies/openzeppelin/contracts/SafeMath.sol":{"l":{"27":0,"28":0,"29":0,"30":0,"44":0,"45":0,"46":0,"60":0,"64":0,"65":0,"66":0,"67":0,"81":0,"82":0,"83":0,"97":0,"98":0,"99":0,"114":0,"128":0,"142":0,"156":0,"172":0,"193":0,"194":0,"195":0,"216":0,"217":0,"218":0,"242":0,"243":0,"244":0},"path":"/Users/kevinyao/Documents/Code/vmex/packages/contracts/contracts/dependencies/openzeppelin/contracts/SafeMath.sol","s":{"1":0,"2":0,"3":0,"4":0,"5":0,"6":0,"7":0,"8":0,"9":0,"10":0,"11":0,"12":0,"13":0,"14":0,"15":0,"16":0,"17":0,"18":0,"19":0,"20":0,"21":0,"22":0,"23":0,"24":0,"25":0,"26":0,"27":0,"28":0,"29":0,"30":0},"b":{"1":[0,0],"2":[0,0],"3":[0,0],"4":[0,0],"5":[0,0],"6":[0,0],"7":[0,0],"8":[0,0],"9":[0,0]},"f":{"1":0,"2":0,"3":0,"4":0,"5":0,"6":0,"7":0,"8":0,"9":0,"10":0,"11":0,"12":0,"13":0},"fnMap":{"1":{"name":"tryAdd","line":22,"loc":{"start":{"line":22,"column":4},"end":{"line":32,"column":4}}},"2":{"name":"trySub","line":39,"loc":{"start":{"line":39,"column":4},"end":{"line":48,"column":4}}},"3":{"name":"tryMul","line":55,"loc":{"start":{"line":55,"column":4},"end":{"line":69,"column":4}}},"4":{"name":"tryDiv","line":76,"loc":{"start":{"line":76,"column":4},"end":{"line":85,"column":4}}},"5":{"name":"tryMod","line":92,"loc":{"start":{"line":92,"column":4},"end":{"line":101,"column":4}}},"6":{"name":"add","line":113,"loc":{"start":{"line":113,"column":4},"end":{"line":115,"column":4}}},"7":{"name":"sub","line":127,"loc":{"start":{"line":127,"column":4},"end":{"line":129,"column":4}}},"8":{"name":"mul","line":141,"loc":{"start":{"line":141,"column":4},"end":{"line":143,"column":4}}},"9":{"name":"div","line":155,"loc":{"start":{"line":155,"column":4},"end":{"line":157,"column":4}}},"10":{"name":"mod","line":171,"loc":{"start":{"line":171,"column":4},"end":{"line":173,"column":4}}},"11":{"name":"sub","line":188,"loc":{"start":{"line":188,"column":4},"end":{"line":197,"column":4}}},"12":{"name":"div","line":211,"loc":{"start":{"line":211,"column":4},"end":{"line":220,"column":4}}},"13":{"name":"mod","line":237,"loc":{"start":{"line":237,"column":4},"end":{"line":246,"column":4}}}},"statementMap":{"1":{"start":{"line":28,"column":12},"end":{"line":28,"column":29}},"2":{"start":{"line":29,"column":12},"end":{"line":29,"column":40}},"3":{"start":{"line":29,"column":23},"end":{"line":29,"column":40}},"4":{"start":{"line":30,"column":12},"end":{"line":30,"column":28}},"5":{"start":{"line":45,"column":12},"end":{"line":45,"column":40}},"6":{"start":{"line":45,"column":23},"end":{"line":45,"column":40}},"7":{"start":{"line":46,"column":12},"end":{"line":46,"column":32}},"8":{"start":{"line":64,"column":12},"end":{"line":64,"column":40}},"9":{"start":{"line":64,"column":24},"end":{"line":64,"column":40}},"10":{"start":{"line":65,"column":12},"end":{"line":65,"column":29}},"11":{"start":{"line":66,"column":12},"end":{"line":66,"column":45}},"12":{"start":{"line":66,"column":28},"end":{"line":66,"column":45}},"13":{"start":{"line":67,"column":12},"end":{"line":67,"column":28}},"14":{"start":{"line":82,"column":12},"end":{"line":82,"column":41}},"15":{"start":{"line":82,"column":24},"end":{"line":82,"column":41}},"16":{"start":{"line":83,"column":12},"end":{"line":83,"column":32}},"17":{"start":{"line":98,"column":12},"end":{"line":98,"column":41}},"18":{"start":{"line":98,"column":24},"end":{"line":98,"column":41}},"19":{"start":{"line":99,"column":12},"end":{"line":99,"column":32}},"20":{"start":{"line":114,"column":8},"end":{"line":114,"column":20}},"21":{"start":{"line":128,"column":8},"end":{"line":128,"column":20}},"22":{"start":{"line":142,"column":8},"end":{"line":142,"column":20}},"23":{"start":{"line":156,"column":8},"end":{"line":156,"column":20}},"24":{"start":{"line":172,"column":8},"end":{"line":172,"column":20}},"25":{"start":{"line":194,"column":12},"end":{"line":194,"column":40}},"26":{"start":{"line":195,"column":12},"end":{"line":195,"column":24}},"27":{"start":{"line":217,"column":12},"end":{"line":217,"column":39}},"28":{"start":{"line":218,"column":12},"end":{"line":218,"column":24}},"29":{"start":{"line":243,"column":12},"end":{"line":243,"column":39}},"30":{"start":{"line":244,"column":12},"end":{"line":244,"column":24}}},"branchMap":{"1":{"line":29,"type":"if","locations":[{"start":{"line":29,"column":12},"end":{"line":29,"column":12}},{"start":{"line":29,"column":12},"end":{"line":29,"column":12}}]},"2":{"line":45,"type":"if","locations":[{"start":{"line":45,"column":12},"end":{"line":45,"column":12}},{"start":{"line":45,"column":12},"end":{"line":45,"column":12}}]},"3":{"line":64,"type":"if","locations":[{"start":{"line":64,"column":12},"end":{"line":64,"column":12}},{"start":{"line":64,"column":12},"end":{"line":64,"column":12}}]},"4":{"line":66,"type":"if","locations":[{"start":{"line":66,"column":12},"end":{"line":66,"column":12}},{"start":{"line":66,"column":12},"end":{"line":66,"column":12}}]},"5":{"line":82,"type":"if","locations":[{"start":{"line":82,"column":12},"end":{"line":82,"column":12}},{"start":{"line":82,"column":12},"end":{"line":82,"column":12}}]},"6":{"line":98,"type":"if","locations":[{"start":{"line":98,"column":12},"end":{"line":98,"column":12}},{"start":{"line":98,"column":12},"end":{"line":98,"column":12}}]},"7":{"line":194,"type":"if","locations":[{"start":{"line":194,"column":12},"end":{"line":194,"column":12}},{"start":{"line":194,"column":12},"end":{"line":194,"column":12}}]},"8":{"line":217,"type":"if","locations":[{"start":{"line":217,"column":12},"end":{"line":217,"column":12}},{"start":{"line":217,"column":12},"end":{"line":217,"column":12}}]},"9":{"line":243,"type":"if","locations":[{"start":{"line":243,"column":12},"end":{"line":243,"column":12}},{"start":{"line":243,"column":12},"end":{"line":243,"column":12}}]}}},"contracts/dependencies/openzeppelin/contracts/utils/Strings.sol":{"l":{"20":0,"21":0,"23":0,"24":0,"25":0,"26":0,"27":0,"29":0,"30":0,"31":0,"32":0,"33":0,"35":0,"42":0,"43":0,"45":0,"46":0,"47":0,"48":0,"49":0,"51":0,"62":0,"63":0,"64":0,"65":0,"66":0,"67":0,"69":0,"70":0,"77":0},"path":"/Users/kevinyao/Documents/Code/vmex/packages/contracts/contracts/dependencies/openzeppelin/contracts/utils/Strings.sol","s":{"1":0,"2":0,"3":0,"4":0,"5":0,"6":0,"7":0,"8":0,"9":0,"10":0,"11":0,"12":0,"13":0,"14":0,"15":0,"16":0,"17":0,"18":0,"19":0},"b":{"1":[0,0],"2":[0,0],"3":[0,0]},"f":{"1":0,"2":0,"3":0,"4":0},"fnMap":{"1":{"name":"toString","line":16,"loc":{"start":{"line":16,"column":4},"end":{"line":36,"column":4}}},"2":{"name":"toHexString","line":41,"loc":{"start":{"line":41,"column":4},"end":{"line":52,"column":4}}},"3":{"name":"toHexString","line":57,"loc":{"start":{"line":57,"column":4},"end":{"line":71,"column":4}}},"4":{"name":"toHexString","line":76,"loc":{"start":{"line":76,"column":4},"end":{"line":78,"column":4}}}},"statementMap":{"1":{"start":{"line":20,"column":8},"end":{"line":20,"column":670}},"2":{"start":{"line":21,"column":12},"end":{"line":21,"column":22}},"3":{"start":{"line":23,"column":8},"end":{"line":23,"column":28}},"4":{"start":{"line":24,"column":8},"end":{"line":24,"column":22}},"5":{"start":{"line":25,"column":8},"end":{"line":25,"column":784}},"6":{"start":{"line":29,"column":8},"end":{"line":29,"column":47}},"7":{"start":{"line":30,"column":8},"end":{"line":30,"column":917}},"8":{"start":{"line":35,"column":8},"end":{"line":35,"column":29}},"9":{"start":{"line":42,"column":8},"end":{"line":42,"column":1293}},"10":{"start":{"line":43,"column":12},"end":{"line":43,"column":25}},"11":{"start":{"line":45,"column":8},"end":{"line":45,"column":28}},"12":{"start":{"line":46,"column":8},"end":{"line":46,"column":26}},"13":{"start":{"line":47,"column":8},"end":{"line":47,"column":1414}},"14":{"start":{"line":51,"column":8},"end":{"line":51,"column":41}},"15":{"start":{"line":62,"column":8},"end":{"line":62,"column":55}},"16":{"start":{"line":65,"column":8},"end":{"line":65,"column":1896}},"17":{"start":{"line":69,"column":8},"end":{"line":69,"column":62}},"18":{"start":{"line":70,"column":8},"end":{"line":70,"column":29}},"19":{"start":{"line":77,"column":8},"end":{"line":77,"column":67}}},"branchMap":{"1":{"line":20,"type":"if","locations":[{"start":{"line":20,"column":8},"end":{"line":20,"column":8}},{"start":{"line":20,"column":8},"end":{"line":20,"column":8}}]},"2":{"line":42,"type":"if","locations":[{"start":{"line":42,"column":8},"end":{"line":42,"column":8}},{"start":{"line":42,"column":8},"end":{"line":42,"column":8}}]},"3":{"line":69,"type":"if","locations":[{"start":{"line":69,"column":8},"end":{"line":69,"column":8}},{"start":{"line":69,"column":8},"end":{"line":69,"column":8}}]}}},"contracts/dependencies/openzeppelin/upgradeability/AdminUpgradeabilityProxy.sol":{"l":{"29":0,"32":0,"42":0},"path":"/Users/kevinyao/Documents/Code/vmex/packages/contracts/contracts/dependencies/openzeppelin/upgradeability/AdminUpgradeabilityProxy.sol","s":{"1":0,"2":0,"3":0},"b":{},"f":{"1":0,"2":0},"fnMap":{"1":{"name":"constructor","line":28,"loc":{"start":{"line":24,"column":4},"end":{"line":33,"column":4}}},"2":{"name":"_willFallback","line":38,"loc":{"start":{"line":38,"column":4},"end":{"line":43,"column":4}}}},"statementMap":{"1":{"start":{"line":29,"column":8},"end":{"line":29,"column":1136}},"2":{"start":{"line":32,"column":8},"end":{"line":32,"column":24}},"3":{"start":{"line":42,"column":8},"end":{"line":42,"column":51}}},"branchMap":{}},"contracts/dependencies/openzeppelin/upgradeability/BaseAdminUpgradeabilityProxy.sol":{"l":{"35":0,"36":0,"38":0,"46":0,"53":0,"62":0,"66":0,"67":0,"76":0,"93":0,"94":0,"95":0,"102":0,"104":0,"114":0,"116":0,"125":0,"129":0},"path":"/Users/kevinyao/Documents/Code/vmex/packages/contracts/contracts/dependencies/openzeppelin/upgradeability/BaseAdminUpgradeabilityProxy.sol","s":{"1":0,"2":0,"3":0,"4":0,"5":0,"6":0,"7":0,"8":0,"9":0,"10":0,"11":0,"12":0,"13":0,"14":0,"15":0},"b":{"1":[0,0],"2":[0,0],"3":[0,0],"4":[0,0],"5":[0,0],"6":[0,0],"7":[0,0],"8":[0,0],"9":[0,0]},"f":{"1":0,"2":0,"3":0,"4":0,"5":0,"6":0,"7":0,"8":0,"9":0},"fnMap":{"1":{"name":"ifAdmin","line":34,"loc":{"start":{"line":34,"column":4},"end":{"line":40,"column":4}}},"2":{"name":"admin","line":45,"loc":{"start":{"line":45,"column":4},"end":{"line":47,"column":4}}},"3":{"name":"implementation","line":52,"loc":{"start":{"line":52,"column":4},"end":{"line":54,"column":4}}},"4":{"name":"changeAdmin","line":61,"loc":{"start":{"line":61,"column":4},"end":{"line":68,"column":4}}},"5":{"name":"upgradeTo","line":75,"loc":{"start":{"line":75,"column":4},"end":{"line":77,"column":4}}},"6":{"name":"upgradeToAndCall","line":91,"loc":{"start":{"line":88,"column":4},"end":{"line":96,"column":4}}},"7":{"name":"_admin","line":101,"loc":{"start":{"line":101,"column":4},"end":{"line":107,"column":4}}},"8":{"name":"_setAdmin","line":113,"loc":{"start":{"line":113,"column":4},"end":{"line":119,"column":4}}},"9":{"name":"_willFallback","line":124,"loc":{"start":{"line":124,"column":4},"end":{"line":130,"column":4}}}},"statementMap":{"1":{"start":{"line":35,"column":8},"end":{"line":35,"column":1335}},"2":{"start":{"line":38,"column":12},"end":{"line":38,"column":22}},"3":{"start":{"line":46,"column":8},"end":{"line":46,"column":23}},"4":{"start":{"line":53,"column":8},"end":{"line":53,"column":32}},"5":{"start":{"line":62,"column":8},"end":{"line":62,"column":2018}},"6":{"start":{"line":66,"column":8},"end":{"line":66,"column":45}},"7":{"start":{"line":67,"column":8},"end":{"line":67,"column":26}},"8":{"start":{"line":76,"column":8},"end":{"line":76,"column":36}},"9":{"start":{"line":93,"column":8},"end":{"line":93,"column":36}},"10":{"start":{"line":94,"column":8},"end":{"line":94,"column":63}},"11":{"start":{"line":95,"column":8},"end":{"line":95,"column":23}},"12":{"start":{"line":102,"column":8},"end":{"line":102,"column":33}},"13":{"start":{"line":114,"column":8},"end":{"line":114,"column":33}},"14":{"start":{"line":125,"column":8},"end":{"line":125,"column":4035}},"15":{"start":{"line":129,"column":8},"end":{"line":129,"column":28}}},"branchMap":{"1":{"line":35,"type":"if","locations":[{"start":{"line":35,"column":8},"end":{"line":35,"column":8}},{"start":{"line":35,"column":8},"end":{"line":35,"column":8}}]},"2":{"line":45,"type":"if","locations":[{"start":{"line":45,"column":30},"end":{"line":45,"column":30}},{"start":{"line":45,"column":30},"end":{"line":45,"column":30}}]},"3":{"line":52,"type":"if","locations":[{"start":{"line":52,"column":39},"end":{"line":52,"column":39}},{"start":{"line":52,"column":39},"end":{"line":52,"column":39}}]},"4":{"line":61,"type":"if","locations":[{"start":{"line":61,"column":52},"end":{"line":61,"column":52}},{"start":{"line":61,"column":52},"end":{"line":61,"column":52}}]},"5":{"line":62,"type":"if","locations":[{"start":{"line":62,"column":8},"end":{"line":62,"column":8}},{"start":{"line":62,"column":8},"end":{"line":62,"column":8}}]},"6":{"line":75,"type":"if","locations":[{"start":{"line":75,"column":59},"end":{"line":75,"column":59}},{"start":{"line":75,"column":59},"end":{"line":75,"column":59}}]},"7":{"line":91,"type":"if","locations":[{"start":{"line":91,"column":8},"end":{"line":91,"column":8}},{"start":{"line":91,"column":8},"end":{"line":91,"column":8}}]},"8":{"line":95,"type":"if","locations":[{"start":{"line":95,"column":8},"end":{"line":95,"column":8}},{"start":{"line":95,"column":8},"end":{"line":95,"column":8}}]},"9":{"line":125,"type":"if","locations":[{"start":{"line":125,"column":8},"end":{"line":125,"column":8}},{"start":{"line":125,"column":8},"end":{"line":125,"column":8}}]}}},"contracts/dependencies/openzeppelin/upgradeability/BaseUpgradeabilityProxy.sol":{"l":{"33":0,"35":0,"45":0,"46":0,"54":0,"59":0,"62":0},"path":"/Users/kevinyao/Documents/Code/vmex/packages/contracts/contracts/dependencies/openzeppelin/upgradeability/BaseUpgradeabilityProxy.sol","s":{"1":0,"2":0,"3":0,"4":0,"5":0},"b":{"1":[0,0]},"f":{"1":0,"2":0,"3":0},"fnMap":{"1":{"name":"_implementation","line":32,"loc":{"start":{"line":32,"column":4},"end":{"line":38,"column":4}}},"2":{"name":"_upgradeTo","line":44,"loc":{"start":{"line":44,"column":4},"end":{"line":47,"column":4}}},"3":{"name":"_setImplementation","line":53,"loc":{"start":{"line":53,"column":4},"end":{"line":65,"column":4}}}},"statementMap":{"1":{"start":{"line":33,"column":8},"end":{"line":33,"column":42}},"2":{"start":{"line":45,"column":8},"end":{"line":45,"column":44}},"3":{"start":{"line":46,"column":8},"end":{"line":46,"column":40}},"4":{"start":{"line":54,"column":8},"end":{"line":54,"column":1791}},"5":{"start":{"line":59,"column":8},"end":{"line":59,"column":42}}},"branchMap":{"1":{"line":54,"type":"if","locations":[{"start":{"line":54,"column":8},"end":{"line":54,"column":8}},{"start":{"line":54,"column":8},"end":{"line":54,"column":8}}]}}},"contracts/dependencies/openzeppelin/upgradeability/IBeacon.sol":{"l":{},"path":"/Users/kevinyao/Documents/Code/vmex/packages/contracts/contracts/dependencies/openzeppelin/upgradeability/IBeacon.sol","s":{},"b":{},"f":{},"fnMap":{},"statementMap":{},"branchMap":{}},"contracts/dependencies/openzeppelin/upgradeability/Initializable.sol":{"l":{"31":0,"36":0,"37":0,"38":0,"39":0,"42":0,"44":0,"45":0,"56":0,"58":0,"61":0},"path":"/Users/kevinyao/Documents/Code/vmex/packages/contracts/contracts/dependencies/openzeppelin/upgradeability/Initializable.sol","s":{"1":0,"2":0,"3":0,"4":0,"5":0,"6":0},"b":{"1":[0,0],"2":[0,0],"3":[0,0],"4":[0,0],"5":[0,0]},"f":{"1":0,"2":0},"fnMap":{"1":{"name":"initializer","line":30,"loc":{"start":{"line":30,"column":4},"end":{"line":47,"column":4}}},"2":{"name":"isConstructor","line":50,"loc":{"start":{"line":50,"column":4},"end":{"line":62,"column":4}}}},"statementMap":{"1":{"start":{"line":31,"column":8},"end":{"line":31,"column":1079}},"2":{"start":{"line":36,"column":8},"end":{"line":36,"column":43}},"3":{"start":{"line":37,"column":8},"end":{"line":37,"column":1275}},"4":{"start":{"line":44,"column":8},"end":{"line":44,"column":1393}},"5":{"start":{"line":56,"column":8},"end":{"line":56,"column":18}},"6":{"start":{"line":61,"column":8},"end":{"line":61,"column":22}}},"branchMap":{"1":{"line":31,"type":"if","locations":[{"start":{"line":31,"column":8},"end":{"line":31,"column":8}},{"start":{"line":31,"column":8},"end":{"line":31,"column":8}}]},"2":{"line":32,"type":"cond-expr","locations":[{"start":{"line":32,"column":12},"end":{"line":32,"column":23}},{"start":{"line":32,"column":28},"end":{"line":32,"column":42}}]},"3":{"line":32,"type":"cond-expr","locations":[{"start":{"line":32,"column":12},"end":{"line":32,"column":42}},{"start":{"line":32,"column":47},"end":{"line":32,"column":58}}]},"4":{"line":37,"type":"if","locations":[{"start":{"line":37,"column":8},"end":{"line":37,"column":8}},{"start":{"line":37,"column":8},"end":{"line":37,"column":8}}]},"5":{"line":44,"type":"if","locations":[{"start":{"line":44,"column":8},"end":{"line":44,"column":8}},{"start":{"line":44,"column":8},"end":{"line":44,"column":8}}]}}},"contracts/dependencies/openzeppelin/upgradeability/InitializableAdminUpgradeabilityProxy.sol":{"l":{"30":0,"31":0,"32":0,"35":0,"45":0},"path":"/Users/kevinyao/Documents/Code/vmex/packages/contracts/contracts/dependencies/openzeppelin/upgradeability/InitializableAdminUpgradeabilityProxy.sol","s":{"1":0,"2":0,"3":0,"4":0,"5":0},"b":{"1":[0,0]},"f":{"1":0,"2":0},"fnMap":{"1":{"name":"initialize","line":25,"loc":{"start":{"line":25,"column":4},"end":{"line":36,"column":4}}},"2":{"name":"_willFallback","line":41,"loc":{"start":{"line":41,"column":4},"end":{"line":46,"column":4}}}},"statementMap":{"1":{"start":{"line":30,"column":8},"end":{"line":30,"column":47}},"2":{"start":{"line":31,"column":8},"end":{"line":31,"column":63}},"3":{"start":{"line":32,"column":8},"end":{"line":32,"column":1308}},"4":{"start":{"line":35,"column":8},"end":{"line":35,"column":23}},"5":{"start":{"line":45,"column":8},"end":{"line":45,"column":51}}},"branchMap":{"1":{"line":30,"type":"if","locations":[{"start":{"line":30,"column":8},"end":{"line":30,"column":8}},{"start":{"line":30,"column":8},"end":{"line":30,"column":8}}]}}},"contracts/dependencies/openzeppelin/upgradeability/InitializableUpgradeabilityProxy.sol":{"l":{"21":0,"22":0,"26":0,"27":0,"28":0,"29":0},"path":"/Users/kevinyao/Documents/Code/vmex/packages/contracts/contracts/dependencies/openzeppelin/upgradeability/InitializableUpgradeabilityProxy.sol","s":{"1":0,"2":0,"3":0,"4":0,"5":0,"6":0},"b":{"1":[0,0],"2":[0,0],"3":[0,0]},"f":{"1":0},"fnMap":{"1":{"name":"initialize","line":20,"loc":{"start":{"line":20,"column":4},"end":{"line":31,"column":4}}}},"statementMap":{"1":{"start":{"line":21,"column":8},"end":{"line":21,"column":47}},"2":{"start":{"line":22,"column":8},"end":{"line":22,"column":1017}},"3":{"start":{"line":26,"column":8},"end":{"line":26,"column":33}},"4":{"start":{"line":27,"column":8},"end":{"line":27,"column":1195}},"5":{"start":{"line":28,"column":12},"end":{"line":28,"column":57}},"6":{"start":{"line":29,"column":12},"end":{"line":29,"column":27}}},"branchMap":{"1":{"line":21,"type":"if","locations":[{"start":{"line":21,"column":8},"end":{"line":21,"column":8}},{"start":{"line":21,"column":8},"end":{"line":21,"column":8}}]},"2":{"line":27,"type":"if","locations":[{"start":{"line":27,"column":8},"end":{"line":27,"column":8}},{"start":{"line":27,"column":8},"end":{"line":27,"column":8}}]},"3":{"line":29,"type":"if","locations":[{"start":{"line":29,"column":12},"end":{"line":29,"column":12}},{"start":{"line":29,"column":12},"end":{"line":29,"column":12}}]}}},"contracts/dependencies/openzeppelin/upgradeability/Proxy.sol":{"l":{"17":0,"33":0,"76":0,"77":0},"path":"/Users/kevinyao/Documents/Code/vmex/packages/contracts/contracts/dependencies/openzeppelin/upgradeability/Proxy.sol","s":{"1":0,"2":0,"3":0},"b":{},"f":{"1":0,"2":0,"3":0,"4":0},"fnMap":{"1":{"name":null,"line":16,"loc":{"start":{"line":16,"column":4},"end":{"line":18,"column":4}}},"2":{"name":"_delegate","line":31,"loc":{"start":{"line":31,"column":4},"end":{"line":62,"column":4}}},"3":{"name":"_willFallback","line":69,"loc":{"start":{"line":69,"column":4},"end":{"line":69,"column":47}}},"4":{"name":"_fallback","line":75,"loc":{"start":{"line":75,"column":4},"end":{"line":78,"column":4}}}},"statementMap":{"1":{"start":{"line":17,"column":8},"end":{"line":17,"column":18}},"2":{"start":{"line":76,"column":8},"end":{"line":76,"column":22}},"3":{"start":{"line":77,"column":8},"end":{"line":77,"column":35}}},"branchMap":{}},"contracts/dependencies/openzeppelin/upgradeability/UpgradeabilityProxy.sol":{"l":{"21":0,"25":0,"26":0,"27":0,"28":0},"path":"/Users/kevinyao/Documents/Code/vmex/packages/contracts/contracts/dependencies/openzeppelin/upgradeability/UpgradeabilityProxy.sol","s":{"1":0,"2":0,"3":0,"4":0,"5":0},"b":{"1":[0,0],"2":[0,0]},"f":{"1":0},"fnMap":{"1":{"name":"constructor","line":20,"loc":{"start":{"line":20,"column":4},"end":{"line":30,"column":4}}}},"statementMap":{"1":{"start":{"line":21,"column":8},"end":{"line":21,"column":932}},"2":{"start":{"line":25,"column":8},"end":{"line":25,"column":33}},"3":{"start":{"line":26,"column":8},"end":{"line":26,"column":1110}},"4":{"start":{"line":27,"column":12},"end":{"line":27,"column":57}},"5":{"start":{"line":28,"column":12},"end":{"line":28,"column":27}}},"branchMap":{"1":{"line":26,"type":"if","locations":[{"start":{"line":26,"column":8},"end":{"line":26,"column":8}},{"start":{"line":26,"column":8},"end":{"line":26,"column":8}}]},"2":{"line":28,"type":"if","locations":[{"start":{"line":28,"column":12},"end":{"line":28,"column":12}},{"start":{"line":28,"column":12},"end":{"line":28,"column":12}}]}}},"contracts/dependencies/openzeppelin/upgradeability/UpgradeableBeacon.sol":{"l":{"29":0,"36":0,"50":0,"51":0,"62":0,"63":0},"path":"/Users/kevinyao/Documents/Code/vmex/packages/contracts/contracts/dependencies/openzeppelin/upgradeability/UpgradeableBeacon.sol","s":{"1":0,"2":0,"3":0,"4":0,"5":0},"b":{"1":[0,0],"2":[0,0]},"f":{"1":0,"2":0,"3":0,"4":0},"fnMap":{"1":{"name":"constructor","line":28,"loc":{"start":{"line":28,"column":4},"end":{"line":30,"column":4}}},"2":{"name":"implementation","line":35,"loc":{"start":{"line":35,"column":4},"end":{"line":37,"column":4}}},"3":{"name":"upgradeTo","line":49,"loc":{"start":{"line":49,"column":4},"end":{"line":52,"column":4}}},"4":{"name":"_setImplementation","line":61,"loc":{"start":{"line":61,"column":4},"end":{"line":64,"column":4}}}},"statementMap":{"1":{"start":{"line":29,"column":8},"end":{"line":29,"column":42}},"2":{"start":{"line":36,"column":8},"end":{"line":36,"column":30}},"3":{"start":{"line":50,"column":8},"end":{"line":50,"column":44}},"4":{"start":{"line":51,"column":8},"end":{"line":51,"column":40}},"5":{"start":{"line":62,"column":8},"end":{"line":62,"column":108}}},"branchMap":{"1":{"line":49,"type":"if","locations":[{"start":{"line":49,"column":65},"end":{"line":49,"column":65}},{"start":{"line":49,"column":65},"end":{"line":49,"column":65}}]},"2":{"line":62,"type":"if","locations":[{"start":{"line":62,"column":8},"end":{"line":62,"column":8}},{"start":{"line":62,"column":8},"end":{"line":62,"column":8}}]}}},"contracts/interfaces/IAaveIncentivesController.sol":{"l":{},"path":"/Users/kevinyao/Documents/Code/vmex/packages/contracts/contracts/interfaces/IAaveIncentivesController.sol","s":{},"b":{},"f":{},"fnMap":{},"statementMap":{},"branchMap":{}},"contracts/interfaces/IAToken.sol":{"l":{},"path":"/Users/kevinyao/Documents/Code/vmex/packages/contracts/contracts/interfaces/IAToken.sol","s":{},"b":{},"f":{},"fnMap":{},"statementMap":{},"branchMap":{}},"contracts/interfaces/IChainlinkAggregator.sol":{"l":{},"path":"/Users/kevinyao/Documents/Code/vmex/packages/contracts/contracts/interfaces/IChainlinkAggregator.sol","s":{},"b":{},"f":{},"fnMap":{},"statementMap":{},"branchMap":{}},"contracts/interfaces/IChainlinkPriceFeed.sol":{"l":{},"path":"/Users/kevinyao/Documents/Code/vmex/packages/contracts/contracts/interfaces/IChainlinkPriceFeed.sol","s":{},"b":{},"f":{},"fnMap":{},"statementMap":{},"branchMap":{}},"contracts/interfaces/ICreditDelegationToken.sol":{"l":{},"path":"/Users/kevinyao/Documents/Code/vmex/packages/contracts/contracts/interfaces/ICreditDelegationToken.sol","s":{},"b":{},"f":{},"fnMap":{},"statementMap":{},"branchMap":{}},"contracts/interfaces/ICurvePool.sol":{"l":{},"path":"/Users/kevinyao/Documents/Code/vmex/packages/contracts/contracts/interfaces/ICurvePool.sol","s":{},"b":{},"f":{},"fnMap":{},"statementMap":{},"branchMap":{}},"contracts/interfaces/IDelegationToken.sol":{"l":{},"path":"/Users/kevinyao/Documents/Code/vmex/packages/contracts/contracts/interfaces/IDelegationToken.sol","s":{},"b":{},"f":{},"fnMap":{},"statementMap":{},"branchMap":{}},"contracts/interfaces/IERC20WithPermit.sol":{"l":{},"path":"/Users/kevinyao/Documents/Code/vmex/packages/contracts/contracts/interfaces/IERC20WithPermit.sol","s":{},"b":{},"f":{},"fnMap":{},"statementMap":{},"branchMap":{}},"contracts/interfaces/IExchangeAdapter.sol":{"l":{},"path":"/Users/kevinyao/Documents/Code/vmex/packages/contracts/contracts/interfaces/IExchangeAdapter.sol","s":{},"b":{},"f":{},"fnMap":{},"statementMap":{},"branchMap":{}},"contracts/interfaces/IInitializableAToken.sol":{"l":{},"path":"/Users/kevinyao/Documents/Code/vmex/packages/contracts/contracts/interfaces/IInitializableAToken.sol","s":{},"b":{},"f":{},"fnMap":{},"statementMap":{},"branchMap":{}},"contracts/interfaces/IInitializableDebtToken.sol":{"l":{},"path":"/Users/kevinyao/Documents/Code/vmex/packages/contracts/contracts/interfaces/IInitializableDebtToken.sol","s":{},"b":{},"f":{},"fnMap":{},"statementMap":{},"branchMap":{}},"contracts/interfaces/ILendingPool.sol":{"l":{},"path":"/Users/kevinyao/Documents/Code/vmex/packages/contracts/contracts/interfaces/ILendingPool.sol","s":{},"b":{},"f":{},"fnMap":{},"statementMap":{},"branchMap":{}},"contracts/interfaces/ILendingPoolAddressesProvider.sol":{"l":{},"path":"/Users/kevinyao/Documents/Code/vmex/packages/contracts/contracts/interfaces/ILendingPoolAddressesProvider.sol","s":{},"b":{},"f":{},"fnMap":{},"statementMap":{},"branchMap":{}},"contracts/interfaces/ILendingPoolAddressesProviderRegistry.sol":{"l":{},"path":"/Users/kevinyao/Documents/Code/vmex/packages/contracts/contracts/interfaces/ILendingPoolAddressesProviderRegistry.sol","s":{},"b":{},"f":{},"fnMap":{},"statementMap":{},"branchMap":{}},"contracts/interfaces/ILendingPoolCollateralManager.sol":{"l":{},"path":"/Users/kevinyao/Documents/Code/vmex/packages/contracts/contracts/interfaces/ILendingPoolCollateralManager.sol","s":{},"b":{},"f":{},"fnMap":{},"statementMap":{},"branchMap":{}},"contracts/interfaces/ILendingPoolConfigurator.sol":{"l":{},"path":"/Users/kevinyao/Documents/Code/vmex/packages/contracts/contracts/interfaces/ILendingPoolConfigurator.sol","s":{},"b":{},"f":{},"fnMap":{},"statementMap":{},"branchMap":{}},"contracts/interfaces/IParaSwapAugustus.sol":{"l":{},"path":"/Users/kevinyao/Documents/Code/vmex/packages/contracts/contracts/interfaces/IParaSwapAugustus.sol","s":{},"b":{},"f":{},"fnMap":{},"statementMap":{},"branchMap":{}},"contracts/interfaces/IParaSwapAugustusRegistry.sol":{"l":{},"path":"/Users/kevinyao/Documents/Code/vmex/packages/contracts/contracts/interfaces/IParaSwapAugustusRegistry.sol","s":{},"b":{},"f":{},"fnMap":{},"statementMap":{},"branchMap":{}},"contracts/interfaces/IPriceOracle.sol":{"l":{},"path":"/Users/kevinyao/Documents/Code/vmex/packages/contracts/contracts/interfaces/IPriceOracle.sol","s":{},"b":{},"f":{},"fnMap":{},"statementMap":{},"branchMap":{}},"contracts/interfaces/IPriceOracleGetter.sol":{"l":{},"path":"/Users/kevinyao/Documents/Code/vmex/packages/contracts/contracts/interfaces/IPriceOracleGetter.sol","s":{},"b":{},"f":{},"fnMap":{},"statementMap":{},"branchMap":{}},"contracts/interfaces/IReserveInterestRateStrategy.sol":{"l":{},"path":"/Users/kevinyao/Documents/Code/vmex/packages/contracts/contracts/interfaces/IReserveInterestRateStrategy.sol","s":{},"b":{},"f":{},"fnMap":{},"statementMap":{},"branchMap":{}},"contracts/interfaces/IScaledBalanceToken.sol":{"l":{},"path":"/Users/kevinyao/Documents/Code/vmex/packages/contracts/contracts/interfaces/IScaledBalanceToken.sol","s":{},"b":{},"f":{},"fnMap":{},"statementMap":{},"branchMap":{}},"contracts/interfaces/IVariableDebtToken.sol":{"l":{},"path":"/Users/kevinyao/Documents/Code/vmex/packages/contracts/contracts/interfaces/IVariableDebtToken.sol","s":{},"b":{},"f":{},"fnMap":{},"statementMap":{},"branchMap":{}},"contracts/interfaces/IYearnToken.sol":{"l":{},"path":"/Users/kevinyao/Documents/Code/vmex/packages/contracts/contracts/interfaces/IYearnToken.sol","s":{},"b":{},"f":{},"fnMap":{},"statementMap":{},"branchMap":{}},"contracts/misc/AaveProtocolDataProvider.sol":{"l":{"31":0,"39":0,"40":0,"41":0,"42":0,"43":0,"44":0,"48":0,"50":0,"51":0,"55":0,"57":0,"62":0,"70":0,"71":0,"72":0,"73":0,"75":0,"80":0,"85":0,"136":0,"137":0,"141":0,"155":0,"156":0,"160":0,"167":0,"168":0,"170":0,"171":0,"173":0,"179":0,"196":0,"200":0,"227":0,"231":0,"235":0,"238":0,"240":0,"243":0,"244":0,"255":0,"259":0},"path":"/Users/kevinyao/Documents/Code/vmex/packages/contracts/contracts/misc/AaveProtocolDataProvider.sol","s":{"1":0,"2":0,"3":0,"4":0,"5":0,"6":0,"7":0,"8":0,"9":0,"10":0,"11":0,"12":0,"13":0,"14":0,"15":0,"16":0,"17":0,"18":0,"19":0,"20":0,"21":0,"22":0,"23":0},"b":{"1":[0,0],"2":[0,0]},"f":{"1":0,"2":0,"3":0,"4":0,"5":0,"6":0,"7":0,"8":0},"fnMap":{"1":{"name":"constructor","line":30,"loc":{"start":{"line":30,"column":4},"end":{"line":32,"column":4}}},"2":{"name":"getAllReservesTokens","line":34,"loc":{"start":{"line":34,"column":4},"end":{"line":63,"column":4}}},"3":{"name":"getAllATokens","line":65,"loc":{"start":{"line":65,"column":4},"end":{"line":86,"column":4}}},"4":{"name":"getReserveFlags","line":127,"loc":{"start":{"line":127,"column":4},"end":{"line":146,"column":4}}},"5":{"name":"getReserveConfigurationData","line":148,"loc":{"start":{"line":148,"column":4},"end":{"line":180,"column":4}}},"6":{"name":"getReserveData","line":182,"loc":{"start":{"line":182,"column":4},"end":{"line":210,"column":4}}},"7":{"name":"getUserReserveData","line":212,"loc":{"start":{"line":212,"column":4},"end":{"line":245,"column":4}}},"8":{"name":"getReserveTokensAddresses","line":247,"loc":{"start":{"line":247,"column":4},"end":{"line":263,"column":4}}}},"statementMap":{"1":{"start":{"line":39,"column":8},"end":{"line":39,"column":77}},"2":{"start":{"line":40,"column":8},"end":{"line":40,"column":67}},"3":{"start":{"line":41,"column":8},"end":{"line":41,"column":76}},"4":{"start":{"line":42,"column":8},"end":{"line":42,"column":1859}},"5":{"start":{"line":43,"column":12},"end":{"line":43,"column":1923}},"6":{"start":{"line":50,"column":12},"end":{"line":50,"column":2150}},"7":{"start":{"line":62,"column":8},"end":{"line":62,"column":29}},"8":{"start":{"line":70,"column":8},"end":{"line":70,"column":77}},"9":{"start":{"line":71,"column":8},"end":{"line":71,"column":67}},"10":{"start":{"line":72,"column":8},"end":{"line":72,"column":69}},"11":{"start":{"line":73,"column":8},"end":{"line":73,"column":2918}},"12":{"start":{"line":75,"column":12},"end":{"line":75,"column":3052}},"13":{"start":{"line":85,"column":8},"end":{"line":85,"column":22}},"14":{"start":{"line":136,"column":8},"end":{"line":136,"column":78}},"15":{"start":{"line":137,"column":8},"end":{"line":137,"column":4962}},"16":{"start":{"line":155,"column":8},"end":{"line":155,"column":78}},"17":{"start":{"line":156,"column":8},"end":{"line":156,"column":5553}},"18":{"start":{"line":196,"column":8},"end":{"line":196,"column":6936}},"19":{"start":{"line":200,"column":8},"end":{"line":200,"column":7057}},"20":{"start":{"line":227,"column":8},"end":{"line":227,"column":7913}},"21":{"start":{"line":231,"column":8},"end":{"line":231,"column":8072}},"22":{"start":{"line":255,"column":8},"end":{"line":255,"column":8938}},"23":{"start":{"line":259,"column":8},"end":{"line":259,"column":9059}}},"branchMap":{"1":{"line":43,"type":"if","locations":[{"start":{"line":43,"column":12},"end":{"line":43,"column":12}},{"start":{"line":43,"column":12},"end":{"line":43,"column":12}}]},"2":{"line":50,"type":"if","locations":[{"start":{"line":50,"column":12},"end":{"line":50,"column":12}},{"start":{"line":50,"column":12},"end":{"line":50,"column":12}}]}}},"contracts/misc/interfaces/IERC20DetailedBytes.sol":{"l":{},"path":"/Users/kevinyao/Documents/Code/vmex/packages/contracts/contracts/misc/interfaces/IERC20DetailedBytes.sol","s":{},"b":{},"f":{},"fnMap":{},"statementMap":{},"branchMap":{}},"contracts/misc/interfaces/IUniswapV2Router01.sol":{"l":{},"path":"/Users/kevinyao/Documents/Code/vmex/packages/contracts/contracts/misc/interfaces/IUniswapV2Router01.sol","s":{},"b":{},"f":{},"fnMap":{},"statementMap":{},"branchMap":{}},"contracts/misc/interfaces/IUniswapV2Router02.sol":{"l":{},"path":"/Users/kevinyao/Documents/Code/vmex/packages/contracts/contracts/misc/interfaces/IUniswapV2Router02.sol","s":{},"b":{},"f":{},"fnMap":{},"statementMap":{},"branchMap":{}},"contracts/misc/interfaces/IWETH.sol":{"l":{},"path":"/Users/kevinyao/Documents/Code/vmex/packages/contracts/contracts/misc/interfaces/IWETH.sol","s":{},"b":{},"f":{},"fnMap":{},"statementMap":{},"branchMap":{}},"contracts/misc/interfaces/IWETHGateway.sol":{"l":{},"path":"/Users/kevinyao/Documents/Code/vmex/packages/contracts/contracts/misc/interfaces/IWETHGateway.sol","s":{},"b":{},"f":{},"fnMap":{},"statementMap":{},"branchMap":{}},"contracts/misc/WalletBalanceProvider.sol":{"l":{"35":0,"49":0,"50":0,"53":0,"55":0,"69":0,"71":0,"72":0,"73":0,"80":0,"91":0,"95":0,"96":0,"97":0,"98":0,"100":0,"102":0,"104":0,"106":0,"109":0,"116":0,"117":0,"118":0,"120":0,"122":0,"124":0},"path":"/Users/kevinyao/Documents/Code/vmex/packages/contracts/contracts/misc/WalletBalanceProvider.sol","s":{"1":0,"2":0,"3":0,"4":0,"5":0,"6":0,"7":0,"8":0,"9":0,"10":0,"11":0,"12":0,"13":0,"14":0,"15":0,"16":0,"17":0,"18":0,"19":0},"b":{"1":[0,0],"2":[0,0],"3":[0,0],"4":[0,0]},"f":{"1":0,"2":0,"3":0},"fnMap":{"1":{"name":"balanceOf","line":44,"loc":{"start":{"line":44,"column":4},"end":{"line":56,"column":4}}},"2":{"name":"batchBalanceOf","line":64,"loc":{"start":{"line":64,"column":4},"end":{"line":81,"column":4}}},"3":{"name":"getUserWalletBalances","line":86,"loc":{"start":{"line":86,"column":4},"end":{"line":125,"column":4}}}},"statementMap":{"1":{"start":{"line":49,"column":8},"end":{"line":49,"column":1950}},"2":{"start":{"line":50,"column":12},"end":{"line":50,"column":31}},"3":{"start":{"line":52,"column":15},"end":{"line":52,"column":2099}},"4":{"start":{"line":53,"column":12},"end":{"line":53,"column":48}},"5":{"start":{"line":55,"column":8},"end":{"line":55,"column":30}},"6":{"start":{"line":69,"column":8},"end":{"line":69,"column":79}},"7":{"start":{"line":71,"column":8},"end":{"line":71,"column":2750}},"8":{"start":{"line":72,"column":12},"end":{"line":72,"column":2811}},"9":{"start":{"line":80,"column":8},"end":{"line":80,"column":23}},"10":{"start":{"line":91,"column":8},"end":{"line":91,"column":3331}},"11":{"start":{"line":95,"column":8},"end":{"line":95,"column":67}},"12":{"start":{"line":96,"column":8},"end":{"line":96,"column":77}},"13":{"start":{"line":97,"column":8},"end":{"line":97,"column":3601}},"14":{"start":{"line":102,"column":8},"end":{"line":102,"column":73}},"15":{"start":{"line":104,"column":8},"end":{"line":104,"column":3851}},"16":{"start":{"line":106,"column":12},"end":{"line":106,"column":4036}},"17":{"start":{"line":109,"column":12},"end":{"line":109,"column":4126}},"18":{"start":{"line":116,"column":12},"end":{"line":116,"column":4369}},"19":{"start":{"line":124,"column":8},"end":{"line":124,"column":42}}},"branchMap":{"1":{"line":35,"type":"if","locations":[{"start":{"line":35,"column":8},"end":{"line":35,"column":8}},{"start":{"line":35,"column":8},"end":{"line":35,"column":8}}]},"2":{"line":49,"type":"if","locations":[{"start":{"line":49,"column":8},"end":{"line":49,"column":8}},{"start":{"line":49,"column":8},"end":{"line":49,"column":8}}]},"3":{"line":52,"type":"if","locations":[{"start":{"line":52,"column":15},"end":{"line":52,"column":15}},{"start":{"line":52,"column":15},"end":{"line":52,"column":15}}]},"4":{"line":116,"type":"if","locations":[{"start":{"line":116,"column":12},"end":{"line":116,"column":12}},{"start":{"line":116,"column":12},"end":{"line":116,"column":12}}]}}},"contracts/misc/WETHGateway.sol":{"l":{"26":0,"30":0,"46":0,"47":0,"68":0,"73":0,"74":0,"77":0,"78":0,"80":0,"81":0,"87":0,"88":0,"104":0,"113":0,"115":0,"116":0,"118":0,"122":0,"123":0,"131":0,"132":0,"148":0,"155":0,"156":0,"165":0,"166":0,"181":0,"194":0,"201":0,"208":0,"215":0},"path":"/Users/kevinyao/Documents/Code/vmex/packages/contracts/contracts/misc/WETHGateway.sol","s":{"1":0,"2":0,"3":0,"4":0,"5":0,"6":0,"7":0,"8":0,"9":0,"10":0,"11":0,"12":0,"13":0,"14":0,"15":0,"16":0,"17":0,"18":0,"19":0,"20":0,"21":0,"22":0,"23":0,"24":0,"25":0,"26":0,"27":0,"28":0},"b":{"1":[0,0],"2":[0,0],"3":[0,0],"4":[0,0],"5":[0,0],"6":[0,0],"7":[0,0],"8":[0,0],"9":[0,0]},"f":{"1":0,"2":0,"3":0,"4":0,"5":0,"6":0,"7":0,"8":0,"9":0,"10":0,"11":0},"fnMap":{"1":{"name":"constructor","line":25,"loc":{"start":{"line":25,"column":4},"end":{"line":27,"column":4}}},"2":{"name":"authorizeLendingPool","line":29,"loc":{"start":{"line":29,"column":4},"end":{"line":31,"column":4}}},"3":{"name":"depositETH","line":40,"loc":{"start":{"line":40,"column":4},"end":{"line":54,"column":4}}},"4":{"name":"withdrawETH","line":62,"loc":{"start":{"line":62,"column":4},"end":{"line":89,"column":4}}},"5":{"name":"repayETH","line":98,"loc":{"start":{"line":98,"column":4},"end":{"line":133,"column":4}}},"6":{"name":"borrowETH","line":142,"loc":{"start":{"line":142,"column":4},"end":{"line":157,"column":4}}},"7":{"name":"_safeTransferETH","line":164,"loc":{"start":{"line":164,"column":4},"end":{"line":167,"column":4}}},"8":{"name":"emergencyTokenTransfer","line":180,"loc":{"start":{"line":176,"column":4},"end":{"line":182,"column":4}}},"9":{"name":"emergencyEtherTransfer","line":192,"loc":{"start":{"line":190,"column":4},"end":{"line":195,"column":4}}},"10":{"name":"getWETHAddress","line":200,"loc":{"start":{"line":200,"column":4},"end":{"line":202,"column":4}}},"11":{"name":null,"line":214,"loc":{"start":{"line":214,"column":4},"end":{"line":216,"column":4}}}},"statementMap":{"1":{"start":{"line":30,"column":8},"end":{"line":30,"column":51}},"2":{"start":{"line":46,"column":8},"end":{"line":46,"column":39}},"3":{"start":{"line":47,"column":8},"end":{"line":47,"column":2028}},"4":{"start":{"line":68,"column":8},"end":{"line":68,"column":2645}},"5":{"start":{"line":73,"column":8},"end":{"line":73,"column":57}},"6":{"start":{"line":74,"column":8},"end":{"line":74,"column":41}},"7":{"start":{"line":77,"column":8},"end":{"line":77,"column":3006}},"8":{"start":{"line":80,"column":8},"end":{"line":80,"column":70}},"9":{"start":{"line":81,"column":8},"end":{"line":81,"column":3176}},"10":{"start":{"line":87,"column":8},"end":{"line":87,"column":38}},"11":{"start":{"line":88,"column":8},"end":{"line":88,"column":45}},"12":{"start":{"line":104,"column":8},"end":{"line":104,"column":4048}},"13":{"start":{"line":113,"column":8},"end":{"line":113,"column":44}},"14":{"start":{"line":115,"column":8},"end":{"line":115,"column":4353}},"15":{"start":{"line":118,"column":8},"end":{"line":118,"column":4437}},"16":{"start":{"line":122,"column":8},"end":{"line":122,"column":43}},"17":{"start":{"line":123,"column":8},"end":{"line":123,"column":4605}},"18":{"start":{"line":131,"column":8},"end":{"line":131,"column":4850}},"19":{"start":{"line":132,"column":12},"end":{"line":132,"column":66}},"20":{"start":{"line":148,"column":8},"end":{"line":148,"column":5543}},"21":{"start":{"line":155,"column":8},"end":{"line":155,"column":28}},"22":{"start":{"line":156,"column":8},"end":{"line":156,"column":43}},"23":{"start":{"line":165,"column":8},"end":{"line":165,"column":62}},"24":{"start":{"line":166,"column":8},"end":{"line":166,"column":46}},"25":{"start":{"line":181,"column":8},"end":{"line":181,"column":41}},"26":{"start":{"line":194,"column":8},"end":{"line":194,"column":35}},"27":{"start":{"line":201,"column":8},"end":{"line":201,"column":28}},"28":{"start":{"line":215,"column":8},"end":{"line":215,"column":37}}},"branchMap":{"1":{"line":29,"type":"if","locations":[{"start":{"line":29,"column":64},"end":{"line":29,"column":64}},{"start":{"line":29,"column":64},"end":{"line":29,"column":64}}]},"2":{"line":77,"type":"if","locations":[{"start":{"line":77,"column":8},"end":{"line":77,"column":8}},{"start":{"line":77,"column":8},"end":{"line":77,"column":8}}]},"3":{"line":115,"type":"if","locations":[{"start":{"line":115,"column":8},"end":{"line":115,"column":8}},{"start":{"line":115,"column":8},"end":{"line":115,"column":8}}]},"4":{"line":118,"type":"if","locations":[{"start":{"line":118,"column":8},"end":{"line":118,"column":8}},{"start":{"line":118,"column":8},"end":{"line":118,"column":8}}]},"5":{"line":131,"type":"if","locations":[{"start":{"line":131,"column":8},"end":{"line":131,"column":8}},{"start":{"line":131,"column":8},"end":{"line":131,"column":8}}]},"6":{"line":166,"type":"if","locations":[{"start":{"line":166,"column":8},"end":{"line":166,"column":8}},{"start":{"line":166,"column":8},"end":{"line":166,"column":8}}]},"7":{"line":180,"type":"if","locations":[{"start":{"line":180,"column":15},"end":{"line":180,"column":15}},{"start":{"line":180,"column":15},"end":{"line":180,"column":15}}]},"8":{"line":192,"type":"if","locations":[{"start":{"line":192,"column":8},"end":{"line":192,"column":8}},{"start":{"line":192,"column":8},"end":{"line":192,"column":8}}]},"9":{"line":208,"type":"if","locations":[{"start":{"line":208,"column":8},"end":{"line":208,"column":8}},{"start":{"line":208,"column":8},"end":{"line":208,"column":8}}]}}},"contracts/mocks/attacks/SefldestructTransfer.sol":{"l":{"6":0},"path":"/Users/kevinyao/Documents/Code/vmex/packages/contracts/contracts/mocks/attacks/SefldestructTransfer.sol","s":{"1":0},"b":{},"f":{"1":0},"fnMap":{"1":{"name":"destroyAndTransfer","line":5,"loc":{"start":{"line":5,"column":4},"end":{"line":7,"column":4}}}},"statementMap":{"1":{"start":{"line":6,"column":8},"end":{"line":6,"column":23}}},"branchMap":{}},"contracts/mocks/convex/BaseRewardPool.sol":{"l":{"8":0,"12":0,"16":0,"20":0,"24":0,"28":0,"32":0,"39":0,"43":0,"50":0,"54":0},"path":"/Users/kevinyao/Documents/Code/vmex/packages/contracts/contracts/mocks/convex/BaseRewardPool.sol","s":{"1":0,"2":0,"3":0,"4":0,"5":0,"6":0,"7":0,"8":0,"9":0,"10":0,"11":0},"b":{},"f":{"1":0,"2":0,"3":0,"4":0,"5":0,"6":0,"7":0,"8":0,"9":0,"10":0,"11":0},"fnMap":{"1":{"name":"balanceOf","line":7,"loc":{"start":{"line":7,"column":4},"end":{"line":9,"column":4}}},"2":{"name":"extraRewardsLength","line":11,"loc":{"start":{"line":11,"column":4},"end":{"line":13,"column":4}}},"3":{"name":"earned","line":15,"loc":{"start":{"line":15,"column":4},"end":{"line":17,"column":4}}},"4":{"name":"stake","line":19,"loc":{"start":{"line":19,"column":4},"end":{"line":21,"column":4}}},"5":{"name":"stakeAll","line":23,"loc":{"start":{"line":23,"column":4},"end":{"line":25,"column":4}}},"6":{"name":"withdraw","line":27,"loc":{"start":{"line":27,"column":4},"end":{"line":29,"column":4}}},"7":{"name":"withdrawAll","line":31,"loc":{"start":{"line":31,"column":4},"end":{"line":33,"column":4}}},"8":{"name":"withdrawAndUnwrap","line":35,"loc":{"start":{"line":35,"column":4},"end":{"line":40,"column":4}}},"9":{"name":"withdrawAllAndUnwrap","line":42,"loc":{"start":{"line":42,"column":4},"end":{"line":44,"column":4}}},"10":{"name":"getReward","line":46,"loc":{"start":{"line":46,"column":4},"end":{"line":51,"column":4}}},"11":{"name":"getReward","line":53,"loc":{"start":{"line":53,"column":4},"end":{"line":55,"column":4}}}},"statementMap":{"1":{"start":{"line":8,"column":8},"end":{"line":8,"column":16}},"2":{"start":{"line":12,"column":8},"end":{"line":12,"column":16}},"3":{"start":{"line":16,"column":8},"end":{"line":16,"column":16}},"4":{"start":{"line":20,"column":8},"end":{"line":20,"column":19}},"5":{"start":{"line":24,"column":8},"end":{"line":24,"column":19}},"6":{"start":{"line":28,"column":8},"end":{"line":28,"column":19}},"7":{"start":{"line":32,"column":8},"end":{"line":32,"column":25}},"8":{"start":{"line":39,"column":8},"end":{"line":39,"column":19}},"9":{"start":{"line":43,"column":8},"end":{"line":43,"column":34}},"10":{"start":{"line":50,"column":8},"end":{"line":50,"column":19}},"11":{"start":{"line":54,"column":8},"end":{"line":54,"column":19}}},"branchMap":{}},"contracts/mocks/convex/Booster.sol":{"l":{"25":0,"26":0,"35":0,"40":0,"45":0,"54":0,"61":0},"path":"/Users/kevinyao/Documents/Code/vmex/packages/contracts/contracts/mocks/convex/Booster.sol","s":{"1":0,"2":0,"3":0,"4":0,"5":0,"6":0},"b":{},"f":{"1":0,"2":0,"3":0,"4":0,"5":0,"6":0},"fnMap":{"1":{"name":"addPool","line":20,"loc":{"start":{"line":20,"column":4},"end":{"line":27,"column":4}}},"2":{"name":"deposit","line":30,"loc":{"start":{"line":30,"column":4},"end":{"line":36,"column":4}}},"3":{"name":"withdraw","line":39,"loc":{"start":{"line":39,"column":4},"end":{"line":41,"column":4}}},"4":{"name":"withdrawAll","line":44,"loc":{"start":{"line":44,"column":4},"end":{"line":46,"column":4}}},"5":{"name":"withdrawTo","line":49,"loc":{"start":{"line":49,"column":4},"end":{"line":55,"column":4}}},"6":{"name":"claimRewards","line":57,"loc":{"start":{"line":57,"column":4},"end":{"line":62,"column":4}}}},"statementMap":{"1":{"start":{"line":26,"column":8},"end":{"line":26,"column":19}},"2":{"start":{"line":35,"column":8},"end":{"line":35,"column":19}},"3":{"start":{"line":40,"column":8},"end":{"line":40,"column":19}},"4":{"start":{"line":45,"column":8},"end":{"line":4
[...]
e":"if","locations":[{"start":{"line":210,"column":8},"end":{"line":210,"column":8}},{"start":{"line":210,"column":8},"end":{"line":210,"column":8}}]},"10":{"line":235,"type":"if","locations":[{"start":{"line":235,"column":8},"end":{"line":235,"column":8}},{"start":{"line":235,"column":8},"end":{"line":235,"column":8}}]},"11":{"line":237,"type":"if","locations":[{"start":{"line":237,"column":8},"end":{"line":237,"column":8}},{"start":{"line":237,"column":8},"end":{"line":237,"column":8}}]},"12":{"line":264,"type":"if","locations":[{"start":{"line":264,"column":24},"end":{"line":264,"column":24}},{"start":{"line":264,"column":24},"end":{"line":264,"column":24}}]},"13":{"line":333,"type":"if","locations":[{"start":{"line":333,"column":8},"end":{"line":333,"column":8}},{"start":{"line":333,"column":8},"end":{"line":333,"column":8}}]},"14":{"line":404,"type":"if","locations":[{"start":{"line":404,"column":8},"end":{"line":404,"column":8}},{"start":{"line":404,"column":8},"end":{"line":404,"column":8}}]},"15":{"line":419,"type":"if","locations":[{"start":{"line":419,"column":8},"end":{"line":419,"column":8}},{"start":{"line":419,"column":8},"end":{"line":419,"column":8}}]},"16":{"line":442,"type":"if","locations":[{"start":{"line":442,"column":8},"end":{"line":442,"column":8}},{"start":{"line":442,"column":8},"end":{"line":442,"column":8}}]},"17":{"line":444,"type":"if","locations":[{"start":{"line":444,"column":8},"end":{"line":444,"column":8}},{"start":{"line":444,"column":8},"end":{"line":444,"column":8}}]},"18":{"line":462,"type":"if","locations":[{"start":{"line":462,"column":8},"end":{"line":462,"column":8}},{"start":{"line":462,"column":8},"end":{"line":462,"column":8}}]},"19":{"line":494,"type":"if","locations":[{"start":{"line":494,"column":8},"end":{"line":494,"column":8}},{"start":{"line":494,"column":8},"end":{"line":494,"column":8}}]}}},"contracts/protocol/tokenization/base/DebtTokenBase.sol":{"l":{"35":0,"39":0,"53":0,"54":0,"74":0,"87":0,"88":0,"89":0,"99":0,"100":0,"101":0,"110":0,"111":0,"112":0,"120":0,"121":0,"122":0,"123":0,"132":0,"133":0,"134":0,"143":0,"144":0,"145":0,"153":0,"159":0,"161":0},"path":"/Users/kevinyao/Documents/Code/vmex/packages/contracts/contracts/protocol/tokenization/base/DebtTokenBase.sol","s":{"1":0,"2":0,"3":0,"4":0,"5":0,"6":0,"7":0,"8":0,"9":0,"10":0,"11":0},"b":{"1":[0,0]},"f":{"1":0,"2":0,"3":0,"4":0,"5":0,"6":0,"7":0,"8":0,"9":0,"10":0},"fnMap":{"1":{"name":"onlyLendingPool","line":34,"loc":{"start":{"line":34,"column":4},"end":{"line":40,"column":4}}},"2":{"name":"approveDelegation","line":49,"loc":{"start":{"line":49,"column":4},"end":{"line":60,"column":4}}},"3":{"name":"borrowAllowance","line":68,"loc":{"start":{"line":68,"column":4},"end":{"line":75,"column":4}}},"4":{"name":"transfer","line":81,"loc":{"start":{"line":81,"column":4},"end":{"line":90,"column":4}}},"5":{"name":"allowance","line":92,"loc":{"start":{"line":92,"column":4},"end":{"line":102,"column":4}}},"6":{"name":"approve","line":104,"loc":{"start":{"line":104,"column":4},"end":{"line":113,"column":4}}},"7":{"name":"transferFrom","line":115,"loc":{"start":{"line":115,"column":4},"end":{"line":124,"column":4}}},"8":{"name":"increaseAllowance","line":126,"loc":{"start":{"line":126,"column":4},"end":{"line":135,"column":4}}},"9":{"name":"decreaseAllowance","line":137,"loc":{"start":{"line":137,"column":4},"end":{"line":146,"column":4}}},"10":{"name":"_decreaseBorrowAllowance","line":148,"loc":{"start":{"line":148,"column":4},"end":{"line":167,"column":4}}}},"statementMap":{"1":{"start":{"line":35,"column":8},"end":{"line":35,"column":1085}},"2":{"start":{"line":54,"column":8},"end":{"line":54,"column":1777}},"3":{"start":{"line":74,"column":8},"end":{"line":74,"column":50}},"4":{"start":{"line":89,"column":8},"end":{"line":89,"column":39}},"5":{"start":{"line":101,"column":8},"end":{"line":101,"column":40}},"6":{"start":{"line":112,"column":8},"end":{"line":112,"column":39}},"7":{"start":{"line":123,"column":8},"end":{"line":123,"column":39}},"8":{"start":{"line":134,"column":8},"end":{"line":134,"column":40}},"9":{"start":{"line":145,"column":8},"end":{"line":145,"column":40}},"10":{"start":{"line":153,"column":8},"end":{"line":153,"column":4044}},"11":{"start":{"line":161,"column":8},"end":{"line":161,"column":4284}}},"branchMap":{"1":{"line":35,"type":"if","locations":[{"start":{"line":35,"column":8},"end":{"line":35,"column":8}},{"start":{"line":35,"column":8},"end":{"line":35,"column":8}}]}}},"contracts/protocol/tokenization/DelegationAwareAToken.sol":{"l":{"16":0,"21":0,"29":0},"path":"/Users/kevinyao/Documents/Code/vmex/packages/contracts/contracts/protocol/tokenization/DelegationAwareAToken.sol","s":{"1":0,"2":0},"b":{"1":[0,0],"2":[0,0]},"f":{"1":0,"2":0},"fnMap":{"1":{"name":"onlyGlobalAdmin","line":15,"loc":{"start":{"line":15,"column":4},"end":{"line":22,"column":4}}},"2":{"name":"delegateUnderlyingTo","line":28,"loc":{"start":{"line":28,"column":4},"end":{"line":30,"column":4}}}},"statementMap":{"1":{"start":{"line":16,"column":8},"end":{"line":16,"column":598}},"2":{"start":{"line":29,"column":8},"end":{"line":29,"column":61}}},"branchMap":{"1":{"line":16,"type":"if","locations":[{"start":{"line":16,"column":8},"end":{"line":16,"column":8}},{"start":{"line":16,"column":8},"end":{"line":16,"column":8}}]},"2":{"line":28,"type":"if","locations":[{"start":{"line":28,"column":62},"end":{"line":28,"column":62}},{"start":{"line":28,"column":62},"end":{"line":28,"column":62}}]}}},"contracts/protocol/tokenization/IncentivizedERC20.sol":{"l":{"35":0,"36":0,"37":0,"44":0,"51":0,"58":0,"65":0,"78":0,"103":0,"104":0,"105":0,"121":0,"135":0,"136":0,"151":0,"152":0,"160":0,"161":0,"175":0,"180":0,"194":0,"202":0,"210":0,"211":0,"213":0,"215":0,"216":0,"220":0,"221":0,"223":0,"224":0,"225":0,"230":0,"231":0,"241":0,"243":0,"245":0,"246":0,"248":0,"249":0,"251":0,"252":0,"261":0,"263":0,"265":0,"266":0,"268":0,"269":0,"274":0,"275":0,"288":0,"289":0,"291":0,"292":0,"296":0,"300":0,"304":0},"path":"/Users/kevinyao/Documents/Code/vmex/packages/contracts/contracts/protocol/tokenization/IncentivizedERC20.sol","s":{"1":0,"2":0,"3":0,"4":0,"5":0,"6":0,"7":0,"8":0,"9":0,"10":0,"11":0,"12":0,"13":0,"14":0,"15":0,"16":0,"17":0,"18":0,"19":0,"20":0,"21":0,"22":0,"23":0,"24":0,"25":0,"26":0,"27":0,"28":0,"29":0,"30":0,"31":0,"32":0,"33":0,"34":0,"35":0,"36":0,"37":0,"38":0,"39":0,"40":0,"41":0,"42":0,"43":0,"44":0},"b":{"1":[0,0],"2":[0,0],"3":[0,0],"4":[0,0],"5":[0,0],"6":[0,0],"7":[0,0],"8":[0,0],"9":[0,0],"10":[0,0]},"f":{"1":0,"2":0,"3":0,"4":0,"5":0,"6":0,"7":0,"8":0,"9":0,"10":0,"11":0,"12":0,"13":0,"14":0,"15":0,"16":0,"17":0,"18":0,"19":0,"20":0},"fnMap":{"1":{"name":"constructor","line":30,"loc":{"start":{"line":30,"column":4},"end":{"line":38,"column":4}}},"2":{"name":"name","line":43,"loc":{"start":{"line":43,"column":4},"end":{"line":45,"column":4}}},"3":{"name":"symbol","line":50,"loc":{"start":{"line":50,"column":4},"end":{"line":52,"column":4}}},"4":{"name":"decimals","line":57,"loc":{"start":{"line":57,"column":4},"end":{"line":59,"column":4}}},"5":{"name":"totalSupply","line":64,"loc":{"start":{"line":64,"column":4},"end":{"line":66,"column":4}}},"6":{"name":"balanceOf","line":71,"loc":{"start":{"line":71,"column":4},"end":{"line":79,"column":4}}},"7":{"name":"transfer","line":97,"loc":{"start":{"line":97,"column":4},"end":{"line":106,"column":4}}},"8":{"name":"allowance","line":114,"loc":{"start":{"line":114,"column":4},"end":{"line":122,"column":4}}},"9":{"name":"approve","line":129,"loc":{"start":{"line":129,"column":4},"end":{"line":137,"column":4}}},"10":{"name":"transferFrom","line":146,"loc":{"start":{"line":146,"column":4},"end":{"line":162,"column":4}}},"11":{"name":"increaseAllowance","line":170,"loc":{"start":{"line":170,"column":4},"end":{"line":181,"column":4}}},"12":{"name":"decreaseAllowance","line":189,"loc":{"start":{"line":189,"column":4},"end":{"line":203,"column":4}}},"13":{"name":"_transfer","line":205,"loc":{"start":{"line":205,"column":4},"end":{"line":238,"column":4}}},"14":{"name":"_mint","line":240,"loc":{"start":{"line":240,"column":4},"end":{"line":258,"column":4}}},"15":{"name":"_burn","line":260,"loc":{"start":{"line":260,"column":4},"end":{"line":281,"column":4}}},"16":{"name":"_approve","line":283,"loc":{"start":{"line":283,"column":4},"end":{"line":293,"column":4}}},"17":{"name":"_setName","line":295,"loc":{"start":{"line":295,"column":4},"end":{"line":297,"column":4}}},"18":{"name":"_setSymbol","line":299,"loc":{"start":{"line":299,"column":4},"end":{"line":301,"column":4}}},"19":{"name":"_setDecimals","line":303,"loc":{"start":{"line":303,"column":4},"end":{"line":305,"column":4}}},"20":{"name":"_beforeTokenTransfer","line":307,"loc":{"start":{"line":307,"column":4},"end":{"line":311,"column":24}}}},"statementMap":{"1":{"start":{"line":44,"column":8},"end":{"line":44,"column":20}},"2":{"start":{"line":51,"column":8},"end":{"line":51,"column":22}},"3":{"start":{"line":58,"column":8},"end":{"line":58,"column":24}},"4":{"start":{"line":65,"column":8},"end":{"line":65,"column":27}},"5":{"start":{"line":78,"column":8},"end":{"line":78,"column":33}},"6":{"start":{"line":103,"column":8},"end":{"line":103,"column":49}},"7":{"start":{"line":104,"column":8},"end":{"line":104,"column":54}},"8":{"start":{"line":105,"column":8},"end":{"line":105,"column":19}},"9":{"start":{"line":121,"column":8},"end":{"line":121,"column":42}},"10":{"start":{"line":135,"column":8},"end":{"line":135,"column":46}},"11":{"start":{"line":136,"column":8},"end":{"line":136,"column":19}},"12":{"start":{"line":151,"column":8},"end":{"line":151,"column":43}},"13":{"start":{"line":152,"column":8},"end":{"line":152,"column":4323}},"14":{"start":{"line":160,"column":8},"end":{"line":160,"column":48}},"15":{"start":{"line":161,"column":8},"end":{"line":161,"column":19}},"16":{"start":{"line":175,"column":8},"end":{"line":175,"column":5006}},"17":{"start":{"line":180,"column":8},"end":{"line":180,"column":19}},"18":{"start":{"line":194,"column":8},"end":{"line":194,"column":5570}},"19":{"start":{"line":202,"column":8},"end":{"line":202,"column":19}},"20":{"start":{"line":210,"column":8},"end":{"line":210,"column":77}},"21":{"start":{"line":211,"column":8},"end":{"line":211,"column":78}},"22":{"start":{"line":213,"column":8},"end":{"line":213,"column":54}},"23":{"start":{"line":215,"column":8},"end":{"line":215,"column":52}},"24":{"start":{"line":220,"column":8},"end":{"line":220,"column":58}},"25":{"start":{"line":223,"column":8},"end":{"line":223,"column":6486}},"26":{"start":{"line":224,"column":12},"end":{"line":224,"column":53}},"27":{"start":{"line":225,"column":12},"end":{"line":225,"column":6614}},"28":{"start":{"line":230,"column":12},"end":{"line":230,"column":6775}},"29":{"start":{"line":231,"column":16},"end":{"line":231,"column":6822}},"30":{"start":{"line":241,"column":8},"end":{"line":241,"column":72}},"31":{"start":{"line":243,"column":8},"end":{"line":243,"column":56}},"32":{"start":{"line":245,"column":8},"end":{"line":245,"column":45}},"33":{"start":{"line":248,"column":8},"end":{"line":248,"column":54}},"34":{"start":{"line":251,"column":8},"end":{"line":251,"column":7447}},"35":{"start":{"line":252,"column":12},"end":{"line":252,"column":7520}},"36":{"start":{"line":261,"column":8},"end":{"line":261,"column":74}},"37":{"start":{"line":263,"column":8},"end":{"line":263,"column":56}},"38":{"start":{"line":265,"column":8},"end":{"line":265,"column":45}},"39":{"start":{"line":268,"column":8},"end":{"line":268,"column":54}},"40":{"start":{"line":274,"column":8},"end":{"line":274,"column":8185}},"41":{"start":{"line":275,"column":12},"end":{"line":275,"column":8258}},"42":{"start":{"line":288,"column":8},"end":{"line":288,"column":75}},"43":{"start":{"line":289,"column":8},"end":{"line":289,"column":75}},"44":{"start":{"line":292,"column":8},"end":{"line":292,"column":45}}},"branchMap":{"1":{"line":210,"type":"if","locations":[{"start":{"line":210,"column":8},"end":{"line":210,"column":8}},{"start":{"line":210,"column":8},"end":{"line":210,"column":8}}]},"2":{"line":211,"type":"if","locations":[{"start":{"line":211,"column":8},"end":{"line":211,"column":8}},{"start":{"line":211,"column":8},"end":{"line":211,"column":8}}]},"3":{"line":223,"type":"if","locations":[{"start":{"line":223,"column":8},"end":{"line":223,"column":8}},{"start":{"line":223,"column":8},"end":{"line":223,"column":8}}]},"4":{"line":230,"type":"if","locations":[{"start":{"line":230,"column":12},"end":{"line":230,"column":12}},{"start":{"line":230,"column":12},"end":{"line":230,"column":12}}]},"5":{"line":241,"type":"if","locations":[{"start":{"line":241,"column":8},"end":{"line":241,"column":8}},{"start":{"line":241,"column":8},"end":{"line":241,"column":8}}]},"6":{"line":251,"type":"if","locations":[{"start":{"line":251,"column":8},"end":{"line":251,"column":8}},{"start":{"line":251,"column":8},"end":{"line":251,"column":8}}]},"7":{"line":261,"type":"if","locations":[{"start":{"line":261,"column":8},"end":{"line":261,"column":8}},{"start":{"line":261,"column":8},"end":{"line":261,"column":8}}]},"8":{"line":274,"type":"if","locations":[{"start":{"line":274,"column":8},"end":{"line":274,"column":8}},{"start":{"line":274,"column":8},"end":{"line":274,"column":8}}]},"9":{"line":288,"type":"if","locations":[{"start":{"line":288,"column":8},"end":{"line":288,"column":8}},{"start":{"line":288,"column":8},"end":{"line":288,"column":8}}]},"10":{"line":289,"type":"if","locations":[{"start":{"line":289,"column":8},"end":{"line":289,"column":8}},{"start":{"line":289,"column":8},"end":{"line":289,"column":8}}]}}},"contracts/protocol/tokenization/VariableDebtToken.sol":{"l":{"44":0,"45":0,"52":0,"60":0,"61":0,"62":0,"64":0,"65":0,"66":0,"67":0,"69":0,"85":0,"99":0,"101":0,"102":0,"105":0,"130":0,"131":0,"134":0,"135":0,"136":0,"138":0,"140":0,"141":0,"143":0,"158":0,"159":0,"161":0,"163":0,"164":0,"178":0,"186":0,"206":0,"221":0,"228":0,"240":0,"247":0,"256":0,"265":0,"269":0},"path":"/Users/kevinyao/Documents/Code/vmex/packages/contracts/contracts/protocol/tokenization/VariableDebtToken.sol","s":{"1":0,"2":0,"3":0,"4":0,"5":0,"6":0,"7":0,"8":0,"9":0,"10":0,"11":0,"12":0,"13":0,"14":0,"15":0,"16":0,"17":0,"18":0,"19":0,"20":0,"21":0,"22":0,"23":0,"24":0,"25":0,"26":0,"27":0,"28":0,"29":0,"30":0,"31":0,"32":0,"33":0,"34":0,"35":0,"36":0},"b":{"1":[0,0],"2":[0,0],"3":[0,0],"4":[0,0],"5":[0,0],"6":[0,0],"7":[0,0]},"f":{"1":0,"2":0,"3":0,"4":0,"5":0,"6":0,"7":0,"8":0,"9":0,"10":0,"11":0,"12":0,"13":0,"14":0,"15":0},"fnMap":{"1":{"name":"initialize","line":42,"loc":{"start":{"line":37,"column":4},"end":{"line":78,"column":4}}},"2":{"name":"getRevision","line":84,"loc":{"start":{"line":84,"column":4},"end":{"line":86,"column":4}}},"3":{"name":"balanceOf","line":92,"loc":{"start":{"line":92,"column":4},"end":{"line":112,"column":4}}},"4":{"name":"mint","line":129,"loc":{"start":{"line":124,"column":4},"end":{"line":144,"column":4}}},"5":{"name":"burn","line":157,"loc":{"start":{"line":153,"column":4},"end":{"line":165,"column":4}}},"6":{"name":"scaledBalanceOf","line":171,"loc":{"start":{"line":171,"column":4},"end":{"line":179,"column":4}}},"7":{"name":"totalSupply","line":185,"loc":{"start":{"line":185,"column":4},"end":{"line":193,"column":4}}},"8":{"name":"scaledTotalSupply","line":199,"loc":{"start":{"line":199,"column":4},"end":{"line":207,"column":4}}},"9":{"name":"getScaledUserBalanceAndSupply","line":215,"loc":{"start":{"line":215,"column":4},"end":{"line":222,"column":4}}},"10":{"name":"UNDERLYING_ASSET_ADDRESS","line":227,"loc":{"start":{"line":227,"column":4},"end":{"line":229,"column":4}}},"11":{"name":"getIncentivesController","line":234,"loc":{"start":{"line":234,"column":4},"end":{"line":241,"column":4}}},"12":{"name":"POOL","line":246,"loc":{"start":{"line":246,"column":4},"end":{"line":248,"column":4}}},"13":{"name":"_getIncentivesController","line":250,"loc":{"start":{"line":250,"column":4},"end":{"line":257,"column":4}}},"14":{"name":"_getUnderlyingAssetAddress","line":259,"loc":{"start":{"line":259,"column":4},"end":{"line":266,"column":4}}},"15":{"name":"_getLendingPool","line":268,"loc":{"start":{"line":268,"column":4},"end":{"line":270,"column":4}}}},"statementMap":{"1":{"start":{"line":44,"column":8},"end":{"line":44,"column":76}},"2":{"start":{"line":45,"column":8},"end":{"line":45,"column":1902}},"3":{"start":{"line":52,"column":8},"end":{"line":52,"column":2185}},"4":{"start":{"line":60,"column":8},"end":{"line":60,"column":30}},"5":{"start":{"line":61,"column":8},"end":{"line":61,"column":34}},"6":{"start":{"line":62,"column":8},"end":{"line":62,"column":38}},"7":{"start":{"line":69,"column":8},"end":{"line":69,"column":2707}},"8":{"start":{"line":85,"column":8},"end":{"line":85,"column":34}},"9":{"start":{"line":99,"column":8},"end":{"line":99,"column":53}},"10":{"start":{"line":101,"column":8},"end":{"line":101,"column":3530}},"11":{"start":{"line":102,"column":12},"end":{"line":102,"column":20}},"12":{"start":{"line":105,"column":8},"end":{"line":105,"column":3602}},"13":{"start":{"line":130,"column":8},"end":{"line":130,"column":4495}},"14":{"start":{"line":131,"column":12},"end":{"line":131,"column":61}},"15":{"start":{"line":134,"column":8},"end":{"line":134,"column":61}},"16":{"start":{"line":135,"column":8},"end":{"line":135,"column":51}},"17":{"start":{"line":136,"column":8},"end":{"line":136,"column":64}},"18":{"start":{"line":138,"column":8},"end":{"line":138,"column":38}},"19":{"start":{"line":140,"column":8},"end":{"line":140,"column":53}},"20":{"start":{"line":141,"column":8},"end":{"line":141,"column":50}},"21":{"start":{"line":143,"column":8},"end":{"line":143,"column":35}},"22":{"start":{"line":158,"column":8},"end":{"line":158,"column":51}},"23":{"start":{"line":159,"column":8},"end":{"line":159,"column":64}},"24":{"start":{"line":161,"column":8},"end":{"line":161,"column":32}},"25":{"start":{"line":163,"column":8},"end":{"line":163,"column":47}},"26":{"start":{"line":164,"column":8},"end":{"line":164,"column":38}},"27":{"start":{"line":178,"column":8},"end":{"line":178,"column":36}},"28":{"start":{"line":186,"column":8},"end":{"line":186,"column":6203}},"29":{"start":{"line":206,"column":8},"end":{"line":206,"column":34}},"30":{"start":{"line":221,"column":8},"end":{"line":221,"column":59}},"31":{"start":{"line":228,"column":8},"end":{"line":228,"column":31}},"32":{"start":{"line":240,"column":8},"end":{"line":240,"column":41}},"33":{"start":{"line":247,"column":8},"end":{"line":247,"column":20}},"34":{"start":{"line":256,"column":8},"end":{"line":256,"column":86}},"35":{"start":{"line":265,"column":8},"end":{"line":265,"column":31}},"36":{"start":{"line":269,"column":8},"end":{"line":269,"column":20}}},"branchMap":{"1":{"line":42,"type":"if","locations":[{"start":{"line":42,"column":22},"end":{"line":42,"column":22}},{"start":{"line":42,"column":22},"end":{"line":42,"column":22}}]},"2":{"line":101,"type":"if","locations":[{"start":{"line":101,"column":8},"end":{"line":101,"column":8}},{"start":{"line":101,"column":8},"end":{"line":101,"column":8}}]},"3":{"line":129,"type":"if","locations":[{"start":{"line":129,"column":24},"end":{"line":129,"column":24}},{"start":{"line":129,"column":24},"end":{"line":129,"column":24}}]},"4":{"line":130,"type":"if","locations":[{"start":{"line":130,"column":8},"end":{"line":130,"column":8}},{"start":{"line":130,"column":8},"end":{"line":130,"column":8}}]},"5":{"line":136,"type":"if","locations":[{"start":{"line":136,"column":8},"end":{"line":136,"column":8}},{"start":{"line":136,"column":8},"end":{"line":136,"column":8}}]},"6":{"line":157,"type":"if","locations":[{"start":{"line":157,"column":24},"end":{"line":157,"column":24}},{"start":{"line":157,"column":24},"end":{"line":157,"column":24}}]},"7":{"line":159,"type":"if","locations":[{"start":{"line":159,"column":8},"end":{"line":159,"column":8}},{"start":{"line":159,"column":8},"end":{"line":159,"column":8}}]}}}}