{"contracts/dependencies/openzeppelin/contracts/Address.sol":{"l":{"37":4598,"57":0,"63":0,"64":0},"path":"/Users/kevinyao/Documents/Code/vmex/packages/contracts/contracts/dependencies/openzeppelin/contracts/Address.sol","s":{"1":4598,"2":0,"3":0,"4":0},"b":{"1":[0,0],"2":[0,0]},"f":{"1":4598,"2":0},"fnMap":{"1":{"name":"isContract","line":25,"loc":{"start":{"line":25,"column":4},"end":{"line":38,"column":4}}},"2":{"name":"sendValue","line":56,"loc":{"start":{"line":56,"column":4},"end":{"line":68,"column":4}}}},"statementMap":{"1":{"start":{"line":37,"column":8},"end":{"line":37,"column":38}},"2":{"start":{"line":57,"column":8},"end":{"line":57,"column":2445}},"3":{"start":{"line":63,"column":8},"end":{"line":63,"column":60}},"4":{"start":{"line":64,"column":8},"end":{"line":64,"column":2702}}},"branchMap":{"1":{"line":57,"type":"if","locations":[{"start":{"line":57,"column":8},"end":{"line":57,"column":8}},{"start":{"line":57,"column":8},"end":{"line":57,"column":8}}]},"2":{"line":64,"type":"if","locations":[{"start":{"line":64,"column":8},"end":{"line":64,"column":8}},{"start":{"line":64,"column":8},"end":{"line":64,"column":8}}]}}},"contracts/dependencies/openzeppelin/contracts/Context.sol":{"l":{"16":6649,"20":0,"21":0},"path":"/Users/kevinyao/Documents/Code/vmex/packages/contracts/contracts/dependencies/openzeppelin/contracts/Context.sol","s":{"1":6649,"2":0},"b":{},"f":{"1":6649,"2":0},"fnMap":{"1":{"name":"_msgSender","line":15,"loc":{"start":{"line":15,"column":4},"end":{"line":17,"column":4}}},"2":{"name":"_msgData","line":19,"loc":{"start":{"line":19,"column":4},"end":{"line":22,"column":4}}}},"statementMap":{"1":{"start":{"line":16,"column":8},"end":{"line":16,"column":25}},"2":{"start":{"line":21,"column":8},"end":{"line":21,"column":23}}},"branchMap":{}},"contracts/dependencies/openzeppelin/contracts/ERC20.sol":{"l":{"58":174,"59":174,"60":174,"67":1438,"75":2323,"92":11405,"99":0,"106":2430,"123":592,"124":515,"137":0,"153":192,"154":192,"174":954,"175":943,"183":919,"203":0,"208":0,"230":0,"238":0,"260":1546,"261":1546,"263":1546,"265":1544,"269":1537,"270":1492,"283":201,"285":201,"287":201,"288":201,"289":201,"304":0,"306":0,"308":0,"312":0,"313":0,"334":1130,"335":1130,"337":1130,"338":1122,"349":174},"path":"/Users/kevinyao/Documents/Code/vmex/packages/contracts/contracts/dependencies/openzeppelin/contracts/ERC20.sol","s":{"1":174,"2":174,"3":174,"4":1438,"5":2323,"6":11405,"7":0,"8":2430,"9":592,"10":515,"11":0,"12":192,"13":192,"14":954,"15":943,"16":919,"17":0,"18":0,"19":0,"20":0,"21":1546,"22":1546,"23":1546,"24":1544,"25":1537,"26":1489,"27":201,"28":201,"29":201,"30":201,"31":201,"32":0,"33":0,"34":0,"35":0,"36":0,"37":1130,"38":1130,"39":1130,"40":1122,"41":174},"b":{"1":[1546,0],"2":[1546,0],"3":[201,0],"4":[0,0],"5":[1130,0],"6":[1130,0]},"f":{"1":174,"2":1438,"3":2323,"4":11405,"5":0,"6":2430,"7":592,"8":0,"9":192,"10":954,"11":0,"12":0,"13":1546,"14":201,"15":0,"16":1131,"17":174,"18":1745},"fnMap":{"1":{"name":"constructor","line":57,"loc":{"start":{"line":57,"column":4},"end":{"line":61,"column":4}}},"2":{"name":"name","line":66,"loc":{"start":{"line":66,"column":4},"end":{"line":68,"column":4}}},"3":{"name":"symbol","line":74,"loc":{"start":{"line":74,"column":4},"end":{"line":76,"column":4}}},"4":{"name":"decimals","line":91,"loc":{"start":{"line":91,"column":4},"end":{"line":93,"column":4}}},"5":{"name":"totalSupply","line":98,"loc":{"start":{"line":98,"column":4},"end":{"line":100,"column":4}}},"6":{"name":"balanceOf","line":105,"loc":{"start":{"line":105,"column":4},"end":{"line":107,"column":4}}},"7":{"name":"transfer","line":117,"loc":{"start":{"line":117,"column":4},"end":{"line":125,"column":4}}},"8":{"name":"allowance","line":130,"loc":{"start":{"line":130,"column":4},"end":{"line":138,"column":4}}},"9":{"name":"approve","line":147,"loc":{"start":{"line":147,"column":4},"end":{"line":155,"column":4}}},"10":{"name":"transferFrom","line":169,"loc":{"start":{"line":169,"column":4},"end":{"line":184,"column":4}}},"11":{"name":"increaseAllowance","line":198,"loc":{"start":{"line":198,"column":4},"end":{"line":209,"column":4}}},"12":{"name":"decreaseAllowance","line":225,"loc":{"start":{"line":225,"column":4},"end":{"line":239,"column":4}}},"13":{"name":"_transfer","line":255,"loc":{"start":{"line":255,"column":4},"end":{"line":271,"column":4}}},"14":{"name":"_mint","line":282,"loc":{"start":{"line":282,"column":4},"end":{"line":290,"column":4}}},"15":{"name":"_burn","line":303,"loc":{"start":{"line":303,"column":4},"end":{"line":314,"column":4}}},"16":{"name":"_approve","line":329,"loc":{"start":{"line":329,"column":4},"end":{"line":339,"column":4}}},"17":{"name":"_setupDecimals","line":348,"loc":{"start":{"line":348,"column":4},"end":{"line":350,"column":4}}},"18":{"name":"_beforeTokenTransfer","line":366,"loc":{"start":{"line":366,"column":4},"end":{"line":370,"column":24}}}},"statementMap":{"1":{"start":{"line":58,"column":8},"end":{"line":58,"column":19}},"2":{"start":{"line":59,"column":8},"end":{"line":59,"column":23}},"3":{"start":{"line":60,"column":8},"end":{"line":60,"column":21}},"4":{"start":{"line":67,"column":8},"end":{"line":67,"column":20}},"5":{"start":{"line":75,"column":8},"end":{"line":75,"column":22}},"6":{"start":{"line":92,"column":8},"end":{"line":92,"column":24}},"7":{"start":{"line":99,"column":8},"end":{"line":99,"column":27}},"8":{"start":{"line":106,"column":8},"end":{"line":106,"column":33}},"9":{"start":{"line":123,"column":8},"end":{"line":123,"column":49}},"10":{"start":{"line":124,"column":8},"end":{"line":124,"column":19}},"11":{"start":{"line":137,"column":8},"end":{"line":137,"column":42}},"12":{"start":{"line":153,"column":8},"end":{"line":153,"column":46}},"13":{"start":{"line":154,"column":8},"end":{"line":154,"column":19}},"14":{"start":{"line":174,"column":8},"end":{"line":174,"column":43}},"15":{"start":{"line":175,"column":8},"end":{"line":175,"column":5166}},"16":{"start":{"line":183,"column":8},"end":{"line":183,"column":19}},"17":{"start":{"line":203,"column":8},"end":{"line":203,"column":5934}},"18":{"start":{"line":208,"column":8},"end":{"line":208,"column":19}},"19":{"start":{"line":230,"column":8},"end":{"line":230,"column":6715}},"20":{"start":{"line":238,"column":8},"end":{"line":238,"column":19}},"21":{"start":{"line":260,"column":8},"end":{"line":260,"column":77}},"22":{"start":{"line":261,"column":8},"end":{"line":261,"column":78}},"23":{"start":{"line":263,"column":8},"end":{"line":263,"column":54}},"24":{"start":{"line":265,"column":8},"end":{"line":265,"column":7785}},"25":{"start":{"line":269,"column":8},"end":{"line":269,"column":62}},"26":{"start":{"line":270,"column":8},"end":{"line":270,"column":48}},"27":{"start":{"line":283,"column":8},"end":{"line":283,"column":72}},"28":{"start":{"line":285,"column":8},"end":{"line":285,"column":56}},"29":{"start":{"line":287,"column":8},"end":{"line":287,"column":46}},"30":{"start":{"line":288,"column":8},"end":{"line":288,"column":58}},"31":{"start":{"line":289,"column":8},"end":{"line":289,"column":50}},"32":{"start":{"line":304,"column":8},"end":{"line":304,"column":74}},"33":{"start":{"line":306,"column":8},"end":{"line":306,"column":56}},"34":{"start":{"line":308,"column":8},"end":{"line":308,"column":9204}},"35":{"start":{"line":312,"column":8},"end":{"line":312,"column":46}},"36":{"start":{"line":313,"column":8},"end":{"line":313,"column":50}},"37":{"start":{"line":334,"column":8},"end":{"line":334,"column":75}},"38":{"start":{"line":335,"column":8},"end":{"line":335,"column":75}},"39":{"start":{"line":337,"column":8},"end":{"line":337,"column":43}},"40":{"start":{"line":338,"column":8},"end":{"line":338,"column":45}},"41":{"start":{"line":349,"column":8},"end":{"line":349,"column":28}}},"branchMap":{"1":{"line":260,"type":"if","locations":[{"start":{"line":260,"column":8},"end":{"line":260,"column":8}},{"start":{"line":260,"column":8},"end":{"line":260,"column":8}}]},"2":{"line":261,"type":"if","locations":[{"start":{"line":261,"column":8},"end":{"line":261,"column":8}},{"start":{"line":261,"column":8},"end":{"line":261,"column":8}}]},"3":{"line":283,"type":"if","locations":[{"start":{"line":283,"column":8},"end":{"line":283,"column":8}},{"start":{"line":283,"column":8},"end":{"line":283,"column":8}}]},"4":{"line":304,"type":"if","locations":[{"start":{"line":304,"column":8},"end":{"line":304,"column":8}},{"start":{"line":304,"column":8},"end":{"line":304,"column":8}}]},"5":{"line":334,"type":"if","locations":[{"start":{"line":334,"column":8},"end":{"line":334,"column":8}},{"start":{"line":334,"column":8},"end":{"line":334,"column":8}}]},"6":{"line":335,"type":"if","locations":[{"start":{"line":335,"column":8},"end":{"line":335,"column":8}},{"start":{"line":335,"column":8},"end":{"line":335,"column":8}}]}}},"contracts/dependencies/openzeppelin/contracts/IERC20.sol":{"l":{},"path":"/Users/kevinyao/Documents/Code/vmex/packages/contracts/contracts/dependencies/openzeppelin/contracts/IERC20.sol","s":{},"b":{},"f":{},"fnMap":{},"statementMap":{},"branchMap":{}},"contracts/dependencies/openzeppelin/contracts/IERC20Detailed.sol":{"l":{},"path":"/Users/kevinyao/Documents/Code/vmex/packages/contracts/contracts/dependencies/openzeppelin/contracts/IERC20Detailed.sol","s":{},"b":{},"f":{},"fnMap":{},"statementMap":{},"branchMap":{}},"contracts/dependencies/openzeppelin/contracts/IERC20DetailedBytes.sol":{"l":{},"path":"/Users/kevinyao/Documents/Code/vmex/packages/contracts/contracts/dependencies/openzeppelin/contracts/IERC20DetailedBytes.sol","s":{},"b":{},"f":{},"fnMap":{},"statementMap":{},"branchMap":{}},"contracts/dependencies/openzeppelin/contracts/Ownable.sol":{"l":{"30":12,"31":12,"32":12,"39":0,"46":152,"47":145,"58":0,"59":0,"67":3,"71":3,"72":3},"path":"/Users/kevinyao/Documents/Code/vmex/packages/contracts/contracts/dependencies/openzeppelin/contracts/Ownable.sol","s":{"1":12,"2":12,"3":12,"4":0,"5":152,"6":0,"7":0,"8":3,"9":3,"10":3},"b":{"1":[145,7],"2":[3,0]},"f":{"1":12,"2":0,"3":152,"4":0,"5":3},"fnMap":{"1":{"name":"constructor","line":29,"loc":{"start":{"line":29,"column":4},"end":{"line":33,"column":4}}},"2":{"name":"owner","line":38,"loc":{"start":{"line":38,"column":4},"end":{"line":40,"column":4}}},"3":{"name":"onlyOwner","line":45,"loc":{"start":{"line":45,"column":4},"end":{"line":48,"column":4}}},"4":{"name":"renounceOwnership","line":57,"loc":{"start":{"line":57,"column":4},"end":{"line":60,"column":4}}},"5":{"name":"transferOwnership","line":66,"loc":{"start":{"line":66,"column":4},"end":{"line":73,"column":4}}}},"statementMap":{"1":{"start":{"line":30,"column":8},"end":{"line":30,"column":40}},"2":{"start":{"line":31,"column":8},"end":{"line":31,"column":25}},"3":{"start":{"line":32,"column":8},"end":{"line":32,"column":56}},"4":{"start":{"line":39,"column":8},"end":{"line":39,"column":21}},"5":{"start":{"line":46,"column":8},"end":{"line":46,"column":74}},"6":{"start":{"line":58,"column":8},"end":{"line":58,"column":53}},"7":{"start":{"line":59,"column":8},"end":{"line":59,"column":26}},"8":{"start":{"line":67,"column":8},"end":{"line":67,"column":2079}},"9":{"start":{"line":71,"column":8},"end":{"line":71,"column":51}},"10":{"start":{"line":72,"column":8},"end":{"line":72,"column":24}}},"branchMap":{"1":{"line":46,"type":"if","locations":[{"start":{"line":46,"column":8},"end":{"line":46,"column":8}},{"start":{"line":46,"column":8},"end":{"line":46,"column":8}}]},"2":{"line":67,"type":"if","locations":[{"start":{"line":67,"column":8},"end":{"line":67,"column":8}},{"start":{"line":67,"column":8},"end":{"line":67,"column":8}}]}}},"contracts/dependencies/openzeppelin/contracts/ReentrancyGuard.sol":{"l":{"39":0,"51":0,"54":0,"56":0,"60":0},"path":"/Users/kevinyao/Documents/Code/vmex/packages/contracts/contracts/dependencies/openzeppelin/contracts/ReentrancyGuard.sol","s":{"1":0,"2":0,"3":0,"4":0},"b":{"1":[0,0]},"f":{"1":0,"2":0},"fnMap":{"1":{"name":"constructor","line":38,"loc":{"start":{"line":38,"column":4},"end":{"line":40,"column":4}}},"2":{"name":"nonReentrant","line":49,"loc":{"start":{"line":49,"column":4},"end":{"line":61,"column":4}}}},"statementMap":{"1":{"start":{"line":39,"column":8},"end":{"line":39,"column":29}},"2":{"start":{"line":51,"column":8},"end":{"line":51,"column":70}},"3":{"start":{"line":54,"column":8},"end":{"line":54,"column":25}},"4":{"start":{"line":60,"column":8},"end":{"line":60,"column":29}}},"branchMap":{"1":{"line":51,"type":"if","locations":[{"start":{"line":51,"column":8},"end":{"line":51,"column":8}},{"start":{"line":51,"column":8},"end":{"line":51,"column":8}}]}}},"contracts/dependencies/openzeppelin/contracts/SafeERC20.sol":{"l":{"27":856,"39":1468,"50":0,"54":0,"61":2324,"64":2324,"65":2315,"67":2169,"70":2168},"path":"/Users/kevinyao/Documents/Code/vmex/packages/contracts/contracts/dependencies/openzeppelin/contracts/SafeERC20.sol","s":{"1":856,"2":1468,"3":0,"4":0,"5":2324,"6":2324,"7":2299,"8":2168,"9":2166},"b":{"1":[0,0],"2":[2324,0],"3":[2170,136],"4":[2168,0],"5":[2149,19]},"f":{"1":856,"2":1468,"3":0,"4":2324},"fnMap":{"1":{"name":"safeTransfer","line":22,"loc":{"start":{"line":22,"column":4},"end":{"line":31,"column":4}}},"2":{"name":"safeTransferFrom","line":33,"loc":{"start":{"line":33,"column":4},"end":{"line":43,"column":4}}},"3":{"name":"safeApprove","line":45,"loc":{"start":{"line":45,"column":4},"end":{"line":58,"column":4}}},"4":{"name":"callOptionalReturn","line":60,"loc":{"start":{"line":60,"column":4},"end":{"line":75,"column":4}}}},"statementMap":{"1":{"start":{"line":27,"column":8},"end":{"line":27,"column":843}},"2":{"start":{"line":39,"column":8},"end":{"line":39,"column":1113}},"3":{"start":{"line":50,"column":8},"end":{"line":50,"column":1371}},"4":{"start":{"line":54,"column":8},"end":{"line":54,"column":1544}},"5":{"start":{"line":61,"column":8},"end":{"line":61,"column":78}},"6":{"start":{"line":64,"column":8},"end":{"line":64,"column":75}},"7":{"start":{"line":65,"column":8},"end":{"line":65,"column":59}},"8":{"start":{"line":67,"column":8},"end":{"line":67,"column":2040}},"9":{"start":{"line":70,"column":12},"end":{"line":70,"column":2181}}},"branchMap":{"1":{"line":50,"type":"if","locations":[{"start":{"line":50,"column":8},"end":{"line":50,"column":8}},{"start":{"line":50,"column":8},"end":{"line":50,"column":8}}]},"2":{"line":61,"type":"if","locations":[{"start":{"line":61,"column":8},"end":{"line":61,"column":8}},{"start":{"line":61,"column":8},"end":{"line":61,"column":8}}]},"3":{"line":65,"type":"if","locations":[{"start":{"line":65,"column":8},"end":{"line":65,"column":8}},{"start":{"line":65,"column":8},"end":{"line":65,"column":8}}]},"4":{"line":67,"type":"if","locations":[{"start":{"line":67,"column":8},"end":{"line":67,"column":8}},{"start":{"line":67,"column":8},"end":{"line":67,"column":8}}]},"5":{"line":70,"type":"if","locations":[{"start":{"line":70,"column":12},"end":{"line":70,"column":12}},{"start":{"line":70,"column":12},"end":{"line":70,"column":12}}]}}},"contracts/dependencies/openzeppelin/contracts/SafeMath.sol":{"l":{"27":0,"28":0,"29":0,"30":0,"44":0,"45":0,"46":0,"60":0,"64":0,"65":0,"66":0,"67":0,"81":0,"82":0,"83":0,"97":0,"98":0,"99":0,"114":32341,"128":24963,"142":26747,"156":4859,"172":0,"193":3356,"194":3356,"195":3353,"216":0,"217":0,"218":0,"242":0,"243":0,"244":0},"path":"/Users/kevinyao/Documents/Code/vmex/packages/contracts/contracts/dependencies/openzeppelin/contracts/SafeMath.sol","s":{"1":0,"2":0,"3":0,"4":0,"5":0,"6":0,"7":0,"8":0,"9":0,"10":0,"11":0,"12":0,"13":0,"14":0,"15":0,"16":0,"17":0,"18":0,"19":0,"20":32341,"21":24963,"22":26747,"23":4859,"24":0,"25":3356,"26":3353,"27":0,"28":0,"29":0,"30":0},"b":{"1":[0,0],"2":[0,0],"3":[0,0],"4":[0,0],"5":[0,0],"6":[0,0],"7":[3356,0],"8":[0,0],"9":[0,0]},"f":{"1":0,"2":0,"3":0,"4":0,"5":0,"6":32341,"7":24963,"8":26747,"9":4860,"10":0,"11":3356,"12":0,"13":0},"fnMap":{"1":{"name":"tryAdd","line":22,"loc":{"start":{"line":22,"column":4},"end":{"line":32,"column":4}}},"2":{"name":"trySub","line":39,"loc":{"start":{"line":39,"column":4},"end":{"line":48,"column":4}}},"3":{"name":"tryMul","line":55,"loc":{"start":{"line":55,"column":4},"end":{"line":69,"column":4}}},"4":{"name":"tryDiv","line":76,"loc":{"start":{"line":76,"column":4},"end":{"line":85,"column":4}}},"5":{"name":"tryMod","line":92,"loc":{"start":{"line":92,"column":4},"end":{"line":101,"column":4}}},"6":{"name":"add","line":113,"loc":{"start":{"line":113,"column":4},"end":{"line":115,"column":4}}},"7":{"name":"sub","line":127,"loc":{"start":{"line":127,"column":4},"end":{"line":129,"column":4}}},"8":{"name":"mul","line":141,"loc":{"start":{"line":141,"column":4},"end":{"line":143,"column":4}}},"9":{"name":"div","line":155,"loc":{"start":{"line":155,"column":4},"end":{"line":157,"column":4}}},"10":{"name":"mod","line":171,"loc":{"start":{"line":171,"column":4},"end":{"line":173,"column":4}}},"11":{"name":"sub","line":188,"loc":{"start":{"line":188,"column":4},"end":{"line":197,"column":4}}},"12":{"name":"div","line":211,"loc":{"start":{"line":211,"column":4},"end":{"line":220,"column":4}}},"13":{"name":"mod","line":237,"loc":{"start":{"line":237,"column":4},"end":{"line":246,"column":4}}}},"statementMap":{"1":{"start":{"line":28,"column":12},"end":{"line":28,"column":29}},"2":{"start":{"line":29,"column":12},"end":{"line":29,"column":40}},"3":{"start":{"line":29,"column":23},"end":{"line":29,"column":40}},"4":{"start":{"line":30,"column":12},"end":{"line":30,"column":28}},"5":{"start":{"line":45,"column":12},"end":{"line":45,"column":40}},"6":{"start":{"line":45,"column":23},"end":{"line":45,"column":40}},"7":{"start":{"line":46,"column":12},"end":{"line":46,"column":32}},"8":{"start":{"line":64,"column":12},"end":{"line":64,"column":40}},"9":{"start":{"line":64,"column":24},"end":{"line":64,"column":40}},"10":{"start":{"line":65,"column":12},"end":{"line":65,"column":29}},"11":{"start":{"line":66,"column":12},"end":{"line":66,"column":45}},"12":{"start":{"line":66,"column":28},"end":{"line":66,"column":45}},"13":{"start":{"line":67,"column":12},"end":{"line":67,"column":28}},"14":{"start":{"line":82,"column":12},"end":{"line":82,"column":41}},"15":{"start":{"line":82,"column":24},"end":{"line":82,"column":41}},"16":{"start":{"line":83,"column":12},"end":{"line":83,"column":32}},"17":{"start":{"line":98,"column":12},"end":{"line":98,"column":41}},"18":{"start":{"line":98,"column":24},"end":{"line":98,"column":41}},"19":{"start":{"line":99,"column":12},"end":{"line":99,"column":32}},"20":{"start":{"line":114,"column":8},"end":{"line":114,"column":20}},"21":{"start":{"line":128,"column":8},"end":{"line":128,"column":20}},"22":{"start":{"line":142,"column":8},"end":{"line":142,"column":20}},"23":{"start":{"line":156,"column":8},"end":{"line":156,"column":20}},"24":{"start":{"line":172,"column":8},"end":{"line":172,"column":20}},"25":{"start":{"line":194,"column":12},"end":{"line":194,"column":40}},"26":{"start":{"line":195,"column":12},"end":{"line":195,"column":24}},"27":{"start":{"line":217,"column":12},"end":{"line":217,"column":39}},"28":{"start":{"line":218,"column":12},"end":{"line":218,"column":24}},"29":{"start":{"line":243,"column":12},"end":{"line":243,"column":39}},"30":{"start":{"line":244,"column":12},"end":{"line":244,"column":24}}},"branchMap":{"1":{"line":29,"type":"if","locations":[{"start":{"line":29,"column":12},"end":{"line":29,"column":12}},{"start":{"line":29,"column":12},"end":{"line":29,"column":12}}]},"2":{"line":45,"type":"if","locations":[{"start":{"line":45,"column":12},"end":{"line":45,"column":12}},{"start":{"line":45,"column":12},"end":{"line":45,"column":12}}]},"3":{"line":64,"type":"if","locations":[{"start":{"line":64,"column":12},"end":{"line":64,"column":12}},{"start":{"line":64,"column":12},"end":{"line":64,"column":12}}]},"4":{"line":66,"type":"if","locations":[{"start":{"line":66,"column":12},"end":{"line":66,"column":12}},{"start":{"line":66,"column":12},"end":{"line":66,"column":12}}]},"5":{"line":82,"type":"if","locations":[{"start":{"line":82,"column":12},"end":{"line":82,"column":12}},{"start":{"line":82,"column":12},"end":{"line":82,"column":12}}]},"6":{"line":98,"type":"if","locations":[{"start":{"line":98,"column":12},"end":{"line":98,"column":12}},{"start":{"line":98,"column":12},"end":{"line":98,"column":12}}]},"7":{"line":194,"type":"if","locations":[{"start":{"line":194,"column":12},"end":{"line":194,"column":12}},{"start":{"line":194,"column":12},"end":{"line":194,"column":12}}]},"8":{"line":217,"type":"if","locations":[{"start":{"line":217,"column":12},"end":{"line":217,"column":12}},{"start":{"line":217,"column":12},"end":{"line":217,"column":12}}]},"9":{"line":243,"type":"if","locations":[{"start":{"line":243,"column":12},"end":{"line":243,"column":12}},{"start":{"line":243,"column":12},"end":{"line":243,"column":12}}]}}},"contracts/dependencies/openzeppelin/contracts/utils/Strings.sol":{"l":{"20":2983,"21":1160,"23":1823,"24":1823,"25":1823,"26":1823,"27":1823,"29":1823,"30":1823,"31":1823,"32":1823,"33":1823,"35":1823,"42":0,"43":0,"45":0,"46":0,"47":0,"48":0,"49":0,"51":0,"62":0,"63":0,"64":0,"65":0,"66":0,"67":0,"69":0,"70":0,"77":0},"path":"/Users/kevinyao/Documents/Code/vmex/packages/contracts/contracts/dependencies/openzeppelin/contracts/utils/Strings.sol","s":{"1":2983,"2":1160,"3":1823,"4":1823,"5":1823,"6":1823,"7":1823,"8":1823,"9":1823,"10":1823,"11":1823,"12":1823,"13":0,"14":0,"15":0,"16":0,"17":0,"18":0,"19":0,"20":0,"21":0,"22":0,"23":0,"24":0,"25":0,"26":0,"27":0,"28":0},"b":{"1":[1160,1823],"2":[0,0],"3":[0,0]},"f":{"1":2983,"2":0,"3":0,"4":0},"fnMap":{"1":{"name":"toString","line":16,"loc":{"start":{"line":16,"column":4},"end":{"line":36,"column":4}}},"2":{"name":"toHexString","line":41,"loc":{"start":{"line":41,"column":4},"end":{"line":52,"column":4}}},"3":{"name":"toHexString","line":57,"loc":{"start":{"line":57,"column":4},"end":{"line":71,"column":4}}},"4":{"name":"toHexString","line":76,"loc":{"start":{"line":76,"column":4},"end":{"line":78,"column":4}}}},"statementMap":{"1":{"start":{"line":20,"column":8},"end":{"line":20,"column":670}},"2":{"start":{"line":21,"column":12},"end":{"line":21,"column":22}},"3":{"start":{"line":23,"column":8},"end":{"line":23,"column":28}},"4":{"start":{"line":24,"column":8},"end":{"line":24,"column":22}},"5":{"start":{"line":25,"column":8},"end":{"line":25,"column":784}},"6":{"start":{"line":27,"column":12},"end":{"line":27,"column":21}},"7":{"start":{"line":29,"column":8},"end":{"line":29,"column":47}},"8":{"start":{"line":30,"column":8},"end":{"line":30,"column":917}},"9":{"start":{"line":31,"column":12},"end":{"line":31,"column":22}},"10":{"start":{"line":32,"column":12},"end":{"line":32,"column":67}},"11":{"start":{"line":33,"column":12},"end":{"line":33,"column":22}},"12":{"start":{"line":35,"column":8},"end":{"line":35,"column":29}},"13":{"start":{"line":42,"column":8},"end":{"line":42,"column":1293}},"14":{"start":{"line":43,"column":12},"end":{"line":43,"column":25}},"15":{"start":{"line":45,"column":8},"end":{"line":45,"column":28}},"16":{"start":{"line":46,"column":8},"end":{"line":46,"column":26}},"17":{"start":{"line":47,"column":8},"end":{"line":47,"column":1414}},"18":{"start":{"line":49,"column":12},"end":{"line":49,"column":21}},"19":{"start":{"line":51,"column":8},"end":{"line":51,"column":41}},"20":{"start":{"line":62,"column":8},"end":{"line":62,"column":55}},"21":{"start":{"line":63,"column":8},"end":{"line":63,"column":22}},"22":{"start":{"line":64,"column":8},"end":{"line":64,"column":22}},"23":{"start":{"line":65,"column":8},"end":{"line":65,"column":1896}},"24":{"start":{"line":66,"column":12},"end":{"line":66,"column":48}},"25":{"start":{"line":67,"column":12},"end":{"line":67,"column":22}},"26":{"start":{"line":69,"column":8},"end":{"line":69,"column":62}},"27":{"start":{"line":70,"column":8},"end":{"line":70,"column":29}},"28":{"start":{"line":77,"column":8},"end":{"line":77,"column":67}}},"branchMap":{"1":{"line":20,"type":"if","locations":[{"start":{"line":20,"column":8},"end":{"line":20,"column":8}},{"start":{"line":20,"column":8},"end":{"line":20,"column":8}}]},"2":{"line":42,"type":"if","locations":[{"start":{"line":42,"column":8},"end":{"line":42,"column":8}},{"start":{"line":42,"column":8},"end":{"line":42,"column":8}}]},"3":{"line":69,"type":"if","locations":[{"start":{"line":69,"column":8},"end":{"line":69,"column":8}},{"start":{"line":69,"column":8},"end":{"line":69,"column":8}}]}}},"contracts/dependencies/openzeppelin/upgradeability/AdminUpgradeabilityProxy.sol":{"l":{"29":0,"32":0,"42":0},"path":"/Users/kevinyao/Documents/Code/vmex/packages/contracts/contracts/dependencies/openzeppelin/upgradeability/AdminUpgradeabilityProxy.sol","s":{"1":0,"2":0,"3":0},"b":{},"f":{"1":0,"2":0},"fnMap":{"1":{"name":"constructor","line":28,"loc":{"start":{"line":24,"column":4},"end":{"line":33,"column":4}}},"2":{"name":"_willFallback","line":38,"loc":{"start":{"line":38,"column":4},"end":{"line":43,"column":4}}}},"statementMap":{"1":{"start":{"line":29,"column":8},"end":{"line":29,"column":1136}},"2":{"start":{"line":32,"column":8},"end":{"line":32,"column":24}},"3":{"start":{"line":42,"column":8},"end":{"line":42,"column":51}}},"branchMap":{}},"contracts/dependencies/openzeppelin/upgradeability/BaseAdminUpgradeabilityProxy.sol":{"l":{"35":0,"36":0,"38":0,"46":0,"53":0,"62":0,"66":0,"67":0,"76":0,"93":0,"94":0,"95":0,"102":0,"104":0,"114":0,"116":0,"125":0,"129":0},"path":"/Users/kevinyao/Documents/Code/vmex/packages/contracts/contracts/dependencies/openzeppelin/upgradeability/BaseAdminUpgradeabilityProxy.sol","s":{"1":0,"2":0,"3":0,"4":0,"5":0,"6":0,"7":0,"8":0,"9":0,"10":0,"11":0,"12":0,"13":0,"14":0,"15":0},"b":{"1":[0,0],"2":[0,0],"3":[0,0],"4":[0,0]},"f":{"1":0,"2":0,"3":0,"4":0,"5":0,"6":0,"7":0,"8":0,"9":0},"fnMap":{"1":{"name":"ifAdmin","line":34,"loc":{"start":{"line":34,"column":4},"end":{"line":40,"column":4}}},"2":{"name":"admin","line":45,"loc":{"start":{"line":45,"column":4},"end":{"line":47,"column":4}}},"3":{"name":"implementation","line":52,"loc":{"start":{"line":52,"column":4},"end":{"line":54,"column":4}}},"4":{"name":"changeAdmin","line":61,"loc":{"start":{"line":61,"column":4},"end":{"line":68,"column":4}}},"5":{"name":"upgradeTo","line":75,"loc":{"start":{"line":75,"column":4},"end":{"line":77,"column":4}}},"6":{"name":"upgradeToAndCall","line":91,"loc":{"start":{"line":88,"column":4},"end":{"line":96,"column":4}}},"7":{"name":"_admin","line":101,"loc":{"start":{"line":101,"column":4},"end":{"line":107,"column":4}}},"8":{"name":"_setAdmin","line":113,"loc":{"start":{"line":113,"column":4},"end":{"line":119,"column":4}}},"9":{"name":"_willFallback","line":124,"loc":{"start":{"line":124,"column":4},"end":{"line":130,"column":4}}}},"statementMap":{"1":{"start":{"line":35,"column":8},"end":{"line":35,"column":1335}},"2":{"start":{"line":38,"column":12},"end":{"line":38,"column":22}},"3":{"start":{"line":46,"column":8},"end":{"line":46,"column":23}},"4":{"start":{"line":53,"column":8},"end":{"line":53,"column":32}},"5":{"start":{"line":62,"column":8},"end":{"line":62,"column":2018}},"6":{"start":{"line":66,"column":8},"end":{"line":66,"column":45}},"7":{"start":{"line":67,"column":8},"end":{"line":67,"column":26}},"8":{"start":{"line":76,"column":8},"end":{"line":76,"column":36}},"9":{"start":{"line":93,"column":8},"end":{"line":93,"column":36}},"10":{"start":{"line":94,"column":8},"end":{"line":94,"column":63}},"11":{"start":{"line":95,"column":8},"end":{"line":95,"column":23}},"12":{"start":{"line":102,"column":8},"end":{"line":102,"column":33}},"13":{"start":{"line":114,"column":8},"end":{"line":114,"column":33}},"14":{"start":{"line":125,"column":8},"end":{"line":125,"column":4035}},"15":{"start":{"line":129,"column":8},"end":{"line":129,"column":28}}},"branchMap":{"1":{"line":35,"type":"if","locations":[{"start":{"line":35,"column":8},"end":{"line":35,"column":8}},{"start":{"line":35,"column":8},"end":{"line":35,"column":8}}]},"2":{"line":62,"type":"if","locations":[{"start":{"line":62,"column":8},"end":{"line":62,"column":8}},{"start":{"line":62,"column":8},"end":{"line":62,"column":8}}]},"3":{"line":95,"type":"if","locations":[{"start":{"line":95,"column":8},"end":{"line":95,"column":8}},{"start":{"line":95,"column":8},"end":{"line":95,"column":8}}]},"4":{"line":125,"type":"if","locations":[{"start":{"line":125,"column":8},"end":{"line":125,"column":8}},{"start":{"line":125,"column":8},"end":{"line":125,"column":8}}]}}},"contracts/dependencies/openzeppelin/upgradeability/BaseUpgradeabilityProxy.sol":{"l":{"33":104776,"35":104776,"45":26,"46":26,"54":1521,"59":1521,"62":1521},"path":"/Users/kevinyao/Documents/Code/vmex/packages/contracts/contracts/dependencies/openzeppelin/upgradeability/BaseUpgradeabilityProxy.sol","s":{"1":104776,"2":26,"3":26,"4":1521,"5":1521},"b":{"1":[1521,0]},"f":{"1":104776,"2":26,"3":1521},"fnMap":{"1":{"name":"_implementation","line":32,"loc":{"start":{"line":32,"column":4},"end":{"line":38,"column":4}}},"2":{"name":"_upgradeTo","line":44,"loc":{"start":{"line":44,"column":4},"end":{"line":47,"column":4}}},"3":{"name":"_setImplementation","line":53,"loc":{"start":{"line":53,"column":4},"end":{"line":65,"column":4}}}},"statementMap":{"1":{"start":{"line":33,"column":8},"end":{"line":33,"column":42}},"2":{"start":{"line":45,"column":8},"end":{"line":45,"column":44}},"3":{"start":{"line":46,"column":8},"end":{"line":46,"column":40}},"4":{"start":{"line":54,"column":8},"end":{"line":54,"column":1791}},"5":{"start":{"line":59,"column":8},"end":{"line":59,"column":42}}},"branchMap":{"1":{"line":54,"type":"if","locations":[{"start":{"line":54,"column":8},"end":{"line":54,"column":8}},{"start":{"line":54,"column":8},"end":{"line":54,"column":8}}]}}},"contracts/dependencies/openzeppelin/upgradeability/Initializable.sol":{"l":{"31":3,"36":3,"37":3,"38":3,"39":3,"42":3,"44":3,"45":3,"56":3,"58":3,"61":3},"path":"/Users/kevinyao/Documents/Code/vmex/packages/contracts/contracts/dependencies/openzeppelin/upgradeability/Initializable.sol","s":{"1":3,"2":3,"3":3,"4":3,"5":3,"6":3,"7":3,"8":3,"9":3},"b":{"1":[3,0],"2":[3,0],"3":[3,0]},"f":{"1":3,"2":3},"fnMap":{"1":{"name":"initializer","line":30,"loc":{"start":{"line":30,"column":4},"end":{"line":47,"column":4}}},"2":{"name":"isConstructor","line":50,"loc":{"start":{"line":50,"column":4},"end":{"line":62,"column":4}}}},"statementMap":{"1":{"start":{"line":31,"column":8},"end":{"line":31,"column":1079}},"2":{"start":{"line":36,"column":8},"end":{"line":36,"column":43}},"3":{"start":{"line":37,"column":8},"end":{"line":37,"column":1275}},"4":{"start":{"line":38,"column":12},"end":{"line":38,"column":30}},"5":{"start":{"line":39,"column":12},"end":{"line":39,"column":29}},"6":{"start":{"line":44,"column":8},"end":{"line":44,"column":1393}},"7":{"start":{"line":45,"column":12},"end":{"line":45,"column":31}},"8":{"start":{"line":56,"column":8},"end":{"line":56,"column":18}},"9":{"start":{"line":61,"column":8},"end":{"line":61,"column":22}}},"branchMap":{"1":{"line":31,"type":"if","locations":[{"start":{"line":31,"column":8},"end":{"line":31,"column":8}},{"start":{"line":31,"column":8},"end":{"line":31,"column":8}}]},"2":{"line":37,"type":"if","locations":[{"start":{"line":37,"column":8},"end":{"line":37,"column":8}},{"start":{"line":37,"column":8},"end":{"line":37,"column":8}}]},"3":{"line":44,"type":"if","locations":[{"start":{"line":44,"column":8},"end":{"line":44,"column":8}},{"start":{"line":44,"column":8},"end":{"line":44,"column":8}}]}}},"contracts/dependencies/openzeppelin/upgradeability/InitializableAdminUpgradeabilityProxy.sol":{"l":{"30":0,"31":0,"32":0,"35":0,"45":0},"path":"/Users/kevinyao/Documents/Code/vmex/packages/contracts/contracts/dependencies/openzeppelin/upgradeability/InitializableAdminUpgradeabilityProxy.sol","s":{"1":0,"2":0,"3":0,"4":0,"5":0},"b":{"1":[0,0]},"f":{"1":0,"2":0},"fnMap":{"1":{"name":"initialize","line":25,"loc":{"start":{"line":25,"column":4},"end":{"line":36,"column":4}}},"2":{"name":"_willFallback","line":41,"loc":{"start":{"line":41,"column":4},"end":{"line":46,"column":4}}}},"statementMap":{"1":{"start":{"line":30,"column":8},"end":{"line":30,"column":47}},"2":{"start":{"line":31,"column":8},"end":{"line":31,"column":63}},"3":{"start":{"line":32,"column":8},"end":{"line":32,"column":1308}},"4":{"start":{"line":35,"column":8},"end":{"line":35,"column":23}},"5":{"start":{"line":45,"column":8},"end":{"line":45,"column":51}}},"branchMap":{"1":{"line":30,"type":"if","locations":[{"start":{"line":30,"column":8},"end":{"line":30,"column":8}},{"start":{"line":30,"column":8},"end":{"line":30,"column":8}}]}}},"contracts/dependencies/openzeppelin/upgradeability/InitializableUpgradeabilityProxy.sol":{"l":{"21":1495,"22":1495,"26":1495,"27":1495,"28":1495,"29":1495},"path":"/Users/kevinyao/Documents/Code/vmex/packages/contracts/contracts/dependencies/openzeppelin/upgradeability/InitializableUpgradeabilityProxy.sol","s":{"1":1495,"2":1495,"3":1495,"4":1495,"5":1495,"6":1495},"b":{"1":[1495,0],"2":[1495,0],"3":[1479,16]},"f":{"1":1495},"fnMap":{"1":{"name":"initialize","line":20,"loc":{"start":{"line":20,"column":4},"end":{"line":31,"column":4}}}},"statementMap":{"1":{"start":{"line":21,"column":8},"end":{"line":21,"column":47}},"2":{"start":{"line":22,"column":8},"end":{"line":22,"column":1017}},"3":{"start":{"line":26,"column":8},"end":{"line":26,"column":33}},"4":{"start":{"line":27,"column":8},"end":{"line":27,"column":1195}},"5":{"start":{"line":28,"column":12},"end":{"line":28,"column":57}},"6":{"start":{"line":29,"column":12},"end":{"line":29,"column":27}}},"branchMap":{"1":{"line":21,"type":"if","locations":[{"start":{"line":21,"column":8},"end":{"line":21,"column":8}},{"start":{"line":21,"column":8},"end":{"line":21,"column":8}}]},"2":{"line":27,"type":"if","locations":[{"start":{"line":27,"column":8},"end":{"line":27,"column":8}},{"start":{"line":27,"column":8},"end":{"line":27,"column":8}}]},"3":{"line":29,"type":"if","locations":[{"start":{"line":29,"column":12},"end":{"line":29,"column":12}},{"start":{"line":29,"column":12},"end":{"line":29,"column":12}}]}}},"contracts/dependencies/openzeppelin/upgradeability/Proxy.sol":{"l":{"17":103281,"33":103280,"76":103281,"77":103281},"path":"/Users/kevinyao/Documents/Code/vmex/packages/contracts/contracts/dependencies/openzeppelin/upgradeability/Proxy.sol","s":{"1":103281,"2":103281,"3":103281},"b":{},"f":{"1":103281,"2":103280,"3":103281,"4":103281},"fnMap":{"1":{"name":null,"line":16,"loc":{"start":{"line":16,"column":4},"end":{"line":18,"column":4}}},"2":{"name":"_delegate","line":31,"loc":{"start":{"line":31,"column":4},"end":{"line":62,"column":4}}},"3":{"name":"_willFallback","line":69,"loc":{"start":{"line":69,"column":4},"end":{"line":69,"column":47}}},"4":{"name":"_fallback","line":75,"loc":{"start":{"line":75,"column":4},"end":{"line":78,"column":4}}}},"statementMap":{"1":{"start":{"line":17,"column":8},"end":{"line":17,"column":18}},"2":{"start":{"line":76,"column":8},"end":{"line":76,"column":22}},"3":{"start":{"line":77,"column":8},"end":{"line":77,"column":35}}},"branchMap":{}},"contracts/dependencies/openzeppelin/upgradeability/UpgradeabilityProxy.sol":{"l":{"21":0,"25":0,"26":0,"27":0,"28":0},"path":"/Users/kevinyao/Documents/Code/vmex/packages/contracts/contracts/dependencies/openzeppelin/upgradeability/UpgradeabilityProxy.sol","s":{"1":0,"2":0,"3":0,"4":0,"5":0},"b":{"1":[0,0],"2":[0,0]},"f":{"1":0},"fnMap":{"1":{"name":"constructor","line":20,"loc":{"start":{"line":20,"column":4},"end":{"line":30,"column":4}}}},"statementMap":{"1":{"start":{"line":21,"column":8},"end":{"line":21,"column":932}},"2":{"start":{"line":25,"column":8},"end":{"line":25,"column":33}},"3":{"start":{"line":26,"column":8},"end":{"line":26,"column":1110}},"4":{"start":{"line":27,"column":12},"end":{"line":27,"column":57}},"5":{"start":{"line":28,"column":12},"end":{"line":28,"column":27}}},"branchMap":{"1":{"line":26,"type":"if","locations":[{"start":{"line":26,"column":8},"end":{"line":26,"column":8}},{"start":{"line":26,"column":8},"end":{"line":26,"column":8}}]},"2":{"line":28,"type":"if","locations":[{"start":{"line":28,"column":12},"end":{"line":28,"column":12}},{"start":{"line":28,"column":12},"end":{"line":28,"column":12}}]}}},"contracts/interfaces/IAaveIncentivesController.sol":{"l":{},"path":"/Users/kevinyao/Documents/Code/vmex/packages/contracts/contracts/interfaces/IAaveIncentivesController.sol","s":{},"b":{},"f":{},"fnMap":{},"statementMap":{},"branchMap":{}},"contracts/interfaces/IAToken.sol":{"l":{},"path":"/Users/kevinyao/Documents/Code/vmex/packages/contracts/contracts/interfaces/IAToken.sol","s":{},"b":{},"f":{},"fnMap":{},"statementMap":{},"branchMap":{}},"contracts/interfaces/IChainlinkAggregator.sol":{"l":{},"path":"/Users/kevinyao/Documents/Code/vmex/packages/contracts/contracts/interfaces/IChainlinkAggregator.sol","s":{},"b":{},"f":{},"fnMap":{},"statementMap":{},"branchMap":{}},"contracts/interfaces/IChainlinkPriceFeed.sol":{"l":{},"path":"/Users/kevinyao/Documents/Code/vmex/packages/contracts/contracts/interfaces/IChainlinkPriceFeed.sol","s":{},"b":{},"f":{},"fnMap":{},"statementMap":{},"branchMap":{}},"contracts/interfaces/ICreditDelegationToken.sol":{"l":{},"path":"/Users/kevinyao/Documents/Code/vmex/packages/contracts/contracts/interfaces/ICreditDelegationToken.sol","s":{},"b":{},"f":{},"fnMap":{},"statementMap":{},"branchMap":{}},"contracts/interfaces/ICurvePool.sol":{"l":{},"path":"/Users/kevinyao/Documents/Code/vmex/packages/contracts/contracts/interfaces/ICurvePool.sol","s":{},"b":{},"f":{},"fnMap":{},"statementMap":{},"branchMap":{}},"contracts/interfaces/IDelegationToken.sol":{"l":{},"path":"/Users/kevinyao/Documents/Code/vmex/packages/contracts/contracts/interfaces/IDelegationToken.sol","s":{},"b":{},"f":{},"fnMap":{},"statementMap":{},"branchMap":{}},"contracts/interfaces/IERC20WithPermit.sol":{"l":{},"path":"/Users/kevinyao/Documents/Code/vmex/packages/contracts/contracts/interfaces/IERC20WithPermit.sol","s":{},"b":{},"f":{},"fnMap":{},"statementMap":{},"branchMap":{}},"contracts/interfaces/IExchangeAdapter.sol":{"l":{},"path":"/Users/kevinyao/Documents/Code/vmex/packages/contracts/contracts/interfaces/IExchangeAdapter.sol","s":{},"b":{},"f":{},"fnMap":{},"statementMap":{},"branchMap":{}},"contracts/interfaces/IInitializableAToken.sol":{"l":{},"path":"/Users/kevinyao/Documents/Code/vmex/packages/contracts/contracts/interfaces/IInitializableAToken.sol","s":{},"b":{},"f":{},"fnMap":{},"statementMap":{},"branchMap":{}},"contracts/interfaces/IInitializableDebtToken.sol":{"l":{},"path":"/Users/kevinyao/Documents/Code/vmex/packages/contracts/contracts/interfaces/IInitializableDebtToken.sol","s":{},"b":{},"f":{},"fnMap":{},"statementMap":{},"branchMap":{}},"contracts/interfaces/ILendingPool.sol":{"l":{},"path":"/Users/kevinyao/Documents/Code/vmex/packages/contracts/contracts/interfaces/ILendingPool.sol","s":{},"b":{},"f":{},"fnMap":{},"statementMap":{},"branchMap":{}},"contracts/interfaces/ILendingPoolAddressesProvider.sol":{"l":{},"path":"/Users/kevinyao/Documents/Code/vmex/packages/contracts/contracts/interfaces/ILendingPoolAddressesProvider.sol","s":{},"b":{},"f":{},"fnMap":{},"statementMap":{},"branchMap":{}},"contracts/interfaces/ILendingPoolAddressesProviderRegistry.sol":{"l":{},"path":"/Users/kevinyao/Documents/Code/vmex/packages/contracts/contracts/interfaces/ILendingPoolAddressesProviderRegistry.sol","s":{},"b":{},"f":{},"fnMap":{},"statementMap":{},"branchMap":{}},"contracts/interfaces/ILendingPoolCollateralManager.sol":{"l":{},"path":"/Users/kevinyao/Documents/Code/vmex/packages/contracts/contracts/interfaces/ILendingPoolCollateralManager.sol","s":{},"b":{},"f":{},"fnMap":{},"statementMap":{},"branchMap":{}},"contracts/interfaces/ILendingPoolConfigurator.sol":{"l":{},"path":"/Users/kevinyao/Documents/Code/vmex/packages/contracts/contracts/interfaces/ILendingPoolConfigurator.sol","s":{},"b":{},"f":{},"fnMap":{},"statementMap":{},"branchMap":{}},"contracts/interfaces/IParaSwapAugustus.sol":{"l":{},"path":"/Users/kevinyao/Documents/Code/vmex/packages/contracts/contracts/interfaces/IParaSwapAugustus.sol","s":{},"b":{},"f":{},"fnMap":{},"statementMap":{},"branchMap":{}},"contracts/interfaces/IParaSwapAugustusRegistry.sol":{"l":{},"path":"/Users/kevinyao/Documents/Code/vmex/packages/contracts/contracts/interfaces/IParaSwapAugustusRegistry.sol","s":{},"b":{},"f":{},"fnMap":{},"statementMap":{},"branchMap":{}},"contracts/interfaces/IPriceOracle.sol":{"l":{},"path":"/Users/kevinyao/Documents/Code/vmex/packages/contracts/contracts/interfaces/IPriceOracle.sol","s":{},"b":{},"f":{},"fnMap":{},"statementMap":{},"branchMap":{}},"contracts/interfaces/IPriceOracleGetter.sol":{"l":{},"path":"/Users/kevinyao/Documents/Code/vmex/packages/contracts/contracts/interfaces/IPriceOracleGetter.sol","s":{},"b":{},"f":{},"fnMap":{},"statementMap":{},"branchMap":{}},"contracts/interfaces/IReserveInterestRateStrategy.sol":{"l":{},"path":"/Users/kevinyao/Documents/Code/vmex/packages/contracts/contracts/interfaces/IReserveInterestRateStrategy.sol","s":{},"b":{},"f":{},"fnMap":{},"statementMap":{},"branchMap":{}},"contracts/interfaces/IScaledBalanceToken.sol":{"l":{},"path":"/Users/kevinyao/Documents/Code/vmex/packages/contracts/contracts/interfaces/IScaledBalanceToken.sol","s":{},"b":{},"f":{},"fnMap":{},"statementMap":{},"branchMap":{}},"contracts/interfaces/IVariableDebtToken.sol":{"l":{},"path":"/Users/kevinyao/Documents/Code/vmex/packages/contracts/contracts/interfaces/IVariableDebtToken.sol","s":{},"b":{},"f":{},"fnMap":{},"statementMap":{},"branchMap":{}},"contracts/interfaces/IYearnToken.sol":{"l":{},"path":"/Users/kevinyao/Documents/Code/vmex/packages/contracts/contracts/interfaces/IYearnToken.sol","s":{},"b":{},"f":{},"fnMap":{},"statementMap":{},"branchMap":{}},"contracts/misc/AaveProtocolDataProvider.sol":{"l":{"31":3,"39":1,"40":1,"41":1,"42":1,"43":33,"44":0,"48":0,"50":33,"51":0,"55":0,"57":33,"62":1,"70":2,"71":2,"72":2,"73":2,"75":52,"80":52,"85":2,"136":2,"137":2,"141":2,"155":596,"156":596,"160":596,"167":596,"168":596,"170":596,"171":596,"173":596,"179":596,"196":594,"200":594,"227":3762,"231":3762,"235":3762,"238":3762,"240":3762,"243":3762,"244":3762,"255":1149,"259":1149},"path":"/Users/kevinyao/Documents/Code/vmex/packages/contracts/contracts/misc/AaveProtocolDataProvider.sol","s":{"1":3,"2":1,"3":1,"4":1,"5":1,"6":33,"7":0,"8":33,"9":0,"10":33,"11":1,"12":2,"13":2,"14":2,"15":2,"16":52,"17":52,"18":2,"19":2,"20":2,"21":2,"22":596,"23":596,"24":596,"25":596,"26":596,"27":596,"28":596,"29":596,"30":596,"31":594,"32":594,"33":3762,"34":3762,"35":3762,"36":3762,"37":3762,"38":3762,"39":3762,"40":1149,"41":1149},"b":{"1":[0,33],"2":[0,33]},"f":{"1":3,"2":1,"3":2,"4":2,"5":596,"6":594,"7":3762,"8":1149},"fnMap":{"1":{"name":"constructor","line":30,"loc":{"start":{"line":30,"column":4},"end":{"line":32,"column":4}}},"2":{"name":"getAllReservesTokens","line":34,"loc":{"start":{"line":34,"column":4},"end":{"line":63,"column":4}}},"3":{"name":"getAllATokens","line":65,"loc":{"start":{"line":65,"column":4},"end":{"line":86,"column":4}}},"4":{"name":"getReserveFlags","line":127,"loc":{"start":{"line":127,"column":4},"end":{"line":146,"column":4}}},"5":{"name":"getReserveConfigurationData","line":148,"loc":{"start":{"line":148,"column":4},"end":{"line":180,"column":4}}},"6":{"name":"getReserveData","line":182,"loc":{"start":{"line":182,"column":4},"end":{"line":210,"column":4}}},"7":{"name":"getUserReserveData","line":212,"loc":{"start":{"line":212,"column":4},"end":{"line":245,"column":4}}},"8":{"name":"getReserveTokensAddresses","line":247,"loc":{"start":{"line":247,"column":4},"end":{"line":263,"column":4}}}},"statementMap":{"1":{"start":{"line":31,"column":8},"end":{"line":31,"column":45}},"2":{"start":{"line":39,"column":8},"end":{"line":39,"column":77}},"3":{"start":{"line":40,"column":8},"end":{"line":40,"column":67}},"4":{"start":{"line":41,"column":8},"end":{"line":41,"column":76}},"5":{"start":{"line":42,"column":8},"end":{"line":42,"column":1859}},"6":{"start":{"line":43,"column":12},"end":{"line":43,"column":1923}},"7":{"start":{"line":44,"column":16},"end":{"line":44,"column":1970}},"8":{"start":{"line":50,"column":12},"end":{"line":50,"column":2150}},"9":{"start":{"line":51,"column":16},"end":{"line":51,"column":2197}},"10":{"start":{"line":57,"column":12},"end":{"line":57,"column":2378}},"11":{"start":{"line":62,"column":8},"end":{"line":62,"column":29}},"12":{"start":{"line":70,"column":8},"end":{"line":70,"column":77}},"13":{"start":{"line":71,"column":8},"end":{"line":71,"column":67}},"14":{"start":{"line":72,"column":8},"end":{"line":72,"column":69}},"15":{"start":{"line":73,"column":8},"end":{"line":73,"column":2918}},"16":{"start":{"line":75,"column":12},"end":{"line":75,"column":3052}},"17":{"start":{"line":80,"column":12},"end":{"line":80,"column":3199}},"18":{"start":{"line":85,"column":8},"end":{"line":85,"column":22}},"19":{"start":{"line":136,"column":8},"end":{"line":136,"column":78}},"20":{"start":{"line":137,"column":8},"end":{"line":137,"column":4962}},"21":{"start":{"line":141,"column":8},"end":{"line":141,"column":5141}},"22":{"start":{"line":155,"column":8},"end":{"line":155,"column":78}},"23":{"start":{"line":156,"column":8},"end":{"line":156,"column":5553}},"24":{"start":{"line":160,"column":8},"end":{"line":160,"column":5712}},"25":{"start":{"line":167,"column":8},"end":{"line":167,"column":44}},"26":{"start":{"line":168,"column":8},"end":{"line":168,"column":44}},"27":{"start":{"line":170,"column":8},"end":{"line":170,"column":59}},"28":{"start":{"line":171,"column":8},"end":{"line":171,"column":111}},"29":{"start":{"line":173,"column":8},"end":{"line":173,"column":6245}},"30":{"start":{"line":179,"column":8},"end":{"line":179,"column":83}},"31":{"start":{"line":196,"column":8},"end":{"line":196,"column":6936}},"32":{"start":{"line":200,"column":8},"end":{"line":200,"column":7057}},"33":{"start":{"line":227,"column":8},"end":{"line":227,"column":7913}},"34":{"start":{"line":231,"column":8},"end":{"line":231,"column":8072}},"35":{"start":{"line":235,"column":8},"end":{"line":235,"column":8204}},"36":{"start":{"line":238,"column":8},"end":{"line":238,"column":8331}},"37":{"start":{"line":240,"column":8},"end":{"line":240,"column":8443}},"38":{"start":{"line":243,"column":8},"end":{"line":243,"column":51}},"39":{"start":{"line":244,"column":8},"end":{"line":244,"column":76}},"40":{"start":{"line":255,"column":8},"end":{"line":255,"column":8938}},"41":{"start":{"line":259,"column":8},"end":{"line":259,"column":9059}}},"branchMap":{"1":{"line":43,"type":"if","locations":[{"start":{"line":43,"column":12},"end":{"line":43,"column":12}},{"start":{"line":43,"column":12},"end":{"line":43,"column":12}}]},"2":{"line":50,"type":"if","locations":[{"start":{"line":50,"column":12},"end":{"line":50,"column":12}},{"start":{"line":50,"column":12},"end":{"line":50,"column":12}}]}}},"contracts/misc/interfaces/IERC20DetailedBytes.sol":{"l":{},"path":"/Users/kevinyao/Documents/Code/vmex/packages/contracts/contracts/misc/interfaces/IERC20DetailedBytes.sol","s":{},"b":{},"f":{},"fnMap":{},"statementMap":{},"branchMap":{}},"contracts/misc/interfaces/IUniswapV2Router01.sol":{"l":{},"path":"/Users/kevinyao/Documents/Code/vmex/packages/contracts/contracts/misc/interfaces/IUniswapV2Router01.sol","s":{},"b":{},"f":{},"fnMap":{},"statementMap":{},"branchMap":{}},"contracts/misc/interfaces/IUniswapV2Router02.sol":{"l":{},"path":"/Users/kevinyao/Documents/Code/vmex/packages/contracts/contracts/misc/interfaces/IUniswapV2Router02.sol","s":{},"b":{},"f":{},"fnMap":{},"statementMap":{},"branchMap":{}},"contracts/misc/interfaces/IWETH.sol":{"l":{},"path":"/Users/kevinyao/Documents/Code/vmex/packages/contracts/contracts/misc/interfaces/IWETH.sol","s":{},"b":{},"f":{},"fnMap":{},"statementMap":{},"branchMap":{}},"contracts/misc/interfaces/IWETHGateway.sol":{"l":{},"path":"/Users/kevinyao/Documents/Code/vmex/packages/contracts/contracts/misc/interfaces/IWETHGateway.sol","s":{},"b":{},"f":{},"fnMap":{},"statementMap":{},"branchMap":{}},"contracts/misc/WalletBalanceProvider.sol":{"l":{"35":0,"49":0,"50":0,"53":0,"55":0,"69":0,"71":0,"72":0,"73":0,"80":0,"91":0,"95":0,"96":0,"97":0,"98":0,"100":0,"102":0,"104":0,"106":0,"109":0,"116":0,"117":0,"118":0,"120":0,"122":0,"124":0},"path":"/Users/kevinyao/Documents/Code/vmex/packages/contracts/contracts/misc/WalletBalanceProvider.sol","s":{"1":0,"2":0,"3":0,"4":0,"5":0,"6":0,"7":0,"8":0,"9":0,"10":0,"11":0,"12":0,"13":0,"14":0,"15":0,"16":0,"17":0,"18":0,"19":0,"20":0,"21":0,"22":0,"23":0,"24":0,"25":0},"b":{"1":[0,0],"2":[0,0],"3":[0,0],"4":[0,0]},"f":{"1":0,"2":0,"3":0},"fnMap":{"1":{"name":"balanceOf","line":44,"loc":{"start":{"line":44,"column":4},"end":{"line":56,"column":4}}},"2":{"name":"batchBalanceOf","line":64,"loc":{"start":{"line":64,"column":4},"end":{"line":81,"column":4}}},"3":{"name":"getUserWalletBalances","line":86,"loc":{"start":{"line":86,"column":4},"end":{"line":125,"column":4}}}},"statementMap":{"1":{"start":{"line":49,"column":8},"end":{"line":49,"column":1950}},"2":{"start":{"line":50,"column":12},"end":{"line":50,"column":31}},"3":{"start":{"line":52,"column":15},"end":{"line":52,"column":2099}},"4":{"start":{"line":53,"column":12},"end":{"line":53,"column":48}},"5":{"start":{"line":55,"column":8},"end":{"line":55,"column":30}},"6":{"start":{"line":69,"column":8},"end":{"line":69,"column":79}},"7":{"start":{"line":71,"column":8},"end":{"line":71,"column":2750}},"8":{"start":{"line":72,"column":12},"end":{"line":72,"column":2811}},"9":{"start":{"line":73,"column":16},"end":{"line":73,"column":2877}},"10":{"start":{"line":80,"column":8},"end":{"line":80,"column":23}},"11":{"start":{"line":91,"column":8},"end":{"line":91,"column":3331}},"12":{"start":{"line":95,"column":8},"end":{"line":95,"column":67}},"13":{"start":{"line":96,"column":8},"end":{"line":96,"column":77}},"14":{"start":{"line":97,"column":8},"end":{"line":97,"column":3601}},"15":{"start":{"line":98,"column":12},"end":{"line":98,"column":43}},"16":{"start":{"line":100,"column":8},"end":{"line":100,"column":58}},"17":{"start":{"line":102,"column":8},"end":{"line":102,"column":73}},"18":{"start":{"line":104,"column":8},"end":{"line":104,"column":3851}},"19":{"start":{"line":106,"column":12},"end":{"line":106,"column":4036}},"20":{"start":{"line":109,"column":12},"end":{"line":109,"column":4126}},"21":{"start":{"line":116,"column":12},"end":{"line":116,"column":4369}},"22":{"start":{"line":117,"column":16},"end":{"line":117,"column":30}},"23":{"start":{"line":120,"column":12},"end":{"line":120,"column":60}},"24":{"start":{"line":122,"column":8},"end":{"line":122,"column":68}},"25":{"start":{"line":124,"column":8},"end":{"line":124,"column":42}}},"branchMap":{"1":{"line":35,"type":"if","locations":[{"start":{"line":35,"column":8},"end":{"line":35,"column":8}},{"start":{"line":35,"column":8},"end":{"line":35,"column":8}}]},"2":{"line":49,"type":"if","locations":[{"start":{"line":49,"column":8},"end":{"line":49,"column":8}},{"start":{"line":49,"column":8},"end":{"line":49,"column":8}}]},"3":{"line":52,"type":"if","locations":[{"start":{"line":52,"column":15},"end":{"line":52,"column":15}},{"start":{"line":52,"column":15},"end":{"line":52,"column":15}}]},"4":{"line":116,"type":"if","locations":[{"start":{"line":116,"column":12},"end":{"line":116,"column":12}},{"start":{"line":116,"column":12},"end":{"line":116,"column":12}}]}}},"contracts/misc/WETHGateway.sol":{"l":{"26":3,"30":12,"46":42,"47":42,"68":28,"73":28,"74":28,"77":28,"78":14,"80":28,"81":28,"87":25,"88":25,"104":28,"113":28,"115":28,"116":14,"118":28,"122":28,"123":28,"131":22,"132":11,"148":0,"155":0,"156":0,"165":48,"166":36,"181":12,"194":12,"201":0,"208":26,"215":2},"path":"/Users/kevinyao/Documents/Code/vmex/packages/contracts/contracts/misc/WETHGateway.sol","s":{"1":3,"2":12,"3":42,"4":42,"5":28,"6":28,"7":28,"8":28,"9":14,"10":28,"11":28,"12":25,"13":25,"14":28,"15":28,"16":28,"17":14,"18":28,"19":28,"20":28,"21":22,"22":11,"23":0,"24":0,"25":0,"26":48,"27":36,"28":12,"29":12,"30":0,"31":2},"b":{"1":[14,14],"2":[14,14],"3":[28,0],"4":[11,11],"5":[36,0],"6":[25,1]},"f":{"1":3,"2":12,"3":42,"4":28,"5":28,"6":0,"7":48,"8":12,"9":12,"10":0,"11":2},"fnMap":{"1":{"name":"constructor","line":25,"loc":{"start":{"line":25,"column":4},"end":{"line":27,"column":4}}},"2":{"name":"authorizeLendingPool","line":29,"loc":{"start":{"line":29,"column":4},"end":{"line":31,"column":4}}},"3":{"name":"depositETH","line":40,"loc":{"start":{"line":40,"column":4},"end":{"line":54,"column":4}}},"4":{"name":"withdrawETH","line":62,"loc":{"start":{"line":62,"column":4},"end":{"line":89,"column":4}}},"5":{"name":"repayETH","line":98,"loc":{"start":{"line":98,"column":4},"end":{"line":133,"column":4}}},"6":{"name":"borrowETH","line":142,"loc":{"start":{"line":142,"column":4},"end":{"line":157,"column":4}}},"7":{"name":"_safeTransferETH","line":164,"loc":{"start":{"line":164,"column":4},"end":{"line":167,"column":4}}},"8":{"name":"emergencyTokenTransfer","line":180,"loc":{"start":{"line":176,"column":4},"end":{"line":182,"column":4}}},"9":{"name":"emergencyEtherTransfer","line":192,"loc":{"start":{"line":190,"column":4},"end":{"line":195,"column":4}}},"10":{"name":"getWETHAddress","line":200,"loc":{"start":{"line":200,"column":4},"end":{"line":202,"column":4}}},"11":{"name":null,"line":214,"loc":{"start":{"line":214,"column":4},"end":{"line":216,"column":4}}}},"statementMap":{"1":{"start":{"line":26,"column":8},"end":{"line":26,"column":25}},"2":{"start":{"line":30,"column":8},"end":{"line":30,"column":51}},"3":{"start":{"line":46,"column":8},"end":{"line":46,"column":39}},"4":{"start":{"line":47,"column":8},"end":{"line":47,"column":2028}},"5":{"start":{"line":68,"column":8},"end":{"line":68,"column":2645}},"6":{"start":{"line":73,"column":8},"end":{"line":73,"column":57}},"7":{"start":{"line":74,"column":8},"end":{"line":74,"column":41}},"8":{"start":{"line":77,"column":8},"end":{"line":77,"column":3006}},"9":{"start":{"line":78,"column":12},"end":{"line":78,"column":41}},"10":{"start":{"line":80,"column":8},"end":{"line":80,"column":70}},"11":{"start":{"line":81,"column":8},"end":{"line":81,"column":3176}},"12":{"start":{"line":87,"column":8},"end":{"line":87,"column":38}},"13":{"start":{"line":88,"column":8},"end":{"line":88,"column":45}},"14":{"start":{"line":104,"column":8},"end":{"line":104,"column":4048}},"15":{"start":{"line":113,"column":8},"end":{"line":113,"column":44}},"16":{"start":{"line":115,"column":8},"end":{"line":115,"column":4353}},"17":{"start":{"line":116,"column":12},"end":{"line":116,"column":33}},"18":{"start":{"line":118,"column":8},"end":{"line":118,"column":4437}},"19":{"start":{"line":122,"column":8},"end":{"line":122,"column":43}},"20":{"start":{"line":123,"column":8},"end":{"line":123,"column":4605}},"21":{"start":{"line":131,"column":8},"end":{"line":131,"column":4850}},"22":{"start":{"line":132,"column":12},"end":{"line":132,"column":66}},"23":{"start":{"line":148,"column":8},"end":{"line":148,"column":5543}},"24":{"start":{"line":155,"column":8},"end":{"line":155,"column":28}},"25":{"start":{"line":156,"column":8},"end":{"line":156,"column":43}},"26":{"start":{"line":165,"column":8},"end":{"line":165,"column":62}},"27":{"start":{"line":166,"column":8},"end":{"line":166,"column":46}},"28":{"start":{"line":181,"column":8},"end":{"line":181,"column":41}},"29":{"start":{"line":194,"column":8},"end":{"line":194,"column":35}},"30":{"start":{"line":201,"column":8},"end":{"line":201,"column":28}},"31":{"start":{"line":215,"column":8},"end":{"line":215,"column":37}}},"branchMap":{"1":{"line":77,"type":"if","locations":[{"start":{"line":77,"column":8},"end":{"line":77,"column":8}},{"start":{"line":77,"column":8},"end":{"line":77,"column":8}}]},"2":{"line":115,"type":"if","locations":[{"start":{"line":115,"column":8},"end":{"line":115,"column":8}},{"start":{"line":115,"column":8},"end":{"line":115,"column":8}}]},"3":{"line":118,"type":"if","locations":[{"start":{"line":118,"column":8},"end":{"line":118,"column":8}},{"start":{"line":118,"column":8},"end":{"line":118,"column":8}}]},"4":{"line":131,"type":"if","locations":[{"start":{"line":131,"column":8},"end":{"line":131,"column":8}},{"start":{"line":131,"column":8},"end":{"line":131,"column":8}}]},"5":{"line":166,"type":"if","locations":[{"start":{"line":166,"column":8},"end":{"line":166,"column":8}},{"start":{"line":166,"column":8},"end":{"line":166,"column":8}}]},"6":{"line":208,"type":"if","locations":[{"start":{"line":208,"column":8},"end":{"line":208,"column":8}},{"start":{"line":208,"column":8},"end":{"line":208,"column":8}}]}}},"contracts/mocks/attacks/SefldestructTransfer.sol":{"l":{"6":3},"path":"/Users/kevinyao/Documents/Code/vmex/packages/contracts/contracts/mocks/attacks/SefldestructTransfer.sol","s":{"1":3},"b":{},"f":{"1":3},"fnMap":{"1":{"name":"destroyAndTransfer","line":5,"loc":{"start":{"line":5,"column":4},"end":{"line":7,"column":4}}}},"statementMap":{"1":{"start":{"line":6,"column":8},"end":{"line":6,"column":23}}},"branchMap":{}},"contracts/mocks/convex/BaseRewardPool.sol":{"l":{"8":0,"12":0,"16":0,"20":0,"24":0,"28":0,"32":0,"39":0,"43":0,"50":0,"54":0},"path":"/Users/kevinyao/Documents/Code/vmex/packages/contracts/contracts/mocks/convex/BaseRewardPool.sol","s":{"1":0,"2":0,"3":0,"4":0,"5":0,"6":0,"7":0,"8":0,"9":0,"10":0,"11":0},"b":{},"f":{"1":0,"2":0,"3":0,"4":0,"5":0,"6":0,"7":0,"8":0,"9":0,"10":0,"11":0},"fnMap":{"1":{"name":"balanceOf","line":7,"loc":{"start":{"line":7,"column":4},"end":{"line":9,"column":4}}},"2":{"name":"extraRewardsLength","line":11,"loc":{"start":{"line":11,"column":4},"end":{"line":13,"column":4}}},"3":{"name":"earned","line":15,"loc":{"start":{"line":15,"column":4},"end":{"line":17,"column":4}}},"4":{"name":"stake","line":19,"loc":{"start":{"line":19,"column":4},"end":{"line":21,"column":4}}},"5":{"name":"stakeAll","line":23,"loc":{"start":{"line":23,"column":4},"end":{"line":25,"column":4}}},"6":{"name":"withdraw","line":27,"loc":{"start":{"line":27,"column":4},"end":{"line":29,"column":4}}},"7":{"name":"withdrawAll","line":31,"loc":{"start":{"line":31,"column":4},"end":{"line":33,"column":4}}},"8":{"name":"withdrawAndUnwrap","line":35,"loc":{"start":{"line":35,"column":4},"end":{"line":40,"column":4}}},"9":{"name":"withdrawAllAndUnwrap","line":42,"loc":{"start":{"line":42,"column":4},"end":{"line":44,"column":4}}},"10":{"name":"getReward","line":46,"loc":{"start":{"line":46,"column":4},"end":{"line":51,"column":4}}},"11":{"name":"getReward","line":53,"loc":{"start":{"line":53,"column":4},"end":{"line":55,"column":4}}}},"statementMap":{"1":{"start":{"line":8,"column":8},"end":{"line":8,"column":16}},"2":{"start":{"line":12,"column":8},"end":{"line":12,"column":16}},"3":{"start":{"line":16,"column":8},"end":{"line":16,"column":16}},"4":{"start":{"line":20,"column":8},"end":{"line":20,"column":19}},"5":{"start":{"line":24,"column":8},"end":{"line":24,"column":19}},"6":{"start":{"line":28,"column":8},"end":{"line":28,"column":19}},"7":{"start":{"line":32,"column":8},"end":{"line":32,"column":25}},"8":{"start":{"line":39,"column":8},"end":{"line":39,"column":19}},"9":{"start":{"line":43,"column":8},"end":{"line":43,"column":34}},"10":{"start":{"line":50,"column":8},"end":{"line":50,"column":19}},"11":{"start":{"line":54,"column":8},"end":{"line":54,"column":19}}},"branchMap":{}},"contracts/mocks/convex/Booster.sol":{"l":{"25":0,"26":0,"35":0,"40":0,"45":0,"54":0,"61":0},"path":"/Users/kevinyao/Documents/Code/vmex/packages/contracts/contracts/mocks/convex/Booster.sol","s":{"1":0,"2":0,"3":0,"4":0,"5":0,"6":0,"7":0},"b":{},"f":{"1":0,"2":0,"3":0,"4":0,"5":0,"6":0},"fnMap":{"1":{"name":"addPool","line":20,"loc":{"start":{"line":20,"column":4},"end":{"line":27,"column":4}}},"2":{"name":"deposit","line":30,"loc":{"start":{"line":30,"column":4},"end":{"line":36,"column":4}}},"3":{"name":"withdraw","line":39,"loc":{"start":{"line":39,"column":4},"end":{"line":41,"column":4}}},"4":{"name":"withdrawAll","line":44,"loc":{"start":{"line":44,"column":4},"end":{"line":46,"column":4}}},"5":{"name":"withdrawTo","line":49,"loc":{"start":{"line":49,"column":4},"end":{"line":55,"column":4}}},"6":{"name":"claimRewards","line":57,"loc":{"start":{"line":57,"column":4},"end":{"line":62,"column":4}}}},"statementMap":{"1":{"start":{"line":25,"column":8},"end":{"line":25,"column":51}},"2":{"start":{"line":26,"column":8},"end":{"line":26,"column":19}},"3":{"start":{"line":35,"column":8},"end":{"line":35,"column":19}},"4":{"start":{"line":40,"column":8},"end":{"line":40,"column":19}},"5":{"start":{"line":45,"column":8},"end":{"line":45,"column":19}},"6":{"start":{"line":54,"column":8},"end":{"line":54,"column":19}},"7":{"start":{"line":61,"column":8},"end":{"line":61,"column":19}}},"branchMap":{}},"contracts/mocks/convex/CurvePool.sol":{"l":{"6":0,"10":0},"path":"/Users/kevinyao/Documents/Code/vmex/packages/contracts/contracts/mocks/convex/CurvePool.sol","s":{"1":0,"2":0},"b":{},"f":{"1":0,"2":0},"fnMap":{"1":{"name":"coins","line":5,"loc":{"start":{"line":5,"column":4},"end":{"line":7,"column":4}}},"2":{"name":"balances","line":9,"loc":{"start":{"line":9,"column":4},"end":{"line":11,"column":4}}}},"statementMap":{"1":{"start":{"line":6,"column":8},"end":{"line":6,"column":23}},"2":{"start":{"line":10,"column":8},"end":{"line":10,"column":14}}},"branchMap":{}},"contracts/mocks/dependencies/weth/WETH9.sol":{"l":{"33":0,"37":70,"38":70,"42":25,"43":25,"44":25,"45":25,"49":0,"53":105,"54":105,"55":105,"59":288,"67":802,"69":802,"72":444,"73":444,"76":799,"77":795,"79":779,"81":764},"path":"/Users/kevinyao/Documents/Code/vmex/packages/contracts/contracts/mocks/dependencies/weth/WETH9.sol","s":{"1":70,"2":70,"3":25,"4":25,"5":25,"6":25,"7":0,"8":105,"9":105,"10":105,"11":288,"12":802,"13":802,"14":444,"15":444,"16":799,"17":795,"18":779,"19":764},"b":{"1":[25,0],"2":[802,0],"3":[444,355],"4":[444,0]},"f":{"1":70,"2":25,"3":0,"4":105,"5":288,"6":802},"fnMap":{"1":{"name":"deposit","line":36,"loc":{"start":{"line":36,"column":4},"end":{"line":39,"column":4}}},"2":{"name":"withdraw","line":41,"loc":{"start":{"line":41,"column":4},"end":{"line":46,"column":4}}},"3":{"name":"totalSupply","line":48,"loc":{"start":{"line":48,"column":4},"end":{"line":50,"column":4}}},"4":{"name":"approve","line":52,"loc":{"start":{"line":52,"column":4},"end":{"line":56,"column":4}}},"5":{"name":"transfer","line":58,"loc":{"start":{"line":58,"column":4},"end":{"line":60,"column":4}}},"6":{"name":"transferFrom","line":62,"loc":{"start":{"line":62,"column":4},"end":{"line":82,"column":4}}}},"statementMap":{"1":{"start":{"line":37,"column":8},"end":{"line":37,"column":41}},"2":{"start":{"line":38,"column":8},"end":{"line":38,"column":43}},"3":{"start":{"line":42,"column":8},"end":{"line":42,"column":44}},"4":{"start":{"line":43,"column":8},"end":{"line":43,"column":35}},"5":{"start":{"line":44,"column":8},"end":{"line":44,"column":40}},"6":{"start":{"line":45,"column":8},"end":{"line":45,"column":40}},"7":{"start":{"line":49,"column":8},"end":{"line":49,"column":36}},"8":{"start":{"line":53,"column":8},"end":{"line":53,"column":39}},"9":{"start":{"line":54,"column":8},"end":{"line":54,"column":43}},"10":{"start":{"line":55,"column":8},"end":{"line":55,"column":19}},"11":{"start":{"line":59,"column":8},"end":{"line":59,"column":49}},"12":{"start":{"line":67,"column":8},"end":{"line":67,"column":37}},"13":{"start":{"line":69,"column":8},"end":{"line":69,"column":2269}},"14":{"start":{"line":72,"column":12},"end":{"line":72,"column":53}},"15":{"start":{"line":73,"column":12},"end":{"line":73,"column":44}},"16":{"start":{"line":76,"column":8},"end":{"line":76,"column":28}},"17":{"start":{"line":77,"column":8},"end":{"line":77,"column":28}},"18":{"start":{"line":79,"column":8},"end":{"line":79,"column":36}},"19":{"start":{"line":81,"column":8},"end":{"line":81,"column":19}}},"branchMap":{"1":{"line":42,"type":"if","locations":[{"start":{"line":42,"column":8},"end":{"line":42,"column":8}},{"start":{"line":42,"column":8},"end":{"line":42,"column":8}}]},"2":{"line":67,"type":"if","locations":[{"start":{"line":67,"column":8},"end":{"line":67,"column":8}},{"start":{"line":67,"column":8},"end":{"line":67,"column":8}}]},"3":{"line":69,"type":"if","locations":[{"start":{"line":69,"column":8},"end":{"line":69,"column":8}},{"start":{"line":69,"column":8},"end":{"line":69,"column":8}}]},"4":{"line":72,"type":"if","locations":[{"start":{"line":72,"column":12},"end":{"line":72,"column":12}},{"start":{"line":72,"column":12},"end":{"line":72,"column":12}}]}}},"contracts/mocks/oracle/ChainlinkUSDETHOracleI.sol":{"l":{},"path":"/Users/kevinyao/Documents/Code/vmex/packages/contracts/contracts/mocks/oracle/ChainlinkUSDETHOracleI.sol","s":{},"b":{},"f":{},"fnMap":{},"statementMap":{},"branchMap":{}},"contracts/mocks/oracle/CLAggregators/MockAggregator.sol":{"l":{"14":177,"15":177,"19":0,"23":0,"27":0,"31":0,"35":0},"path":"/Users/kevinyao/Documents/Code/vmex/packages/contracts/contracts/mocks/oracle/CLAggregators/MockAggregator.sol","s":{"1":177,"2":177,"3":0,"4":0,"5":0,"6":0,"7":0},"b":{},"f":{"1":177,"2":0,"3":0,"4":0,"5":0,"6":0},"fnMap":{"1":{"name":"constructor","line":13,"loc":{"start":{"line":13,"column":4},"end":{"line":16,"column":4}}},"2":{"name":"latestAnswer","line":18,"loc":{"start":{"line":18,"column":4},"end":{"line":20,"column":4}}},"3":{"name":"latestRoundData","line":22,"loc":{"start":{"line":22,"column":4},"end":{"line":24,"column":4}}},"4":{"name":"aggregator","line":26,"loc":{"start":{"line":26,"column":4},"end":{"line":28,"column":4}}},"5":{"name":"minAnswer","line":30,"loc":{"start":{"line":30,"column":4},"end":{"line":32,"column":4}}},"6":{"name":"maxAnswer","line":34,"loc":{"start":{"line":34,"column":4},"end":{"line":36,"column":4}}}},"statementMap":{"1":{"start":{"line":14,"column":8},"end":{"line":14,"column":37}},"2":{"start":{"line":15,"column":8},"end":{"line":15,"column":62}},"3":{"start":{"line":19,"column":8},"end":{"line":19,"column":28}},"4":{"start":{"line":23,"column":8},"end":{"line":23,"column":29}},"5":{"start":{"line":27,"column":8},"end":{"line":27,"column":28}},"6":{"start":{"line":31,"column":8},"end":{"line":31,"column":29}},"7":{"start":{"line":35,"column":8},"end":{"line":35,"column":34}}},"branchMap":{}},"contracts/mocks/oracle/GenericOracleI.sol":{"l":{},"path":"/Users/kevinyao/Documents/Code/vmex/packages/contracts/contracts/mocks/oracle/GenericOracleI.sol","s":{},"b":{},"f":{},"fnMap":{},"statementMap":{},"branchMap":{}},"contracts/mocks/oracle/IExtendedPriceAggregator.sol":{"l":{},"path":"/Users/kevinyao/Documents/Code/vmex/packages/contracts/contracts/mocks/oracle/IExtendedPriceAggregator.sol","s":{},"b":{},"f":{},"fnMap":{},"statementMap":{},"branchMap":{}},"contracts/mocks/oracle/PriceOracle.sol":{"l":{"19":4765,"23":198,"24":198,"28":0,"32":3,"33":3},"path":"/Users/kevinyao/Documents/Code/vmex/packages/contracts/contracts/mocks/oracle/PriceOracle.sol","s":{"1":4765,"2":198,"3":198,"4":0,"5":3,"6":3},"b":{},"f":{"1":4765,"2":198,"3":0,"4":3},"fnMap":{"1":{"name":"getAssetPrice","line":13,"loc":{"start":{"line":13,"column":4},"end":{"line":20,"column":4}}},"2":{"name":"setAssetPrice","line":22,"loc":{"start":{"line":22,"column":4},"end":{"line":25,"column":4}}},"3":{"name":"getEthUsdPrice","line":27,"loc":{"start":{"line":27,"column":4},"end":{"line":29,"column":4}}},"4":{"name":"setEthUsdPrice","line":31,"loc":{"start":{"line":31,"column":4},"end":{"line":34,"column":4}}}},"statementMap":{"1":{"start":{"line":19,"column":8},"end":{"line":19,"column":29}},"2":{"start":{"line":23,"column":8},"end":{"line":23,"column":30}},"3":{"start":{"line":24,"column":8},"end":{"line":24,"column":63}},"4":{"start":{"line":28,"column":8},"end":{"line":28,"column":26}},"5":{"start":{"line":32,"column":8},"end":{"line":32,"column":27}},"6":{"start":{"line":33,"column":8},"end":{"line":33,"column":53}}},"branchMap":{}},"contracts/mocks/tokens/CurvePoolMocked.sol":{"l":{"15":0,"16":0,"18":0,"22":0},"path":"/Users/kevinyao/Documents/Code/vmex/packages/contracts/contracts/mocks/tokens/CurvePoolMocked.sol","s":{"1":0,"2":0,"3":0,"4":0},"b":{"1":[0,0]},"f":{"1":0,"2":0},"fnMap":{"1":{"name":"constructor","line":14,"loc":{"start":{"line":14,"column":4},"end":{"line":19,"column":4}}},"2":{"name":"get_virtual_price","line":21,"loc":{"start":{"line":21,"column":4},"end":{"line":23,"column":4}}}},"statementMap":{"1":{"start":{"line":15,"column":8},"end":{"line":15,"column":335}},"2":{"start":{"line":16,"column":12},"end":{"line":16,"column":47}},"3":{"start":{"line":18,"column":8},"end":{"line":18,"column":37}},"4":{"start":{"line":22,"column":8},"end":{"line":22,"column":28}}},"branchMap":{"1":{"line":15,"type":"if","locations":[{"start":{"line":15,"column":8},"end":{"line":15,"column":8}},{"start":{"line":15,"column":8},"end":{"line":15,"column":8}}]}}},"contracts/mocks/tokens/MintableDelegationERC20.sol":{"l":{"18":0,"27":0,"28":0,"32":0},"path":"/Users/kevinyao/Documents/Code/vmex/packages/contracts/contracts/mocks/tokens/MintableDelegationERC20.sol","s":{"1":0,"2":0,"3":0,"4":0},"b":{},"f":{"1":0,"2":0,"3":0},"fnMap":{"1":{"name":"constructor","line":17,"loc":{"start":{"line":13,"column":4},"end":{"line":19,"column":4}}},"2":{"name":"mint","line":26,"loc":{"start":{"line":26,"column":4},"end":{"line":29,"column":4}}},"3":{"name":"delegate","line":31,"loc":{"start":{"line":31,"column":4},"end":{"line":33,"column":4}}}},"statementMap":{"1":{"start":{"line":18,"column":8},"end":{"line":18,"column":31}},"2":{"start":{"line":27,"column":8},"end":{"line":27,"column":31}},"3":{"start":{"line":28,"column":8},"end":{"line":28,"column":19}},"4":{"start":{"line":32,"column":8},"end":{"line":32,"column":35}}},"branchMap":{}},"contracts/mocks/tokens/MintableERC20.sol":{"l":{"16":174,"25":201,"26":201},"path":"/Users/kevinyao/Documents/Code/vmex/packages/contracts/contracts/mocks/tokens/MintableERC20.sol","s":{"1":174,"2":201,"3":201},"b":{},"f":{"1":174,"2":201},"fnMap":{"1":{"name":"constructor","line":15,"loc":{"start":{"line":11,"column":4},"end":{"line":17,"column":4}}},"2":{"name":"mint","line":24,"loc":{"start":{"line":24,"column":4},"end":{"line":27,"column":4}}}},"statementMap":{"1":{"start":{"line":16,"column":8},"end":{"line":16,"column":31}},"2":{"start":{"line":25,"column":8},"end":{"line":25,"column":33}},"3":{"start":{"line":26,"column":8},"end":{"line":26,"column":19}}},"branchMap":{}},"contracts/mocks/tokens/WETH9Mocked.sol":{"l":{"9":96,"10":96},"path":"/Users/kevinyao/Documents/Code/vmex/packages/contracts/contracts/mocks/tokens/WETH9Mocked.sol","s":{"1":96,"2":96},"b":{},"f":{"1":96},"fnMap":{"1":{"name":"mint","line":8,"loc":{"start":{"line":8,"column":4},"end":{"line":11,"column":4}}}},"statementMap":{"1":{"start":{"line":9,"column":8},"end":{"line":9,"column":37}},"2":{"start":{"line":10,"column":8},"end":{"line":10,"column":52}}},"branchMap":{}},"contracts/mocks/tokens/YearnTokenMocked.sol":{"l":{"20":15,"21":15,"25":50,"29":0},"path":"/Users/kevinyao/Documents/Code/vmex/packages/contracts/contracts/mocks/tokens/YearnTokenMocked.sol","s":{"1":15,"2":15,"3":50,"4":0},"b":{},"f":{"1":15,"2":50,"3":0},"fnMap":{"1":{"name":"constructor","line":19,"loc":{"start":{"line":14,"column":4},"end":{"line":22,"column":4}}},"2":{"name":"pricePerShare","line":24,"loc":{"start":{"line":24,"column":4},"end":{"line":26,"column":4}}},"3":{"name":"setPricePerShare","line":28,"loc":{"start":{"line":28,"column":4},"end":{"line":30,"column":4}}}},"statementMap":{"1":{"start":{"line":20,"column":8},"end":{"line":20,"column":30}},"2":{"start":{"line":21,"column":8},"end":{"line":21,"column":30}},"3":{"start":{"line":25,"column":8},"end":{"line":25,"column":29}},"4":{"start":{"line":29,"column":8},"end":{"line":29,"column":29}}},"branchMap":{}},"contracts/mocks/upgradeability/MockAToken.sol":{"l":{"12":26,"16":1},"path":"/Users/kevinyao/Documents/Code/vmex/packages/contracts/contracts/mocks/upgradeability/MockAToken.sol","s":{"1":26,"2":1},"b":{},"f":{"1":26,"2":1},"fnMap":{"1":{"name":"getRevision","line":11,"loc":{"start":{"line":11,"column":4},"end":{"line":13,"column":4}}},"2":{"name":"newFunction","line":15,"loc":{"start":{"line":15,"column":4},"end":{"line":17,"column":4}}}},"statementMap":{"1":{"start":{"line":12,"column":8},"end":{"line":12,"column":18}},"2":{"start":{"line":16,"column":8},"end":{"line":16,"column":16}}},"branchMap":{}},"contracts/mocks/upgradeability/MockVariableDebtToken.sol":{"l":{"10":26,"14":1},"path":"/Users/kevinyao/Documents/Code/vmex/packages/contracts/contracts/mocks/upgradeability/MockVariableDebtToken.sol","s":{"1":26,"2":1},"b":{},"f":{"1":26,"2":1},"fnMap":{"1":{"name":"getRevision","line":9,"loc":{"start":{"line":9,"column":4},"end":{"line":11,"column":4}}},"2":{"name":"newFunction","line":13,"loc":{"start":{"line":13,"column":4},"end":{"line":15,"column":4}}}},"statementMap":{"1":{"start":{"line":10,"column":8},"end":{"line":10,"column":18}},"2":{"start":{"line":14,"column":8},"end":{"line":14,"column":16}}},"branchMap":{}},"contracts/protocol/configuration/LendingPoolAddressesProvider.sol":{"l":{"60":3,"61":3,"62":3,"66":313,"70":0,"74":3,"75":3,"83":0,"92":9,"105":26,"113":0,"121":0,"138":13,"139":11,"153":3,"154":3,"162":22966,"175":650,"183":9882,"192":13,"193":11,"201":153,"210":3,"211":3,"219":153,"229":3,"230":3,"243":4372,"256":13,"257":11,"273":96,"285":3,"286":3,"299":241,"308":3,"322":650,"331":0,"336":0,"337":0,"347":26,"352":26,"356":26,"357":26,"365":325,"373":3,"374":3,"387":2508,"399":3,"400":3,"413":55,"415":55,"417":55,"420":55,"421":55,"424":55,"425":51,"426":47,"428":0,"433":3,"434":3,"442":1833,"450":13,"451":11,"455":3063,"459":0,"460":0},"path":"/Users/kevinyao/Documents/Code/vmex/packages/contracts/contracts/protocol/configuration/LendingPoolAddressesProvider.sol","s":{"1":3,"2":3,"3":3,"4":313,"5":0,"6":3,"7":3,"8":0,"9":9,"10":26,"11":0,"12":0,"13":13,"14":11,"15":3,"16":3,"17":22964,"18":650,"19":9882,"20":13,"21":11,"22":153,"23":3,"24":3,"25":153,"26":3,"27":3,"28":4372,"29":13,"30":11,"31":96,"32":3,"33":3,"34":241,"35":3,"36":650,"37":0,"38":0,"39":0,"40":26,"41":26,"42":26,"43":26,"44":325,"45":3,"46":3,"47":2508,"48":3,"49":3,"50":55,"51":55,"52":55,"53":55,"54":55,"55":55,"56":51,"57":47,"58":0,"59":3,"60":3,"61":1833,"62":13,"63":11,"64":3063,"65":0,"66":0},"b":{"1":[0,0],"2":[26,0],"3":[26,0],"4":[55,0]},"f":{"1":3,"2":313,"3":0,"4":3,"5":0,"6":9,"7":26,"8":0,"9":0,"10":13,"11":3,"12":22966,"13":650,"14":9882,"15":13,"16":153,"17":3,"18":153,"19":3,"20":4372,"21":13,"22":96,"23":3,"24":241,"25":3,"26":650,"27":0,"28":26,"29":325,"30":3,"31":2508,"32":3,"33":55,"34":3,"35":1833,"36":13,"37":3063,"38":0},"fnMap":{"1":{"name":"constructor","line":59,"loc":{"start":{"line":59,"column":4},"end":{"line":63,"column":4}}},"2":{"name":"getVMEXTreasury","line":65,"loc":{"start":{"line":65,"column":4},"end":{"line":67,"column":4}}},"3":{"name":"setVMEXTreasury","line":69,"loc":{"start":{"line":69,"column":4},"end":{"line":71,"column":4}}},"4":{"name":"_setVMEXTreasury","line":73,"loc":{"start":{"line":73,"column":4},"end":{"line":76,"column":4}}},"5":{"name":"setPermissionlessTranches","line":82,"loc":{"start":{"line":82,"column":4},"end":{"line":84,"column":4}}},"6":{"name":"addWhitelistedAddress","line":91,"loc":{"start":{"line":91,"column":4},"end":{"line":93,"column":4}}},"7":{"name":"isWhitelistedAddress","line":99,"loc":{"start":{"line":99,"column":4},"end":{"line":106,"column":4}}},"8":{"name":"getMarketId","line":112,"loc":{"start":{"line":112,"column":4},"end":{"line":114,"column":4}}},"9":{"name":"setMarketId","line":120,"loc":{"start":{"line":120,"column":4},"end":{"line":122,"column":4}}},"10":{"name":"setAddressAsProxy","line":136,"loc":{"start":{"line":133,"column":4},"end":{"line":140,"column":4}}},"11":{"name":"setAddress","line":151,"loc":{"start":{"line":148,"column":4},"end":{"line":155,"column":4}}},"12":{"name":"getAddress","line":161,"loc":{"start":{"line":161,"column":4},"end":{"line":163,"column":4}}},"13":{"name":"getAddressTranche","line":169,"loc":{"start":{"line":169,"column":4},"end":{"line":176,"column":4}}},"14":{"name":"getLendingPool","line":182,"loc":{"start":{"line":182,"column":4},"end":{"line":184,"column":4}}},"15":{"name":"setLendingPoolImpl","line":191,"loc":{"start":{"line":191,"column":4},"end":{"line":194,"column":4}}},"16":{"name":"getAToken","line":200,"loc":{"start":{"line":200,"column":4},"end":{"line":202,"column":4}}},"17":{"name":"setATokenImpl","line":209,"loc":{"start":{"line":209,"column":4},"end":{"line":212,"column":4}}},"18":{"name":"getVariableDebtToken","line":218,"loc":{"start":{"line":218,"column":4},"end":{"line":220,"column":4}}},"19":{"name":"setVariableDebtToken","line":227,"loc":{"start":{"line":227,"column":4},"end":{"line":231,"column":4}}},"20":{"name":"getLendingPoolConfigurator","line":237,"loc":{"start":{"line":237,"column":4},"end":{"line":244,"column":4}}},"21":{"name":"setLendingPoolConfiguratorImpl","line":254,"loc":{"start":{"line":251,"column":4},"end":{"line":258,"column":4}}},"22":{"name":"getLendingPoolCollateralManager","line":267,"loc":{"start":{"line":267,"column":4},"end":{"line":274,"column":4}}},"23":{"name":"setLendingPoolCollateralManager","line":283,"loc":{"start":{"line":280,"column":4},"end":{"line":287,"column":4}}},"24":{"name":"getGlobalAdmin","line":298,"loc":{"start":{"line":298,"column":4},"end":{"line":300,"column":4}}},"25":{"name":"setGlobalAdmin","line":307,"loc":{"start":{"line":307,"column":4},"end":{"line":309,"column":4}}},"26":{"name":"getTrancheAdmin","line":316,"loc":{"start":{"line":316,"column":4},"end":{"line":323,"column":4}}},"27":{"name":"setTrancheAdmin","line":330,"loc":{"start":{"line":330,"column":4},"end":{"line":338,"column":4}}},"28":{"name":"addTrancheAdmin","line":345,"loc":{"start":{"line":345,"column":4},"end":{"line":358,"column":4}}},"29":{"name":"getEmergencyAdmin","line":364,"loc":{"start":{"line":364,"column":4},"end":{"line":366,"column":4}}},"30":{"name":"setEmergencyAdmin","line":372,"loc":{"start":{"line":372,"column":4},"end":{"line":375,"column":4}}},"31":{"name":"getPriceOracle","line":381,"loc":{"start":{"line":381,"column":4},"end":{"line":388,"column":4}}},"32":{"name":"setPriceOracle","line":397,"loc":{"start":{"line":394,"column":4},"end":{"line":401,"column":4}}},"33":{"name":"_updateImpl","line":412,"loc":{"start":{"line":412,"column":4},"end":{"line":430,"column":4}}},"34":{"name":"_setMarketId","line":432,"loc":{"start":{"line":432,"column":4},"end":{"line":435,"column":4}}},"35":{"name":"getAssetMappings","line":441,"loc":{"start":{"line":441,"column":4},"end":{"line":443,"column":4}}},"36":{"name":"setAssetMappingsImpl","line":449,"loc":{"start":{"line":449,"column":4},"end":{"line":452,"column":4}}},"37":{"name":"getIncentivesController","line":454,"loc":{"start":{"line":454,"column":4},"end":{"line":456,"column":4}}},"38":{"name":"setIncentivesController","line":458,"loc":{"start":{"line":458,"column":4},"end":{"line":461,"column":4}}}},"statementMap":{"1":{"start":{"line":60,"column":8},"end":{"line":60,"column":29}},"2":{"start":{"line":61,"column":8},"end":{"line":61,"column":37}},"3":{"start":{"line":62,"column":8},"end":{"line":62,"column":67}},"4":{"start":{"line":66,"column":8},"end":{"line":66,"column":48}},"5":{"start":{"line":70,"column":8},"end":{"line":70,"column":28}},"6":{"start":{"line":74,"column":8},"end":{"line":74,"column":46}},"7":{"start":{"line":75,"column":8},"end":{"line":75,"column":37}},"8":{"start":{"line":83,"column":8},"end":{"line":83,"column":35}},"9":{"start":{"line":92,"column":8},"end":{"line":92,"column":37}},"10":{"start":{"line":105,"column":8},"end":{"line":105,"column":65}},"11":{"start":{"line":113,"column":8},"end":{"line":113,"column":24}},"12":{"start":{"line":121,"column":8},"end":{"line":121,"column":29}
[...]
t":{"line":336,"column":8},"end":{"line":336,"column":8}}]},"8":{"line":445,"type":"if","locations":[{"start":{"line":445,"column":8},"end":{"line":445,"column":8}},{"start":{"line":445,"column":8},"end":{"line":445,"column":8}}]},"9":{"line":447,"type":"if","locations":[{"start":{"line":447,"column":8},"end":{"line":447,"column":8}},{"start":{"line":447,"column":8},"end":{"line":447,"column":8}}]},"10":{"line":465,"type":"if","locations":[{"start":{"line":465,"column":8},"end":{"line":465,"column":8}},{"start":{"line":465,"column":8},"end":{"line":465,"column":8}}]},"11":{"line":497,"type":"if","locations":[{"start":{"line":497,"column":8},"end":{"line":497,"column":8}},{"start":{"line":497,"column":8},"end":{"line":497,"column":8}}]}}},"contracts/protocol/tokenization/base/DebtTokenBase.sol":{"l":{"35":752,"39":750,"53":0,"54":0,"74":0,"87":0,"88":0,"89":0,"99":0,"100":0,"101":0,"110":0,"111":0,"112":0,"120":0,"121":0,"122":0,"123":0,"132":0,"133":0,"134":0,"143":0,"144":0,"145":0,"153":0,"159":0,"161":0},"path":"/Users/kevinyao/Documents/Code/vmex/packages/contracts/contracts/protocol/tokenization/base/DebtTokenBase.sol","s":{"1":752,"2":0,"3":0,"4":0,"5":0,"6":0,"7":0,"8":0,"9":0,"10":0,"11":0,"12":0,"13":0},"b":{"1":[750,2]},"f":{"1":752,"2":0,"3":0,"4":0,"5":0,"6":0,"7":0,"8":0,"9":0,"10":0},"fnMap":{"1":{"name":"onlyLendingPool","line":34,"loc":{"start":{"line":34,"column":4},"end":{"line":40,"column":4}}},"2":{"name":"approveDelegation","line":49,"loc":{"start":{"line":49,"column":4},"end":{"line":60,"column":4}}},"3":{"name":"borrowAllowance","line":68,"loc":{"start":{"line":68,"column":4},"end":{"line":75,"column":4}}},"4":{"name":"transfer","line":81,"loc":{"start":{"line":81,"column":4},"end":{"line":90,"column":4}}},"5":{"name":"allowance","line":92,"loc":{"start":{"line":92,"column":4},"end":{"line":102,"column":4}}},"6":{"name":"approve","line":104,"loc":{"start":{"line":104,"column":4},"end":{"line":113,"column":4}}},"7":{"name":"transferFrom","line":115,"loc":{"start":{"line":115,"column":4},"end":{"line":124,"column":4}}},"8":{"name":"increaseAllowance","line":126,"loc":{"start":{"line":126,"column":4},"end":{"line":135,"column":4}}},"9":{"name":"decreaseAllowance","line":137,"loc":{"start":{"line":137,"column":4},"end":{"line":146,"column":4}}},"10":{"name":"_decreaseBorrowAllowance","line":148,"loc":{"start":{"line":148,"column":4},"end":{"line":167,"column":4}}}},"statementMap":{"1":{"start":{"line":35,"column":8},"end":{"line":35,"column":1079}},"2":{"start":{"line":53,"column":8},"end":{"line":53,"column":58}},"3":{"start":{"line":54,"column":8},"end":{"line":54,"column":1771}},"4":{"start":{"line":74,"column":8},"end":{"line":74,"column":50}},"5":{"start":{"line":89,"column":8},"end":{"line":89,"column":39}},"6":{"start":{"line":101,"column":8},"end":{"line":101,"column":40}},"7":{"start":{"line":112,"column":8},"end":{"line":112,"column":39}},"8":{"start":{"line":123,"column":8},"end":{"line":123,"column":39}},"9":{"start":{"line":134,"column":8},"end":{"line":134,"column":40}},"10":{"start":{"line":145,"column":8},"end":{"line":145,"column":40}},"11":{"start":{"line":153,"column":8},"end":{"line":153,"column":4038}},"12":{"start":{"line":159,"column":8},"end":{"line":159,"column":61}},"13":{"start":{"line":161,"column":8},"end":{"line":161,"column":4278}}},"branchMap":{"1":{"line":35,"type":"if","locations":[{"start":{"line":35,"column":8},"end":{"line":35,"column":8}},{"start":{"line":35,"column":8},"end":{"line":35,"column":8}}]}}},"contracts/protocol/tokenization/DelegationAwareAToken.sol":{"l":{"16":0,"21":0,"29":0},"path":"/Users/kevinyao/Documents/Code/vmex/packages/contracts/contracts/protocol/tokenization/DelegationAwareAToken.sol","s":{"1":0,"2":0},"b":{"1":[0,0]},"f":{"1":0,"2":0},"fnMap":{"1":{"name":"onlyGlobalAdmin","line":15,"loc":{"start":{"line":15,"column":4},"end":{"line":22,"column":4}}},"2":{"name":"delegateUnderlyingTo","line":28,"loc":{"start":{"line":28,"column":4},"end":{"line":30,"column":4}}}},"statementMap":{"1":{"start":{"line":16,"column":8},"end":{"line":16,"column":598}},"2":{"start":{"line":29,"column":8},"end":{"line":29,"column":61}}},"branchMap":{"1":{"line":16,"type":"if","locations":[{"start":{"line":16,"column":8},"end":{"line":16,"column":8}},{"start":{"line":16,"column":8},"end":{"line":16,"column":8}}]}}},"contracts/protocol/tokenization/IncentivizedERC20.sol":{"l":{"35":15,"36":15,"37":15,"44":9,"51":52,"58":1,"65":7744,"78":22764,"103":45,"104":31,"105":31,"121":5,"135":24,"136":23,"151":28,"152":28,"160":28,"161":28,"175":0,"180":0,"194":0,"202":0,"210":103,"211":103,"213":103,"215":103,"216":103,"220":103,"221":103,"223":103,"224":0,"225":0,"230":0,"231":0,"241":2221,"243":2221,"245":2221,"246":2221,"248":2221,"249":2221,"251":2221,"252":0,"261":740,"263":740,"265":740,"266":740,"268":739,"269":739,"274":739,"275":0,"288":77,"289":77,"291":77,"292":75,"296":1491,"300":1489,"304":1489},"path":"/Users/kevinyao/Documents/Code/vmex/packages/contracts/contracts/protocol/tokenization/IncentivizedERC20.sol","s":{"1":15,"2":15,"3":15,"4":9,"5":52,"6":1,"7":7744,"8":22764,"9":45,"10":31,"11":31,"12":5,"13":24,"14":23,"15":28,"16":28,"17":28,"18":28,"19":0,"20":0,"21":0,"22":0,"23":103,"24":103,"25":103,"26":103,"27":103,"28":103,"29":103,"30":103,"31":0,"32":0,"33":0,"34":0,"35":2221,"36":2221,"37":2221,"38":2221,"39":2221,"40":2221,"41":2221,"42":0,"43":740,"44":740,"45":740,"46":740,"47":739,"48":739,"49":739,"50":0,"51":77,"52":77,"53":77,"54":75,"55":1491,"56":1489,"57":1489},"b":{"1":[103,0],"2":[103,0],"3":[0,103],"4":[0,0],"5":[2221,0],"6":[0,2217],"7":[740,0],"8":[0,735],"9":[77,0],"10":[77,0]},"f":{"1":15,"2":9,"3":52,"4":1,"5":7744,"6":22764,"7":45,"8":5,"9":24,"10":28,"11":0,"12":0,"13":103,"14":2221,"15":740,"16":77,"17":1491,"18":1489,"19":1489,"20":3064},"fnMap":{"1":{"name":"constructor","line":30,"loc":{"start":{"line":30,"column":4},"end":{"line":38,"column":4}}},"2":{"name":"name","line":43,"loc":{"start":{"line":43,"column":4},"end":{"line":45,"column":4}}},"3":{"name":"symbol","line":50,"loc":{"start":{"line":50,"column":4},"end":{"line":52,"column":4}}},"4":{"name":"decimals","line":57,"loc":{"start":{"line":57,"column":4},"end":{"line":59,"column":4}}},"5":{"name":"totalSupply","line":64,"loc":{"start":{"line":64,"column":4},"end":{"line":66,"column":4}}},"6":{"name":"balanceOf","line":71,"loc":{"start":{"line":71,"column":4},"end":{"line":79,"column":4}}},"7":{"name":"transfer","line":97,"loc":{"start":{"line":97,"column":4},"end":{"line":106,"column":4}}},"8":{"name":"allowance","line":114,"loc":{"start":{"line":114,"column":4},"end":{"line":122,"column":4}}},"9":{"name":"approve","line":129,"loc":{"start":{"line":129,"column":4},"end":{"line":137,"column":4}}},"10":{"name":"transferFrom","line":146,"loc":{"start":{"line":146,"column":4},"end":{"line":162,"column":4}}},"11":{"name":"increaseAllowance","line":170,"loc":{"start":{"line":170,"column":4},"end":{"line":181,"column":4}}},"12":{"name":"decreaseAllowance","line":189,"loc":{"start":{"line":189,"column":4},"end":{"line":203,"column":4}}},"13":{"name":"_transfer","line":205,"loc":{"start":{"line":205,"column":4},"end":{"line":238,"column":4}}},"14":{"name":"_mint","line":240,"loc":{"start":{"line":240,"column":4},"end":{"line":258,"column":4}}},"15":{"name":"_burn","line":260,"loc":{"start":{"line":260,"column":4},"end":{"line":281,"column":4}}},"16":{"name":"_approve","line":283,"loc":{"start":{"line":283,"column":4},"end":{"line":293,"column":4}}},"17":{"name":"_setName","line":295,"loc":{"start":{"line":295,"column":4},"end":{"line":297,"column":4}}},"18":{"name":"_setSymbol","line":299,"loc":{"start":{"line":299,"column":4},"end":{"line":301,"column":4}}},"19":{"name":"_setDecimals","line":303,"loc":{"start":{"line":303,"column":4},"end":{"line":305,"column":4}}},"20":{"name":"_beforeTokenTransfer","line":307,"loc":{"start":{"line":307,"column":4},"end":{"line":311,"column":24}}}},"statementMap":{"1":{"start":{"line":35,"column":8},"end":{"line":35,"column":21}},"2":{"start":{"line":36,"column":8},"end":{"line":36,"column":25}},"3":{"start":{"line":37,"column":8},"end":{"line":37,"column":29}},"4":{"start":{"line":44,"column":8},"end":{"line":44,"column":20}},"5":{"start":{"line":51,"column":8},"end":{"line":51,"column":22}},"6":{"start":{"line":58,"column":8},"end":{"line":58,"column":24}},"7":{"start":{"line":65,"column":8},"end":{"line":65,"column":27}},"8":{"start":{"line":78,"column":8},"end":{"line":78,"column":33}},"9":{"start":{"line":103,"column":8},"end":{"line":103,"column":49}},"10":{"start":{"line":104,"column":8},"end":{"line":104,"column":54}},"11":{"start":{"line":105,"column":8},"end":{"line":105,"column":19}},"12":{"start":{"line":121,"column":8},"end":{"line":121,"column":42}},"13":{"start":{"line":135,"column":8},"end":{"line":135,"column":46}},"14":{"start":{"line":136,"column":8},"end":{"line":136,"column":19}},"15":{"start":{"line":151,"column":8},"end":{"line":151,"column":43}},"16":{"start":{"line":152,"column":8},"end":{"line":152,"column":4323}},"17":{"start":{"line":160,"column":8},"end":{"line":160,"column":48}},"18":{"start":{"line":161,"column":8},"end":{"line":161,"column":19}},"19":{"start":{"line":175,"column":8},"end":{"line":175,"column":5006}},"20":{"start":{"line":180,"column":8},"end":{"line":180,"column":19}},"21":{"start":{"line":194,"column":8},"end":{"line":194,"column":5570}},"22":{"start":{"line":202,"column":8},"end":{"line":202,"column":19}},"23":{"start":{"line":210,"column":8},"end":{"line":210,"column":77}},"24":{"start":{"line":211,"column":8},"end":{"line":211,"column":78}},"25":{"start":{"line":213,"column":8},"end":{"line":213,"column":54}},"26":{"start":{"line":215,"column":8},"end":{"line":215,"column":52}},"27":{"start":{"line":216,"column":8},"end":{"line":216,"column":6226}},"28":{"start":{"line":220,"column":8},"end":{"line":220,"column":58}},"29":{"start":{"line":221,"column":8},"end":{"line":221,"column":62}},"30":{"start":{"line":223,"column":8},"end":{"line":223,"column":6486}},"31":{"start":{"line":224,"column":12},"end":{"line":224,"column":53}},"32":{"start":{"line":225,"column":12},"end":{"line":225,"column":6614}},"33":{"start":{"line":230,"column":12},"end":{"line":230,"column":6775}},"34":{"start":{"line":231,"column":16},"end":{"line":231,"column":6822}},"35":{"start":{"line":241,"column":8},"end":{"line":241,"column":72}},"36":{"start":{"line":243,"column":8},"end":{"line":243,"column":56}},"37":{"start":{"line":245,"column":8},"end":{"line":245,"column":45}},"38":{"start":{"line":246,"column":8},"end":{"line":246,"column":48}},"39":{"start":{"line":248,"column":8},"end":{"line":248,"column":54}},"40":{"start":{"line":249,"column":8},"end":{"line":249,"column":57}},"41":{"start":{"line":251,"column":8},"end":{"line":251,"column":7447}},"42":{"start":{"line":252,"column":12},"end":{"line":252,"column":7520}},"43":{"start":{"line":261,"column":8},"end":{"line":261,"column":74}},"44":{"start":{"line":263,"column":8},"end":{"line":263,"column":56}},"45":{"start":{"line":265,"column":8},"end":{"line":265,"column":45}},"46":{"start":{"line":266,"column":8},"end":{"line":266,"column":48}},"47":{"start":{"line":268,"column":8},"end":{"line":268,"column":54}},"48":{"start":{"line":269,"column":8},"end":{"line":269,"column":8052}},"49":{"start":{"line":274,"column":8},"end":{"line":274,"column":8185}},"50":{"start":{"line":275,"column":12},"end":{"line":275,"column":8258}},"51":{"start":{"line":288,"column":8},"end":{"line":288,"column":75}},"52":{"start":{"line":289,"column":8},"end":{"line":289,"column":75}},"53":{"start":{"line":291,"column":8},"end":{"line":291,"column":43}},"54":{"start":{"line":292,"column":8},"end":{"line":292,"column":45}},"55":{"start":{"line":296,"column":8},"end":{"line":296,"column":22}},"56":{"start":{"line":300,"column":8},"end":{"line":300,"column":26}},"57":{"start":{"line":304,"column":8},"end":{"line":304,"column":30}}},"branchMap":{"1":{"line":210,"type":"if","locations":[{"start":{"line":210,"column":8},"end":{"line":210,"column":8}},{"start":{"line":210,"column":8},"end":{"line":210,"column":8}}]},"2":{"line":211,"type":"if","locations":[{"start":{"line":211,"column":8},"end":{"line":211,"column":8}},{"start":{"line":211,"column":8},"end":{"line":211,"column":8}}]},"3":{"line":223,"type":"if","locations":[{"start":{"line":223,"column":8},"end":{"line":223,"column":8}},{"start":{"line":223,"column":8},"end":{"line":223,"column":8}}]},"4":{"line":230,"type":"if","locations":[{"start":{"line":230,"column":12},"end":{"line":230,"column":12}},{"start":{"line":230,"column":12},"end":{"line":230,"column":12}}]},"5":{"line":241,"type":"if","locations":[{"start":{"line":241,"column":8},"end":{"line":241,"column":8}},{"start":{"line":241,"column":8},"end":{"line":241,"column":8}}]},"6":{"line":251,"type":"if","locations":[{"start":{"line":251,"column":8},"end":{"line":251,"column":8}},{"start":{"line":251,"column":8},"end":{"line":251,"column":8}}]},"7":{"line":261,"type":"if","locations":[{"start":{"line":261,"column":8},"end":{"line":261,"column":8}},{"start":{"line":261,"column":8},"end":{"line":261,"column":8}}]},"8":{"line":274,"type":"if","locations":[{"start":{"line":274,"column":8},"end":{"line":274,"column":8}},{"start":{"line":274,"column":8},"end":{"line":274,"column":8}}]},"9":{"line":288,"type":"if","locations":[{"start":{"line":288,"column":8},"end":{"line":288,"column":8}},{"start":{"line":288,"column":8},"end":{"line":288,"column":8}}]},"10":{"line":289,"type":"if","locations":[{"start":{"line":289,"column":8},"end":{"line":289,"column":8}},{"start":{"line":289,"column":8},"end":{"line":289,"column":8}}]}}},"contracts/protocol/tokenization/VariableDebtToken.sol":{"l":{"44":741,"45":741,"52":741,"60":740,"61":739,"62":739,"64":730,"65":730,"66":729,"67":729,"69":726,"85":715,"99":7723,"101":7723,"102":6831,"105":892,"130":437,"131":0,"134":437,"135":437,"136":437,"138":437,"140":437,"141":437,"143":437,"158":313,"159":313,"161":313,"163":313,"164":313,"178":3762,"186":913,"206":5244,"221":0,"228":0,"240":0,"247":0,"256":750,"265":0,"269":752},"path":"/Users/kevinyao/Documents/Code/vmex/packages/contracts/contracts/protocol/tokenization/VariableDebtToken.sol","s":{"1":741,"2":741,"3":741,"4":740,"5":739,"6":739,"7":730,"8":730,"9":729,"10":729,"11":726,"12":715,"13":7723,"14":7723,"15":6831,"16":892,"17":437,"18":0,"19":437,"20":437,"21":437,"22":437,"23":437,"24":437,"25":437,"26":313,"27":313,"28":313,"29":313,"30":313,"31":3762,"32":913,"33":5244,"34":0,"35":0,"36":0,"37":0,"38":750,"39":0,"40":752},"b":{"1":[6831,892],"2":[0,437],"3":[437,0],"4":[313,0]},"f":{"1":741,"2":715,"3":7723,"4":437,"5":313,"6":3762,"7":913,"8":5244,"9":0,"10":0,"11":0,"12":0,"13":750,"14":0,"15":752},"fnMap":{"1":{"name":"initialize","line":42,"loc":{"start":{"line":37,"column":4},"end":{"line":78,"column":4}}},"2":{"name":"getRevision","line":84,"loc":{"start":{"line":84,"column":4},"end":{"line":86,"column":4}}},"3":{"name":"balanceOf","line":92,"loc":{"start":{"line":92,"column":4},"end":{"line":112,"column":4}}},"4":{"name":"mint","line":129,"loc":{"start":{"line":124,"column":4},"end":{"line":144,"column":4}}},"5":{"name":"burn","line":157,"loc":{"start":{"line":153,"column":4},"end":{"line":165,"column":4}}},"6":{"name":"scaledBalanceOf","line":171,"loc":{"start":{"line":171,"column":4},"end":{"line":179,"column":4}}},"7":{"name":"totalSupply","line":185,"loc":{"start":{"line":185,"column":4},"end":{"line":193,"column":4}}},"8":{"name":"scaledTotalSupply","line":199,"loc":{"start":{"line":199,"column":4},"end":{"line":207,"column":4}}},"9":{"name":"getScaledUserBalanceAndSupply","line":215,"loc":{"start":{"line":215,"column":4},"end":{"line":222,"column":4}}},"10":{"name":"UNDERLYING_ASSET_ADDRESS","line":227,"loc":{"start":{"line":227,"column":4},"end":{"line":229,"column":4}}},"11":{"name":"getIncentivesController","line":234,"loc":{"start":{"line":234,"column":4},"end":{"line":241,"column":4}}},"12":{"name":"POOL","line":246,"loc":{"start":{"line":246,"column":4},"end":{"line":248,"column":4}}},"13":{"name":"_getIncentivesController","line":250,"loc":{"start":{"line":250,"column":4},"end":{"line":257,"column":4}}},"14":{"name":"_getUnderlyingAssetAddress","line":259,"loc":{"start":{"line":259,"column":4},"end":{"line":266,"column":4}}},"15":{"name":"_getLendingPool","line":268,"loc":{"start":{"line":268,"column":4},"end":{"line":270,"column":4}}}},"statementMap":{"1":{"start":{"line":44,"column":8},"end":{"line":44,"column":76}},"2":{"start":{"line":45,"column":8},"end":{"line":45,"column":1902}},"3":{"start":{"line":52,"column":8},"end":{"line":52,"column":2185}},"4":{"start":{"line":60,"column":8},"end":{"line":60,"column":30}},"5":{"start":{"line":61,"column":8},"end":{"line":61,"column":34}},"6":{"start":{"line":62,"column":8},"end":{"line":62,"column":38}},"7":{"start":{"line":64,"column":8},"end":{"line":64,"column":19}},"8":{"start":{"line":65,"column":8},"end":{"line":65,"column":41}},"9":{"start":{"line":66,"column":8},"end":{"line":66,"column":27}},"10":{"start":{"line":67,"column":8},"end":{"line":67,"column":45}},"11":{"start":{"line":69,"column":8},"end":{"line":69,"column":2707}},"12":{"start":{"line":85,"column":8},"end":{"line":85,"column":34}},"13":{"start":{"line":99,"column":8},"end":{"line":99,"column":53}},"14":{"start":{"line":101,"column":8},"end":{"line":101,"column":3530}},"15":{"start":{"line":102,"column":12},"end":{"line":102,"column":20}},"16":{"start":{"line":105,"column":8},"end":{"line":105,"column":3602}},"17":{"start":{"line":130,"column":8},"end":{"line":130,"column":4495}},"18":{"start":{"line":131,"column":12},"end":{"line":131,"column":61}},"19":{"start":{"line":134,"column":8},"end":{"line":134,"column":61}},"20":{"start":{"line":135,"column":8},"end":{"line":135,"column":51}},"21":{"start":{"line":136,"column":8},"end":{"line":136,"column":64}},"22":{"start":{"line":138,"column":8},"end":{"line":138,"column":38}},"23":{"start":{"line":140,"column":8},"end":{"line":140,"column":53}},"24":{"start":{"line":141,"column":8},"end":{"line":141,"column":50}},"25":{"start":{"line":143,"column":8},"end":{"line":143,"column":35}},"26":{"start":{"line":158,"column":8},"end":{"line":158,"column":51}},"27":{"start":{"line":159,"column":8},"end":{"line":159,"column":64}},"28":{"start":{"line":161,"column":8},"end":{"line":161,"column":32}},"29":{"start":{"line":163,"column":8},"end":{"line":163,"column":47}},"30":{"start":{"line":164,"column":8},"end":{"line":164,"column":38}},"31":{"start":{"line":178,"column":8},"end":{"line":178,"column":36}},"32":{"start":{"line":186,"column":8},"end":{"line":186,"column":6203}},"33":{"start":{"line":206,"column":8},"end":{"line":206,"column":34}},"34":{"start":{"line":221,"column":8},"end":{"line":221,"column":59}},"35":{"start":{"line":228,"column":8},"end":{"line":228,"column":31}},"36":{"start":{"line":240,"column":8},"end":{"line":240,"column":41}},"37":{"start":{"line":247,"column":8},"end":{"line":247,"column":20}},"38":{"start":{"line":256,"column":8},"end":{"line":256,"column":86}},"39":{"start":{"line":265,"column":8},"end":{"line":265,"column":31}},"40":{"start":{"line":269,"column":8},"end":{"line":269,"column":20}}},"branchMap":{"1":{"line":101,"type":"if","locations":[{"start":{"line":101,"column":8},"end":{"line":101,"column":8}},{"start":{"line":101,"column":8},"end":{"line":101,"column":8}}]},"2":{"line":130,"type":"if","locations":[{"start":{"line":130,"column":8},"end":{"line":130,"column":8}},{"start":{"line":130,"column":8},"end":{"line":130,"column":8}}]},"3":{"line":136,"type":"if","locations":[{"start":{"line":136,"column":8},"end":{"line":136,"column":8}},{"start":{"line":136,"column":8},"end":{"line":136,"column":8}}]},"4":{"line":159,"type":"if","locations":[{"start":{"line":159,"column":8},"end":{"line":159,"column":8}},{"start":{"line":159,"column":8},"end":{"line":159,"column":8}}]}}}}